[2024-11-28T10:00:11.614+0000] {taskinstance.py:1165} INFO - Dependencies all met for <TaskInstance: tutorial.templated scheduled__2024-11-26T00:00:00+00:00 [queued]>
[2024-11-28T10:00:11.621+0000] {taskinstance.py:1165} INFO - Dependencies all met for <TaskInstance: tutorial.templated scheduled__2024-11-26T00:00:00+00:00 [queued]>
[2024-11-28T10:00:11.622+0000] {taskinstance.py:1362} INFO - 
--------------------------------------------------------------------------------
[2024-11-28T10:00:11.622+0000] {taskinstance.py:1363} INFO - Starting attempt 1 of 2
[2024-11-28T10:00:11.622+0000] {taskinstance.py:1364} INFO - 
--------------------------------------------------------------------------------
[2024-11-28T10:00:11.632+0000] {taskinstance.py:1383} INFO - Executing <Task(BashOperator): templated> on 2024-11-26 00:00:00+00:00
[2024-11-28T10:00:11.635+0000] {standard_task_runner.py:55} INFO - Started process 166 to run task
[2024-11-28T10:00:11.637+0000] {standard_task_runner.py:82} INFO - Running: ['***', 'tasks', 'run', 'tutorial', 'templated', 'scheduled__2024-11-26T00:00:00+00:00', '--job-id', '37', '--raw', '--subdir', 'DAGS_FOLDER/tuto.py', '--cfg-path', '/tmp/tmpfrg53erg']
[2024-11-28T10:00:11.637+0000] {standard_task_runner.py:83} INFO - Job 37: Subtask templated
[2024-11-28T10:00:11.676+0000] {task_command.py:376} INFO - Running <TaskInstance: tutorial.templated scheduled__2024-11-26T00:00:00+00:00 [running]> on host 9b39abdef527
[2024-11-28T10:00:11.722+0000] {taskinstance.py:1592} INFO - Exporting the following env vars:
AIRFLOW_CTX_DAG_EMAIL=***@***.com
AIRFLOW_CTX_DAG_OWNER=***
AIRFLOW_CTX_DAG_ID=tutorial
AIRFLOW_CTX_TASK_ID=templated
AIRFLOW_CTX_EXECUTION_DATE=2024-11-26T00:00:00+00:00
AIRFLOW_CTX_TRY_NUMBER=1
AIRFLOW_CTX_DAG_RUN_ID=scheduled__2024-11-26T00:00:00+00:00
[2024-11-28T10:00:11.722+0000] {subprocess.py:63} INFO - Tmp dir root location: 
 /tmp
[2024-11-28T10:00:11.723+0000] {subprocess.py:75} INFO - Running command: ['/bin/bash', '-c', '\n    \n        echo "2024-11-26"\n        echo "2024-12-03"\n        echo "Parameter I passed in"\n    \n        echo "2024-11-26"\n        echo "2024-12-03"\n        echo "Parameter I passed in"\n    \n        echo "2024-11-26"\n        echo "2024-12-03"\n        echo "Parameter I passed in"\n    \n        echo "2024-11-26"\n        echo "2024-12-03"\n        echo "Parameter I passed in"\n    \n        echo "2024-11-26"\n        echo "2024-12-03"\n        echo "Parameter I passed in"\n    ']
[2024-11-28T10:00:11.727+0000] {subprocess.py:86} INFO - Output:
[2024-11-28T10:00:11.728+0000] {subprocess.py:93} INFO - 2024-11-26
[2024-11-28T10:00:11.728+0000] {subprocess.py:93} INFO - 2024-12-03
[2024-11-28T10:00:11.729+0000] {subprocess.py:93} INFO - Parameter I passed in
[2024-11-28T10:00:11.729+0000] {subprocess.py:93} INFO - 2024-11-26
[2024-11-28T10:00:11.729+0000] {subprocess.py:93} INFO - 2024-12-03
[2024-11-28T10:00:11.729+0000] {subprocess.py:93} INFO - Parameter I passed in
[2024-11-28T10:00:11.729+0000] {subprocess.py:93} INFO - 2024-11-26
[2024-11-28T10:00:11.729+0000] {subprocess.py:93} INFO - 2024-12-03
[2024-11-28T10:00:11.729+0000] {subprocess.py:93} INFO - Parameter I passed in
[2024-11-28T10:00:11.729+0000] {subprocess.py:93} INFO - 2024-11-26
[2024-11-28T10:00:11.729+0000] {subprocess.py:93} INFO - 2024-12-03
[2024-11-28T10:00:11.729+0000] {subprocess.py:93} INFO - Parameter I passed in
[2024-11-28T10:00:11.729+0000] {subprocess.py:93} INFO - 2024-11-26
[2024-11-28T10:00:11.729+0000] {subprocess.py:93} INFO - 2024-12-03
[2024-11-28T10:00:11.729+0000] {subprocess.py:93} INFO - Parameter I passed in
[2024-11-28T10:00:11.729+0000] {subprocess.py:97} INFO - Command exited with return code 0
[2024-11-28T10:00:11.742+0000] {taskinstance.py:1406} INFO - Marking task as SUCCESS. dag_id=tutorial, task_id=templated, execution_date=20241126T000000, start_date=20241128T100011, end_date=20241128T100011
[2024-11-28T10:00:11.775+0000] {local_task_job.py:164} INFO - Task exited with return code 0
[2024-11-28T10:00:11.791+0000] {local_task_job.py:273} INFO - 0 downstream tasks scheduled from follow-on schedule check
