[2024-11-28T10:00:08.731+0000] {taskinstance.py:1165} INFO - Dependencies all met for <TaskInstance: tutorial.print_date scheduled__2024-11-23T00:00:00+00:00 [queued]>
[2024-11-28T10:00:08.778+0000] {taskinstance.py:1165} INFO - Dependencies all met for <TaskInstance: tutorial.print_date scheduled__2024-11-23T00:00:00+00:00 [queued]>
[2024-11-28T10:00:08.779+0000] {taskinstance.py:1362} INFO - 
--------------------------------------------------------------------------------
[2024-11-28T10:00:08.783+0000] {taskinstance.py:1363} INFO - Starting attempt 1 of 2
[2024-11-28T10:00:08.784+0000] {taskinstance.py:1364} INFO - 
--------------------------------------------------------------------------------
[2024-11-28T10:00:08.825+0000] {taskinstance.py:1383} INFO - Executing <Task(BashOperator): print_date> on 2024-11-23 00:00:00+00:00
[2024-11-28T10:00:08.835+0000] {standard_task_runner.py:55} INFO - Started process 102 to run task
[2024-11-28T10:00:08.841+0000] {standard_task_runner.py:82} INFO - Running: ['***', 'tasks', 'run', 'tutorial', 'print_date', 'scheduled__2024-11-23T00:00:00+00:00', '--job-id', '14', '--raw', '--subdir', 'DAGS_FOLDER/tuto.py', '--cfg-path', '/tmp/tmpw0d7vblm']
[2024-11-28T10:00:08.842+0000] {standard_task_runner.py:83} INFO - Job 14: Subtask print_date
[2024-11-28T10:00:08.938+0000] {task_command.py:376} INFO - Running <TaskInstance: tutorial.print_date scheduled__2024-11-23T00:00:00+00:00 [running]> on host 9b39abdef527
[2024-11-28T10:00:09.068+0000] {taskinstance.py:1592} INFO - Exporting the following env vars:
AIRFLOW_CTX_DAG_EMAIL=***@***.com
AIRFLOW_CTX_DAG_OWNER=***
AIRFLOW_CTX_DAG_ID=tutorial
AIRFLOW_CTX_TASK_ID=print_date
AIRFLOW_CTX_EXECUTION_DATE=2024-11-23T00:00:00+00:00
AIRFLOW_CTX_TRY_NUMBER=1
AIRFLOW_CTX_DAG_RUN_ID=scheduled__2024-11-23T00:00:00+00:00
[2024-11-28T10:00:09.071+0000] {subprocess.py:63} INFO - Tmp dir root location: 
 /tmp
[2024-11-28T10:00:09.072+0000] {subprocess.py:75} INFO - Running command: ['/bin/bash', '-c', 'date']
[2024-11-28T10:00:09.094+0000] {subprocess.py:86} INFO - Output:
[2024-11-28T10:00:09.097+0000] {subprocess.py:93} INFO - Thu Nov 28 10:00:09 UTC 2024
[2024-11-28T10:00:09.100+0000] {subprocess.py:97} INFO - Command exited with return code 0
[2024-11-28T10:00:09.158+0000] {taskinstance.py:1406} INFO - Marking task as SUCCESS. dag_id=tutorial, task_id=print_date, execution_date=20241123T000000, start_date=20241128T100008, end_date=20241128T100009
[2024-11-28T10:00:09.212+0000] {local_task_job.py:164} INFO - Task exited with return code 0
[2024-11-28T10:00:09.277+0000] {local_task_job.py:273} INFO - 2 downstream tasks scheduled from follow-on schedule check
