[2024-11-28T10:00:08.112+0000] {taskinstance.py:1165} INFO - Dependencies all met for <TaskInstance: tutorial.templated scheduled__2024-11-17T00:00:00+00:00 [queued]>
[2024-11-28T10:00:08.164+0000] {taskinstance.py:1165} INFO - Dependencies all met for <TaskInstance: tutorial.templated scheduled__2024-11-17T00:00:00+00:00 [queued]>
[2024-11-28T10:00:08.169+0000] {taskinstance.py:1362} INFO - 
--------------------------------------------------------------------------------
[2024-11-28T10:00:08.169+0000] {taskinstance.py:1363} INFO - Starting attempt 1 of 2
[2024-11-28T10:00:08.170+0000] {taskinstance.py:1364} INFO - 
--------------------------------------------------------------------------------
[2024-11-28T10:00:08.203+0000] {taskinstance.py:1383} INFO - Executing <Task(BashOperator): templated> on 2024-11-17 00:00:00+00:00
[2024-11-28T10:00:08.230+0000] {standard_task_runner.py:55} INFO - Started process 90 to run task
[2024-11-28T10:00:08.233+0000] {standard_task_runner.py:82} INFO - Running: ['***', 'tasks', 'run', 'tutorial', 'templated', 'scheduled__2024-11-17T00:00:00+00:00', '--job-id', '12', '--raw', '--subdir', 'DAGS_FOLDER/tuto.py', '--cfg-path', '/tmp/tmpku6xyvrw']
[2024-11-28T10:00:08.246+0000] {standard_task_runner.py:83} INFO - Job 12: Subtask templated
[2024-11-28T10:00:08.436+0000] {task_command.py:376} INFO - Running <TaskInstance: tutorial.templated scheduled__2024-11-17T00:00:00+00:00 [running]> on host 9b39abdef527
[2024-11-28T10:00:08.635+0000] {taskinstance.py:1592} INFO - Exporting the following env vars:
AIRFLOW_CTX_DAG_EMAIL=***@***.com
AIRFLOW_CTX_DAG_OWNER=***
AIRFLOW_CTX_DAG_ID=tutorial
AIRFLOW_CTX_TASK_ID=templated
AIRFLOW_CTX_EXECUTION_DATE=2024-11-17T00:00:00+00:00
AIRFLOW_CTX_TRY_NUMBER=1
AIRFLOW_CTX_DAG_RUN_ID=scheduled__2024-11-17T00:00:00+00:00
[2024-11-28T10:00:08.636+0000] {subprocess.py:63} INFO - Tmp dir root location: 
 /tmp
[2024-11-28T10:00:08.639+0000] {subprocess.py:75} INFO - Running command: ['/bin/bash', '-c', '\n    \n        echo "2024-11-17"\n        echo "2024-11-24"\n        echo "Parameter I passed in"\n    \n        echo "2024-11-17"\n        echo "2024-11-24"\n        echo "Parameter I passed in"\n    \n        echo "2024-11-17"\n        echo "2024-11-24"\n        echo "Parameter I passed in"\n    \n        echo "2024-11-17"\n        echo "2024-11-24"\n        echo "Parameter I passed in"\n    \n        echo "2024-11-17"\n        echo "2024-11-24"\n        echo "Parameter I passed in"\n    ']
[2024-11-28T10:00:08.659+0000] {subprocess.py:86} INFO - Output:
[2024-11-28T10:00:08.664+0000] {subprocess.py:93} INFO - 2024-11-17
[2024-11-28T10:00:08.664+0000] {subprocess.py:93} INFO - 2024-11-24
[2024-11-28T10:00:08.664+0000] {subprocess.py:93} INFO - Parameter I passed in
[2024-11-28T10:00:08.664+0000] {subprocess.py:93} INFO - 2024-11-17
[2024-11-28T10:00:08.665+0000] {subprocess.py:93} INFO - 2024-11-24
[2024-11-28T10:00:08.665+0000] {subprocess.py:93} INFO - Parameter I passed in
[2024-11-28T10:00:08.665+0000] {subprocess.py:93} INFO - 2024-11-17
[2024-11-28T10:00:08.665+0000] {subprocess.py:93} INFO - 2024-11-24
[2024-11-28T10:00:08.665+0000] {subprocess.py:93} INFO - Parameter I passed in
[2024-11-28T10:00:08.666+0000] {subprocess.py:93} INFO - 2024-11-17
[2024-11-28T10:00:08.666+0000] {subprocess.py:93} INFO - 2024-11-24
[2024-11-28T10:00:08.667+0000] {subprocess.py:93} INFO - Parameter I passed in
[2024-11-28T10:00:08.667+0000] {subprocess.py:93} INFO - 2024-11-17
[2024-11-28T10:00:08.667+0000] {subprocess.py:93} INFO - 2024-11-24
[2024-11-28T10:00:08.669+0000] {subprocess.py:93} INFO - Parameter I passed in
[2024-11-28T10:00:08.671+0000] {subprocess.py:97} INFO - Command exited with return code 0
[2024-11-28T10:00:08.754+0000] {taskinstance.py:1406} INFO - Marking task as SUCCESS. dag_id=tutorial, task_id=templated, execution_date=20241117T000000, start_date=20241128T100008, end_date=20241128T100008
[2024-11-28T10:00:08.813+0000] {local_task_job.py:164} INFO - Task exited with return code 0
[2024-11-28T10:00:08.850+0000] {local_task_job.py:273} INFO - 0 downstream tasks scheduled from follow-on schedule check
