[2024-11-28T10:00:07.612+0000] {taskinstance.py:1165} INFO - Dependencies all met for <TaskInstance: tutorial.print_date scheduled__2024-11-19T00:00:00+00:00 [queued]>
[2024-11-28T10:00:07.621+0000] {taskinstance.py:1165} INFO - Dependencies all met for <TaskInstance: tutorial.print_date scheduled__2024-11-19T00:00:00+00:00 [queued]>
[2024-11-28T10:00:07.622+0000] {taskinstance.py:1362} INFO - 
--------------------------------------------------------------------------------
[2024-11-28T10:00:07.623+0000] {taskinstance.py:1363} INFO - Starting attempt 1 of 2
[2024-11-28T10:00:07.624+0000] {taskinstance.py:1364} INFO - 
--------------------------------------------------------------------------------
[2024-11-28T10:00:07.635+0000] {taskinstance.py:1383} INFO - Executing <Task(BashOperator): print_date> on 2024-11-19 00:00:00+00:00
[2024-11-28T10:00:07.638+0000] {standard_task_runner.py:55} INFO - Started process 72 to run task
[2024-11-28T10:00:07.641+0000] {standard_task_runner.py:82} INFO - Running: ['***', 'tasks', 'run', 'tutorial', 'print_date', 'scheduled__2024-11-19T00:00:00+00:00', '--job-id', '7', '--raw', '--subdir', 'DAGS_FOLDER/tuto.py', '--cfg-path', '/tmp/tmp2hwtno8b']
[2024-11-28T10:00:07.641+0000] {standard_task_runner.py:83} INFO - Job 7: Subtask print_date
[2024-11-28T10:00:07.698+0000] {task_command.py:376} INFO - Running <TaskInstance: tutorial.print_date scheduled__2024-11-19T00:00:00+00:00 [running]> on host 9b39abdef527
[2024-11-28T10:00:07.790+0000] {taskinstance.py:1592} INFO - Exporting the following env vars:
AIRFLOW_CTX_DAG_EMAIL=***@***.com
AIRFLOW_CTX_DAG_OWNER=***
AIRFLOW_CTX_DAG_ID=tutorial
AIRFLOW_CTX_TASK_ID=print_date
AIRFLOW_CTX_EXECUTION_DATE=2024-11-19T00:00:00+00:00
AIRFLOW_CTX_TRY_NUMBER=1
AIRFLOW_CTX_DAG_RUN_ID=scheduled__2024-11-19T00:00:00+00:00
[2024-11-28T10:00:07.795+0000] {subprocess.py:63} INFO - Tmp dir root location: 
 /tmp
[2024-11-28T10:00:07.797+0000] {subprocess.py:75} INFO - Running command: ['/bin/bash', '-c', 'date']
[2024-11-28T10:00:07.808+0000] {subprocess.py:86} INFO - Output:
[2024-11-28T10:00:07.814+0000] {subprocess.py:93} INFO - Thu Nov 28 10:00:07 UTC 2024
[2024-11-28T10:00:07.814+0000] {subprocess.py:97} INFO - Command exited with return code 0
[2024-11-28T10:00:07.853+0000] {taskinstance.py:1406} INFO - Marking task as SUCCESS. dag_id=tutorial, task_id=print_date, execution_date=20241119T000000, start_date=20241128T100007, end_date=20241128T100007
[2024-11-28T10:00:07.904+0000] {local_task_job.py:164} INFO - Task exited with return code 0
[2024-11-28T10:00:07.931+0000] {local_task_job.py:273} INFO - 2 downstream tasks scheduled from follow-on schedule check
