[2024-11-28T10:00:08.674+0000] {taskinstance.py:1165} INFO - Dependencies all met for <TaskInstance: tutorial.templated scheduled__2024-11-18T00:00:00+00:00 [queued]>
[2024-11-28T10:00:08.693+0000] {taskinstance.py:1165} INFO - Dependencies all met for <TaskInstance: tutorial.templated scheduled__2024-11-18T00:00:00+00:00 [queued]>
[2024-11-28T10:00:08.695+0000] {taskinstance.py:1362} INFO - 
--------------------------------------------------------------------------------
[2024-11-28T10:00:08.696+0000] {taskinstance.py:1363} INFO - Starting attempt 1 of 2
[2024-11-28T10:00:08.698+0000] {taskinstance.py:1364} INFO - 
--------------------------------------------------------------------------------
[2024-11-28T10:00:08.738+0000] {taskinstance.py:1383} INFO - Executing <Task(BashOperator): templated> on 2024-11-18 00:00:00+00:00
[2024-11-28T10:00:08.744+0000] {standard_task_runner.py:55} INFO - Started process 97 to run task
[2024-11-28T10:00:08.747+0000] {standard_task_runner.py:82} INFO - Running: ['***', 'tasks', 'run', 'tutorial', 'templated', 'scheduled__2024-11-18T00:00:00+00:00', '--job-id', '13', '--raw', '--subdir', 'DAGS_FOLDER/tuto.py', '--cfg-path', '/tmp/tmpbs67bt06']
[2024-11-28T10:00:08.754+0000] {standard_task_runner.py:83} INFO - Job 13: Subtask templated
[2024-11-28T10:00:08.868+0000] {task_command.py:376} INFO - Running <TaskInstance: tutorial.templated scheduled__2024-11-18T00:00:00+00:00 [running]> on host 9b39abdef527
[2024-11-28T10:00:09.005+0000] {taskinstance.py:1592} INFO - Exporting the following env vars:
AIRFLOW_CTX_DAG_EMAIL=***@***.com
AIRFLOW_CTX_DAG_OWNER=***
AIRFLOW_CTX_DAG_ID=tutorial
AIRFLOW_CTX_TASK_ID=templated
AIRFLOW_CTX_EXECUTION_DATE=2024-11-18T00:00:00+00:00
AIRFLOW_CTX_TRY_NUMBER=1
AIRFLOW_CTX_DAG_RUN_ID=scheduled__2024-11-18T00:00:00+00:00
[2024-11-28T10:00:09.010+0000] {subprocess.py:63} INFO - Tmp dir root location: 
 /tmp
[2024-11-28T10:00:09.015+0000] {subprocess.py:75} INFO - Running command: ['/bin/bash', '-c', '\n    \n        echo "2024-11-18"\n        echo "2024-11-25"\n        echo "Parameter I passed in"\n    \n        echo "2024-11-18"\n        echo "2024-11-25"\n        echo "Parameter I passed in"\n    \n        echo "2024-11-18"\n        echo "2024-11-25"\n        echo "Parameter I passed in"\n    \n        echo "2024-11-18"\n        echo "2024-11-25"\n        echo "Parameter I passed in"\n    \n        echo "2024-11-18"\n        echo "2024-11-25"\n        echo "Parameter I passed in"\n    ']
[2024-11-28T10:00:09.050+0000] {subprocess.py:86} INFO - Output:
[2024-11-28T10:00:09.059+0000] {subprocess.py:93} INFO - 2024-11-18
[2024-11-28T10:00:09.062+0000] {subprocess.py:93} INFO - 2024-11-25
[2024-11-28T10:00:09.066+0000] {subprocess.py:93} INFO - Parameter I passed in
[2024-11-28T10:00:09.068+0000] {subprocess.py:93} INFO - 2024-11-18
[2024-11-28T10:00:09.069+0000] {subprocess.py:93} INFO - 2024-11-25
[2024-11-28T10:00:09.074+0000] {subprocess.py:93} INFO - Parameter I passed in
[2024-11-28T10:00:09.077+0000] {subprocess.py:93} INFO - 2024-11-18
[2024-11-28T10:00:09.082+0000] {subprocess.py:93} INFO - 2024-11-25
[2024-11-28T10:00:09.085+0000] {subprocess.py:93} INFO - Parameter I passed in
[2024-11-28T10:00:09.087+0000] {subprocess.py:93} INFO - 2024-11-18
[2024-11-28T10:00:09.091+0000] {subprocess.py:93} INFO - 2024-11-25
[2024-11-28T10:00:09.092+0000] {subprocess.py:93} INFO - Parameter I passed in
[2024-11-28T10:00:09.095+0000] {subprocess.py:93} INFO - 2024-11-18
[2024-11-28T10:00:09.097+0000] {subprocess.py:93} INFO - 2024-11-25
[2024-11-28T10:00:09.103+0000] {subprocess.py:93} INFO - Parameter I passed in
[2024-11-28T10:00:09.117+0000] {subprocess.py:97} INFO - Command exited with return code 0
[2024-11-28T10:00:09.189+0000] {taskinstance.py:1406} INFO - Marking task as SUCCESS. dag_id=tutorial, task_id=templated, execution_date=20241118T000000, start_date=20241128T100008, end_date=20241128T100009
[2024-11-28T10:00:09.244+0000] {local_task_job.py:164} INFO - Task exited with return code 0
[2024-11-28T10:00:09.276+0000] {local_task_job.py:273} INFO - 0 downstream tasks scheduled from follow-on schedule check
