[2024-11-28T10:59:36.781+0000] {processor.py:154} INFO - Started process (PID=89) to work on /opt/airflow/dags/snowflake_dag.py
[2024-11-28T10:59:36.784+0000] {processor.py:756} INFO - Processing file /opt/airflow/dags/snowflake_dag.py for tasks to queue
[2024-11-28T10:59:36.787+0000] {logging_mixin.py:120} INFO - [2024-11-28T10:59:36.787+0000] {dagbag.py:537} INFO - Filling up the DagBag from /opt/airflow/dags/snowflake_dag.py
[2024-11-28T10:59:36.890+0000] {processor.py:766} INFO - DAG(s) dict_keys(['snowflake_demo_dag']) retrieved from /opt/airflow/dags/snowflake_dag.py
[2024-11-28T10:59:37.086+0000] {logging_mixin.py:120} INFO - [2024-11-28T10:59:37.086+0000] {manager.py:507} INFO - Created Permission View: can read on DAG:snowflake_demo_dag
[2024-11-28T10:59:37.098+0000] {logging_mixin.py:120} INFO - [2024-11-28T10:59:37.097+0000] {manager.py:507} INFO - Created Permission View: can delete on DAG:snowflake_demo_dag
[2024-11-28T10:59:37.109+0000] {logging_mixin.py:120} INFO - [2024-11-28T10:59:37.109+0000] {manager.py:507} INFO - Created Permission View: can edit on DAG:snowflake_demo_dag
[2024-11-28T10:59:37.110+0000] {logging_mixin.py:120} INFO - [2024-11-28T10:59:37.110+0000] {dag.py:2585} INFO - Sync 1 DAGs
[2024-11-28T10:59:37.133+0000] {logging_mixin.py:120} INFO - [2024-11-28T10:59:37.132+0000] {dag.py:2606} INFO - Creating ORM DAG for snowflake_demo_dag
[2024-11-28T10:59:37.148+0000] {logging_mixin.py:120} INFO - [2024-11-28T10:59:37.147+0000] {dag.py:3340} INFO - Setting next_dagrun for snowflake_demo_dag to None, run_after=None
[2024-11-28T10:59:37.184+0000] {processor.py:176} INFO - Processing /opt/airflow/dags/snowflake_dag.py took 0.412 seconds
[2024-11-28T11:00:07.517+0000] {processor.py:154} INFO - Started process (PID=118) to work on /opt/airflow/dags/snowflake_dag.py
[2024-11-28T11:00:07.518+0000] {processor.py:756} INFO - Processing file /opt/airflow/dags/snowflake_dag.py for tasks to queue
[2024-11-28T11:00:07.518+0000] {logging_mixin.py:120} INFO - [2024-11-28T11:00:07.518+0000] {dagbag.py:537} INFO - Filling up the DagBag from /opt/airflow/dags/snowflake_dag.py
[2024-11-28T11:00:07.544+0000] {processor.py:766} INFO - DAG(s) dict_keys(['snowflake_demo_dag']) retrieved from /opt/airflow/dags/snowflake_dag.py
[2024-11-28T11:00:07.583+0000] {logging_mixin.py:120} INFO - [2024-11-28T11:00:07.582+0000] {dag.py:2585} INFO - Sync 1 DAGs
[2024-11-28T11:00:07.599+0000] {logging_mixin.py:120} INFO - [2024-11-28T11:00:07.599+0000] {dag.py:3340} INFO - Setting next_dagrun for snowflake_demo_dag to None, run_after=None
[2024-11-28T11:00:07.617+0000] {processor.py:176} INFO - Processing /opt/airflow/dags/snowflake_dag.py took 0.105 seconds
[2024-11-28T11:00:37.831+0000] {processor.py:154} INFO - Started process (PID=138) to work on /opt/airflow/dags/snowflake_dag.py
[2024-11-28T11:00:37.833+0000] {processor.py:756} INFO - Processing file /opt/airflow/dags/snowflake_dag.py for tasks to queue
[2024-11-28T11:00:37.834+0000] {logging_mixin.py:120} INFO - [2024-11-28T11:00:37.833+0000] {dagbag.py:537} INFO - Filling up the DagBag from /opt/airflow/dags/snowflake_dag.py
[2024-11-28T11:00:37.868+0000] {processor.py:766} INFO - DAG(s) dict_keys(['snowflake_demo_dag']) retrieved from /opt/airflow/dags/snowflake_dag.py
[2024-11-28T11:00:37.901+0000] {logging_mixin.py:120} INFO - [2024-11-28T11:00:37.901+0000] {dag.py:2585} INFO - Sync 1 DAGs
[2024-11-28T11:00:37.915+0000] {logging_mixin.py:120} INFO - [2024-11-28T11:00:37.915+0000] {dag.py:3340} INFO - Setting next_dagrun for snowflake_demo_dag to None, run_after=None
[2024-11-28T11:00:37.925+0000] {processor.py:176} INFO - Processing /opt/airflow/dags/snowflake_dag.py took 0.098 seconds
[2024-11-28T11:01:08.192+0000] {processor.py:154} INFO - Started process (PID=167) to work on /opt/airflow/dags/snowflake_dag.py
[2024-11-28T11:01:08.194+0000] {processor.py:756} INFO - Processing file /opt/airflow/dags/snowflake_dag.py for tasks to queue
[2024-11-28T11:01:08.195+0000] {logging_mixin.py:120} INFO - [2024-11-28T11:01:08.195+0000] {dagbag.py:537} INFO - Filling up the DagBag from /opt/airflow/dags/snowflake_dag.py
[2024-11-28T11:01:08.237+0000] {processor.py:766} INFO - DAG(s) dict_keys(['snowflake_demo_dag']) retrieved from /opt/airflow/dags/snowflake_dag.py
[2024-11-28T11:01:08.264+0000] {logging_mixin.py:120} INFO - [2024-11-28T11:01:08.264+0000] {dag.py:2585} INFO - Sync 1 DAGs
[2024-11-28T11:01:08.278+0000] {logging_mixin.py:120} INFO - [2024-11-28T11:01:08.278+0000] {dag.py:3340} INFO - Setting next_dagrun for snowflake_demo_dag to None, run_after=None
[2024-11-28T11:01:08.291+0000] {processor.py:176} INFO - Processing /opt/airflow/dags/snowflake_dag.py took 0.105 seconds
[2024-11-28T11:01:38.492+0000] {processor.py:154} INFO - Started process (PID=196) to work on /opt/airflow/dags/snowflake_dag.py
[2024-11-28T11:01:38.493+0000] {processor.py:756} INFO - Processing file /opt/airflow/dags/snowflake_dag.py for tasks to queue
[2024-11-28T11:01:38.494+0000] {logging_mixin.py:120} INFO - [2024-11-28T11:01:38.493+0000] {dagbag.py:537} INFO - Filling up the DagBag from /opt/airflow/dags/snowflake_dag.py
[2024-11-28T11:01:38.529+0000] {processor.py:766} INFO - DAG(s) dict_keys(['snowflake_demo_dag']) retrieved from /opt/airflow/dags/snowflake_dag.py
[2024-11-28T11:01:38.555+0000] {logging_mixin.py:120} INFO - [2024-11-28T11:01:38.555+0000] {dag.py:2585} INFO - Sync 1 DAGs
[2024-11-28T11:01:38.568+0000] {logging_mixin.py:120} INFO - [2024-11-28T11:01:38.568+0000] {dag.py:3340} INFO - Setting next_dagrun for snowflake_demo_dag to None, run_after=None
[2024-11-28T11:01:38.580+0000] {processor.py:176} INFO - Processing /opt/airflow/dags/snowflake_dag.py took 0.093 seconds
[2024-11-28T11:02:08.863+0000] {processor.py:154} INFO - Started process (PID=225) to work on /opt/airflow/dags/snowflake_dag.py
[2024-11-28T11:02:08.864+0000] {processor.py:756} INFO - Processing file /opt/airflow/dags/snowflake_dag.py for tasks to queue
[2024-11-28T11:02:08.865+0000] {logging_mixin.py:120} INFO - [2024-11-28T11:02:08.865+0000] {dagbag.py:537} INFO - Filling up the DagBag from /opt/airflow/dags/snowflake_dag.py
[2024-11-28T11:02:08.885+0000] {processor.py:766} INFO - DAG(s) dict_keys(['snowflake_demo_dag']) retrieved from /opt/airflow/dags/snowflake_dag.py
[2024-11-28T11:02:08.905+0000] {logging_mixin.py:120} INFO - [2024-11-28T11:02:08.905+0000] {dag.py:2585} INFO - Sync 1 DAGs
[2024-11-28T11:02:08.917+0000] {logging_mixin.py:120} INFO - [2024-11-28T11:02:08.917+0000] {dag.py:3340} INFO - Setting next_dagrun for snowflake_demo_dag to None, run_after=None
[2024-11-28T11:02:08.929+0000] {processor.py:176} INFO - Processing /opt/airflow/dags/snowflake_dag.py took 0.069 seconds
[2024-11-28T11:02:39.205+0000] {processor.py:154} INFO - Started process (PID=254) to work on /opt/airflow/dags/snowflake_dag.py
[2024-11-28T11:02:39.206+0000] {processor.py:756} INFO - Processing file /opt/airflow/dags/snowflake_dag.py for tasks to queue
[2024-11-28T11:02:39.207+0000] {logging_mixin.py:120} INFO - [2024-11-28T11:02:39.207+0000] {dagbag.py:537} INFO - Filling up the DagBag from /opt/airflow/dags/snowflake_dag.py
[2024-11-28T11:02:39.236+0000] {processor.py:766} INFO - DAG(s) dict_keys(['snowflake_demo_dag']) retrieved from /opt/airflow/dags/snowflake_dag.py
[2024-11-28T11:02:39.262+0000] {logging_mixin.py:120} INFO - [2024-11-28T11:02:39.262+0000] {dag.py:2585} INFO - Sync 1 DAGs
[2024-11-28T11:02:39.275+0000] {logging_mixin.py:120} INFO - [2024-11-28T11:02:39.275+0000] {dag.py:3340} INFO - Setting next_dagrun for snowflake_demo_dag to None, run_after=None
[2024-11-28T11:02:39.291+0000] {processor.py:176} INFO - Processing /opt/airflow/dags/snowflake_dag.py took 0.089 seconds
[2024-11-28T11:03:09.556+0000] {processor.py:154} INFO - Started process (PID=280) to work on /opt/airflow/dags/snowflake_dag.py
[2024-11-28T11:03:09.556+0000] {processor.py:756} INFO - Processing file /opt/airflow/dags/snowflake_dag.py for tasks to queue
[2024-11-28T11:03:09.557+0000] {logging_mixin.py:120} INFO - [2024-11-28T11:03:09.557+0000] {dagbag.py:537} INFO - Filling up the DagBag from /opt/airflow/dags/snowflake_dag.py
[2024-11-28T11:03:09.580+0000] {processor.py:766} INFO - DAG(s) dict_keys(['snowflake_demo_dag']) retrieved from /opt/airflow/dags/snowflake_dag.py
[2024-11-28T11:03:09.607+0000] {logging_mixin.py:120} INFO - [2024-11-28T11:03:09.607+0000] {dag.py:2585} INFO - Sync 1 DAGs
[2024-11-28T11:03:09.622+0000] {logging_mixin.py:120} INFO - [2024-11-28T11:03:09.622+0000] {dag.py:3340} INFO - Setting next_dagrun for snowflake_demo_dag to None, run_after=None
[2024-11-28T11:03:09.635+0000] {processor.py:176} INFO - Processing /opt/airflow/dags/snowflake_dag.py took 0.082 seconds
[2024-11-28T11:03:39.944+0000] {processor.py:154} INFO - Started process (PID=302) to work on /opt/airflow/dags/snowflake_dag.py
[2024-11-28T11:03:39.946+0000] {processor.py:756} INFO - Processing file /opt/airflow/dags/snowflake_dag.py for tasks to queue
[2024-11-28T11:03:39.948+0000] {logging_mixin.py:120} INFO - [2024-11-28T11:03:39.948+0000] {dagbag.py:537} INFO - Filling up the DagBag from /opt/airflow/dags/snowflake_dag.py
[2024-11-28T11:03:39.988+0000] {processor.py:766} INFO - DAG(s) dict_keys(['snowflake_demo_dag']) retrieved from /opt/airflow/dags/snowflake_dag.py
[2024-11-28T11:03:40.019+0000] {logging_mixin.py:120} INFO - [2024-11-28T11:03:40.019+0000] {dag.py:2585} INFO - Sync 1 DAGs
[2024-11-28T11:03:40.035+0000] {logging_mixin.py:120} INFO - [2024-11-28T11:03:40.035+0000] {dag.py:3340} INFO - Setting next_dagrun for snowflake_demo_dag to None, run_after=None
[2024-11-28T11:03:40.050+0000] {processor.py:176} INFO - Processing /opt/airflow/dags/snowflake_dag.py took 0.112 seconds
[2024-11-28T11:04:10.326+0000] {processor.py:154} INFO - Started process (PID=331) to work on /opt/airflow/dags/snowflake_dag.py
[2024-11-28T11:04:10.327+0000] {processor.py:756} INFO - Processing file /opt/airflow/dags/snowflake_dag.py for tasks to queue
[2024-11-28T11:04:10.328+0000] {logging_mixin.py:120} INFO - [2024-11-28T11:04:10.328+0000] {dagbag.py:537} INFO - Filling up the DagBag from /opt/airflow/dags/snowflake_dag.py
[2024-11-28T11:04:10.354+0000] {processor.py:766} INFO - DAG(s) dict_keys(['snowflake_demo_dag']) retrieved from /opt/airflow/dags/snowflake_dag.py
[2024-11-28T11:04:10.400+0000] {logging_mixin.py:120} INFO - [2024-11-28T11:04:10.399+0000] {dag.py:2585} INFO - Sync 1 DAGs
[2024-11-28T11:04:10.428+0000] {logging_mixin.py:120} INFO - [2024-11-28T11:04:10.428+0000] {dag.py:3340} INFO - Setting next_dagrun for snowflake_demo_dag to None, run_after=None
[2024-11-28T11:04:10.455+0000] {processor.py:176} INFO - Processing /opt/airflow/dags/snowflake_dag.py took 0.131 seconds
[2024-11-28T11:04:40.804+0000] {processor.py:154} INFO - Started process (PID=360) to work on /opt/airflow/dags/snowflake_dag.py
[2024-11-28T11:04:40.809+0000] {processor.py:756} INFO - Processing file /opt/airflow/dags/snowflake_dag.py for tasks to queue
[2024-11-28T11:04:40.810+0000] {logging_mixin.py:120} INFO - [2024-11-28T11:04:40.810+0000] {dagbag.py:537} INFO - Filling up the DagBag from /opt/airflow/dags/snowflake_dag.py
[2024-11-28T11:04:40.847+0000] {processor.py:766} INFO - DAG(s) dict_keys(['snowflake_demo_dag']) retrieved from /opt/airflow/dags/snowflake_dag.py
[2024-11-28T11:04:40.877+0000] {logging_mixin.py:120} INFO - [2024-11-28T11:04:40.877+0000] {dag.py:2585} INFO - Sync 1 DAGs
[2024-11-28T11:04:40.894+0000] {logging_mixin.py:120} INFO - [2024-11-28T11:04:40.894+0000] {dag.py:3340} INFO - Setting next_dagrun for snowflake_demo_dag to None, run_after=None
[2024-11-28T11:04:40.904+0000] {processor.py:176} INFO - Processing /opt/airflow/dags/snowflake_dag.py took 0.106 seconds
[2024-11-28T11:05:11.198+0000] {processor.py:154} INFO - Started process (PID=389) to work on /opt/airflow/dags/snowflake_dag.py
[2024-11-28T11:05:11.199+0000] {processor.py:756} INFO - Processing file /opt/airflow/dags/snowflake_dag.py for tasks to queue
[2024-11-28T11:05:11.201+0000] {logging_mixin.py:120} INFO - [2024-11-28T11:05:11.200+0000] {dagbag.py:537} INFO - Filling up the DagBag from /opt/airflow/dags/snowflake_dag.py
[2024-11-28T11:05:11.235+0000] {processor.py:766} INFO - DAG(s) dict_keys(['snowflake_demo_dag']) retrieved from /opt/airflow/dags/snowflake_dag.py
[2024-11-28T11:05:11.265+0000] {logging_mixin.py:120} INFO - [2024-11-28T11:05:11.265+0000] {dag.py:2585} INFO - Sync 1 DAGs
[2024-11-28T11:05:11.279+0000] {logging_mixin.py:120} INFO - [2024-11-28T11:05:11.279+0000] {dag.py:3340} INFO - Setting next_dagrun for snowflake_demo_dag to None, run_after=None
[2024-11-28T11:05:11.291+0000] {processor.py:176} INFO - Processing /opt/airflow/dags/snowflake_dag.py took 0.098 seconds
[2024-11-28T11:05:41.555+0000] {processor.py:154} INFO - Started process (PID=418) to work on /opt/airflow/dags/snowflake_dag.py
[2024-11-28T11:05:41.557+0000] {processor.py:756} INFO - Processing file /opt/airflow/dags/snowflake_dag.py for tasks to queue
[2024-11-28T11:05:41.558+0000] {logging_mixin.py:120} INFO - [2024-11-28T11:05:41.558+0000] {dagbag.py:537} INFO - Filling up the DagBag from /opt/airflow/dags/snowflake_dag.py
[2024-11-28T11:05:41.588+0000] {processor.py:766} INFO - DAG(s) dict_keys(['snowflake_demo_dag']) retrieved from /opt/airflow/dags/snowflake_dag.py
[2024-11-28T11:05:41.615+0000] {logging_mixin.py:120} INFO - [2024-11-28T11:05:41.615+0000] {dag.py:2585} INFO - Sync 1 DAGs
[2024-11-28T11:05:41.631+0000] {logging_mixin.py:120} INFO - [2024-11-28T11:05:41.631+0000] {dag.py:3340} INFO - Setting next_dagrun for snowflake_demo_dag to None, run_after=None
[2024-11-28T11:05:41.640+0000] {processor.py:176} INFO - Processing /opt/airflow/dags/snowflake_dag.py took 0.089 seconds
[2024-11-28T11:06:11.906+0000] {processor.py:154} INFO - Started process (PID=447) to work on /opt/airflow/dags/snowflake_dag.py
[2024-11-28T11:06:11.907+0000] {processor.py:756} INFO - Processing file /opt/airflow/dags/snowflake_dag.py for tasks to queue
[2024-11-28T11:06:11.908+0000] {logging_mixin.py:120} INFO - [2024-11-28T11:06:11.908+0000] {dagbag.py:537} INFO - Filling up the DagBag from /opt/airflow/dags/snowflake_dag.py
[2024-11-28T11:06:11.927+0000] {processor.py:766} INFO - DAG(s) dict_keys(['snowflake_demo_dag']) retrieved from /opt/airflow/dags/snowflake_dag.py
[2024-11-28T11:06:11.951+0000] {logging_mixin.py:120} INFO - [2024-11-28T11:06:11.951+0000] {dag.py:2585} INFO - Sync 1 DAGs
[2024-11-28T11:06:11.964+0000] {logging_mixin.py:120} INFO - [2024-11-28T11:06:11.964+0000] {dag.py:3340} INFO - Setting next_dagrun for snowflake_demo_dag to None, run_after=None
[2024-11-28T11:06:11.979+0000] {processor.py:176} INFO - Processing /opt/airflow/dags/snowflake_dag.py took 0.075 seconds
[2024-11-28T11:06:42.271+0000] {processor.py:154} INFO - Started process (PID=467) to work on /opt/airflow/dags/snowflake_dag.py
[2024-11-28T11:06:42.272+0000] {processor.py:756} INFO - Processing file /opt/airflow/dags/snowflake_dag.py for tasks to queue
[2024-11-28T11:06:42.273+0000] {logging_mixin.py:120} INFO - [2024-11-28T11:06:42.273+0000] {dagbag.py:537} INFO - Filling up the DagBag from /opt/airflow/dags/snowflake_dag.py
[2024-11-28T11:06:42.307+0000] {processor.py:766} INFO - DAG(s) dict_keys(['snowflake_demo_dag']) retrieved from /opt/airflow/dags/snowflake_dag.py
[2024-11-28T11:06:42.334+0000] {logging_mixin.py:120} INFO - [2024-11-28T11:06:42.334+0000] {dag.py:2585} INFO - Sync 1 DAGs
[2024-11-28T11:06:42.351+0000] {logging_mixin.py:120} INFO - [2024-11-28T11:06:42.351+0000] {dag.py:3340} INFO - Setting next_dagrun for snowflake_demo_dag to None, run_after=None
[2024-11-28T11:06:42.360+0000] {processor.py:176} INFO - Processing /opt/airflow/dags/snowflake_dag.py took 0.095 seconds
[2024-11-28T11:07:12.603+0000] {processor.py:154} INFO - Started process (PID=496) to work on /opt/airflow/dags/snowflake_dag.py
[2024-11-28T11:07:12.605+0000] {processor.py:756} INFO - Processing file /opt/airflow/dags/snowflake_dag.py for tasks to queue
[2024-11-28T11:07:12.606+0000] {logging_mixin.py:120} INFO - [2024-11-28T11:07:12.606+0000] {dagbag.py:537} INFO - Filling up the DagBag from /opt/airflow/dags/snowflake_dag.py
[2024-11-28T11:07:12.633+0000] {processor.py:766} INFO - DAG(s) dict_keys(['snowflake_demo_dag']) retrieved from /opt/airflow/dags/snowflake_dag.py
[2024-11-28T11:07:12.660+0000] {logging_mixin.py:120} INFO - [2024-11-28T11:07:12.660+0000] {dag.py:2585} INFO - Sync 1 DAGs
[2024-11-28T11:07:12.680+0000] {logging_mixin.py:120} INFO - [2024-11-28T11:07:12.680+0000] {dag.py:3340} INFO - Setting next_dagrun for snowflake_demo_dag to None, run_after=None
[2024-11-28T11:07:12.691+0000] {processor.py:176} INFO - Processing /opt/airflow/dags/snowflake_dag.py took 0.091 seconds
[2024-11-28T11:07:42.920+0000] {processor.py:154} INFO - Started process (PID=525) to work on /opt/airflow/dags/snowflake_dag.py
[2024-11-28T11:07:42.921+0000] {processor.py:756} INFO - Processing file /opt/airflow/dags/snowflake_dag.py for tasks to queue
[2024-11-28T11:07:42.922+0000] {logging_mixin.py:120} INFO - [2024-11-28T11:07:42.922+0000] {dagbag.py:537} INFO - Filling up the DagBag from /opt/airflow/dags/snowflake_dag.py
[2024-11-28T11:07:42.955+0000] {processor.py:766} INFO - DAG(s) dict_keys(['snowflake_demo_dag']) retrieved from /opt/airflow/dags/snowflake_dag.py
[2024-11-28T11:07:42.980+0000] {logging_mixin.py:120} INFO - [2024-11-28T11:07:42.980+0000] {dag.py:2585} INFO - Sync 1 DAGs
[2024-11-28T11:07:42.995+0000] {logging_mixin.py:120} INFO - [2024-11-28T11:07:42.995+0000] {dag.py:3340} INFO - Setting next_dagrun for snowflake_demo_dag to None, run_after=None
[2024-11-28T11:07:43.005+0000] {processor.py:176} INFO - Processing /opt/airflow/dags/snowflake_dag.py took 0.093 seconds
[2024-11-28T11:08:13.221+0000] {processor.py:154} INFO - Started process (PID=554) to work on /opt/airflow/dags/snowflake_dag.py
[2024-11-28T11:08:13.222+0000] {processor.py:756} INFO - Processing file /opt/airflow/dags/snowflake_dag.py for tasks to queue
[2024-11-28T11:08:13.222+0000] {logging_mixin.py:120} INFO - [2024-11-28T11:08:13.222+0000] {dagbag.py:537} INFO - Filling up the DagBag from /opt/airflow/dags/snowflake_dag.py
[2024-11-28T11:08:13.248+0000] {processor.py:766} INFO - DAG(s) dict_keys(['snowflake_demo_dag']) retrieved from /opt/airflow/dags/snowflake_dag.py
[2024-11-28T11:08:13.275+0000] {logging_mixin.py:120} INFO - [2024-11-28T11:08:13.275+0000] {dag.py:2585} INFO - Sync 1 DAGs
[2024-11-28T11:08:13.293+0000] {logging_mixin.py:120} INFO - [2024-11-28T11:08:13.293+0000] {dag.py:3340} INFO - Setting next_dagrun for snowflake_demo_dag to None, run_after=None
[2024-11-28T11:08:13.305+0000] {processor.py:176} INFO - Processing /opt/airflow/dags/snowflake_dag.py took 0.087 seconds
[2024-11-28T11:08:43.562+0000] {processor.py:154} INFO - Started process (PID=583) to work on /opt/airflow/dags/snowflake_dag.py
[2024-11-28T11:08:43.563+0000] {processor.py:756} INFO - Processing file /opt/airflow/dags/snowflake_dag.py for tasks to queue
[2024-11-28T11:08:43.564+0000] {logging_mixin.py:120} INFO - [2024-11-28T11:08:43.564+0000] {dagbag.py:537} INFO - Filling up the DagBag from /opt/airflow/dags/snowflake_dag.py
[2024-11-28T11:08:43.589+0000] {processor.py:766} INFO - DAG(s) dict_keys(['snowflake_demo_dag']) retrieved from /opt/airflow/dags/snowflake_dag.py
[2024-11-28T11:08:43.614+0000] {logging_mixin.py:120} INFO - [2024-11-28T11:08:43.613+0000] {dag.py:2585} INFO - Sync 1 DAGs
[2024-11-28T11:08:43.629+0000] {logging_mixin.py:120} INFO - [2024-11-28T11:08:43.629+0000] {dag.py:3340} INFO - Setting next_dagrun for snowflake_demo_dag to None, run_after=None
[2024-11-28T11:08:43.639+0000] {processor.py:176} INFO - Processing /opt/airflow/dags/snowflake_dag.py took 0.080 seconds
[2024-11-28T11:09:13.838+0000] {processor.py:154} INFO - Started process (PID=603) to work on /opt/airflow/dags/snowflake_dag.py
[2024-11-28T11:09:13.839+0000] {processor.py:756} INFO - Processing file /opt/airflow/dags/snowflake_dag.py for tasks to queue
[2024-11-28T11:09:13.842+0000] {logging_mixin.py:120} INFO - [2024-11-28T11:09:13.842+0000] {dagbag.py:537} INFO - Filling up the DagBag from /opt/airflow/dags/snowflake_dag.py
[2024-11-28T11:09:13.881+0000] {processor.py:766} INFO - DAG(s) dict_keys(['snowflake_demo_dag']) retrieved from /opt/airflow/dags/snowflake_dag.py
[2024-11-28T11:09:13.913+0000] {logging_mixin.py:120} INFO - [2024-11-28T11:09:13.913+0000] {dag.py:2585} INFO - Sync 1 DAGs
[2024-11-28T11:09:13.928+0000] {logging_mixin.py:120} INFO - [2024-11-28T11:09:13.928+0000] {dag.py:3340} INFO - Setting next_dagrun for snowflake_demo_dag to None, run_after=None
[2024-11-28T11:09:13.937+0000] {processor.py:176} INFO - Processing /opt/airflow/dags/snowflake_dag.py took 0.104 seconds
[2024-11-28T11:09:44.217+0000] {processor.py:154} INFO - Started process (PID=631) to work on /opt/airflow/dags/snowflake_dag.py
[2024-11-28T11:09:44.218+0000] {processor.py:756} INFO - Processing file /opt/airflow/dags/snowflake_dag.py for tasks to queue
[2024-11-28T11:09:44.219+0000] {logging_mixin.py:120} INFO - [2024-11-28T11:09:44.219+0000] {dagbag.py:537} INFO - Filling up the DagBag from /opt/airflow/dags/snowflake_dag.py
[2024-11-28T11:09:44.249+0000] {processor.py:766} INFO - DAG(s) dict_keys(['snowflake_demo_dag']) retrieved from /opt/airflow/dags/snowflake_dag.py
[2024-11-28T11:09:44.277+0000] {logging_mixin.py:120} INFO - [2024-11-28T11:09:44.277+0000] {dag.py:2585} INFO - Sync 1 DAGs
[2024-11-28T11:09:44.292+0000] {logging_mixin.py:120} INFO - [2024-11-28T11:09:44.292+0000] {dag.py:3340} INFO - Setting next_dagrun for snowflake_demo_dag to None, run_after=None
[2024-11-28T11:09:44.302+0000] {processor.py:176} INFO - Processing /opt/airflow/dags/snowflake_dag.py took 0.089 seconds
[2024-11-28T11:10:14.573+0000] {processor.py:154} INFO - Started process (PID=660) to work on /opt/airflow/dags/snowflake_dag.py
[2024-11-28T11:10:14.575+0000] {processor.py:756} INFO - Processing file /opt/airflow/dags/snowflake_dag.py for tasks to queue
[2024-11-28T11:10:14.577+0000] {logging_mixin.py:120} INFO - [2024-11-28T11:10:14.577+0000] {dagbag.py:537} INFO - Filling up the DagBag from /opt/airflow/dags/snowflake_dag.py
[2024-11-28T11:10:14.615+0000] {processor.py:766} INFO - DAG(s) dict_keys(['snowflake_demo_dag']) retrieved from /opt/airflow/dags/snowflake_dag.py
[2024-11-28T11:10:14.646+0000] {logging_mixin.py:120} INFO - [2024-11-28T11:10:14.646+0000] {dag.py:2585} INFO - Sync 1 DAGs
[2024-11-28T11:10:14.660+0000] {logging_mixin.py:120} INFO - [2024-11-28T11:10:14.660+0000] {dag.py:3340} INFO - Setting next_dagrun for snowflake_demo_dag to None, run_after=None
[2024-11-28T11:10:14.670+0000] {processor.py:176} INFO - Processing /opt/airflow/dags/snowflake_dag.py took 0.104 seconds
[2024-11-28T11:10:44.908+0000] {processor.py:154} INFO - Started process (PID=689) to work on /opt/airflow/dags/snowflake_dag.py
[2024-11-28T11:10:44.911+0000] {processor.py:756} INFO - Processing file /opt/airflow/dags/snowflake_dag.py for tasks to queue
[2024-11-28T11:10:44.911+0000] {logging_mixin.py:120} INFO - [2024-11-28T11:10:44.911+0000] {dagbag.py:537} INFO - Filling up the DagBag from /opt/airflow/dags/snowflake_dag.py
[2024-11-28T11:10:44.935+0000] {processor.py:766} INFO - DAG(s) dict_keys(['snowflake_demo_dag']) retrieved from /opt/airflow/dags/snowflake_dag.py
[2024-11-28T11:10:44.984+0000] {logging_mixin.py:120} INFO - [2024-11-28T11:10:44.983+0000] {dag.py:2585} INFO - Sync 1 DAGs
[2024-11-28T11:10:44.999+0000] {logging_mixin.py:120} INFO - [2024-11-28T11:10:44.999+0000] {dag.py:3340} INFO - Setting next_dagrun for snowflake_demo_dag to None, run_after=None
[2024-11-28T11:10:45.011+0000] {processor.py:176} INFO - Processing /opt/airflow/dags/snowflake_dag.py took 0.105 seconds
[2024-11-28T11:11:15.246+0000] {processor.py:154} INFO - Started process (PID=718) to work on /opt/airflow/dags/snowflake_dag.py
[2024-11-28T11:11:15.248+0000] {processor.py:756} INFO - Processing file /opt/airflow/dags/snowflake_dag.py for tasks to queue
[2024-11-28T11:11:15.248+0000] {logging_mixin.py:120} INFO - [2024-11-28T11:11:15.248+0000] {dagbag.py:537} INFO - Filling up the DagBag from /opt/airflow/dags/snowflake_dag.py
[2024-11-28T11:11:15.273+0000] {processor.py:766} INFO - DAG(s) dict_keys(['snowflake_demo_dag']) retrieved from /opt/airflow/dags/snowflake_dag.py
[2024-11-28T11:11:15.301+0000] {logging_mixin.py:120} INFO - [2024-11-28T11:11:15.301+0000] {dag.py:2585} INFO - Sync 1 DAGs
[2024-11-28T11:11:15.316+0000] {logging_mixin.py:120} INFO - [2024-11-28T11:11:15.316+0000] {dag.py:3340} INFO - Setting next_dagrun for snowflake_demo_dag to None, run_after=None
[2024-11-28T11:11:15.327+0000] {processor.py:176} INFO - Processing /opt/airflow/dags/snowflake_dag.py took 0.084 seconds
[2024-11-28T11:11:45.573+0000] {processor.py:154} INFO - Started process (PID=747) to work on /opt/airflow/dags/snowflake_dag.py
[2024-11-28T11:11:45.574+0000] {processor.py:756} INFO - Processing file /opt/airflow/dags/snowflake_dag.py for tasks to queue
[2024-11-28T11:11:45.574+0000] {logging_mixin.py:120} INFO - [2024-11-28T11:11:45.574+0000] {dagbag.py:537} INFO - Filling up the DagBag from /opt/airflow/dags/snowflake_dag.py
[2024-11-28T11:11:45.598+0000] {processor.py:766} INFO - DAG(s) dict_keys(['snowflake_demo_dag']) retrieved from /opt/airflow/dags/snowflake_dag.py
[2024-11-28T11:11:45.623+0000] {logging_mixin.py:120} INFO - [2024-11-28T11:11:45.623+0000] {dag.py:2585} INFO - Sync 1 DAGs
[2024-11-28T11:11:45.637+0000] {logging_mixin.py:120} INFO - [2024-11-28T11:11:45.637+0000] {dag.py:3340} INFO - Setting next_dagrun for snowflake_demo_dag to None, run_after=None
[2024-11-28T11:11:45.647+0000] {processor.py:176} INFO - Processing /opt/airflow/dags/snowflake_dag.py took 0.077 seconds
[2024-11-28T11:12:15.902+0000] {processor.py:154} INFO - Started process (PID=767) to work on /opt/airflow/dags/snowflake_dag.py
[2024-11-28T11:12:15.905+0000] {processor.py:756} INFO - Processing file /opt/airflow/dags/snowflake_dag.py for tasks to queue
[2024-11-28T11:12:15.906+0000] {logging_mixin.py:120} INFO - [2024-11-28T11:12:15.906+0000] {dagbag.py:537} INFO - Filling up the DagBag from /opt/airflow/dags/snowflake_dag.py
[2024-11-28T11:12:15.945+0000] {processor.py:766} INFO - DAG(s) dict_keys(['snowflake_demo_dag']) retrieved from /opt/airflow/dags/snowflake_dag.py
[2024-11-28T11:12:15.979+0000] {logging_mixin.py:120} INFO - [2024-11-28T11:12:15.979+0000] {dag.py:2585} INFO - Sync 1 DAGs
[2024-11-28T11:12:15.995+0000] {logging_mixin.py:120} INFO - [2024-11-28T11:12:15.995+0000] {dag.py:3340} INFO - Setting next_dagrun for snowflake_demo_dag to None, run_after=None
[2024-11-28T11:12:16.010+0000] {processor.py:176} INFO - Processing /opt/airflow/dags/snowflake_dag.py took 0.112 seconds
[2024-11-28T11:12:46.260+0000] {processor.py:154} INFO - Started process (PID=796) to work on /opt/airflow/dags/snowflake_dag.py
[2024-11-28T11:12:46.261+0000] {processor.py:756} INFO - Processing file /opt/airflow/dags/snowflake_dag.py for tasks to queue
[2024-11-28T11:12:46.262+0000] {logging_mixin.py:120} INFO - [2024-11-28T11:12:46.262+0000] {dagbag.py:537} INFO - Filling up the DagBag from /opt/airflow/dags/snowflake_dag.py
[2024-11-28T11:12:46.300+0000] {processor.py:766} INFO - DAG(s) dict_keys(['snowflake_demo_dag']) retrieved from /opt/airflow/dags/snowflake_dag.py
[2024-11-28T11:12:46.333+0000] {logging_mixin.py:120} INFO - [2024-11-28T11:12:46.332+0000] {dag.py:2585} INFO - Sync 1 DAGs
[2024-11-28T11:12:46.347+0000] {logging_mixin.py:120} INFO - [2024-11-28T11:12:46.347+0000] {dag.py:3340} INFO - Setting next_dagrun for snowflake_demo_dag to None, run_after=None
[2024-11-28T11:12:46.361+0000] {processor.py:176} INFO - Processing /opt/airflow/dags/snowflake_dag.py took 0.108 seconds
[2024-11-28T11:13:16.643+0000] {processor.py:154} INFO - Started process (PID=825) to work on /opt/airflow/dags/snowflake_dag.py
[2024-11-28T11:13:16.644+0000] {processor.py:756} INFO - Processing file /opt/airflow/dags/snowflake_dag.py for tasks to queue
[2024-11-28T11:13:16.645+0000] {logging_mixin.py:120} INFO - [2024-11-28T11:13:16.645+0000] {dagbag.py:537} INFO - Filling up the DagBag from /opt/airflow/dags/snowflake_dag.py
[2024-11-28T11:13:16.675+0000] {processor.py:766} INFO - DAG(s) dict_keys(['snowflake_demo_dag']) retrieved from /opt/airflow/dags/snowflake_dag.py
[2024-11-28T11:13:16.712+0000] {logging_mixin.py:120} INFO - [2024-11-28T11:13:16.712+0000] {dag.py:2585} INFO - Sync 1 DAGs
[2024-11-28T11:13:16.734+0000] {logging_mixin.py:120} INFO - [2024-11-28T11:13:16.733+0000] {dag.py:3340} INFO - Setting next_dagrun for snowflake_demo_dag to None, run_after=None
[2024-11-28T11:13:16.747+0000] {processor.py:176} INFO - Processing /opt/airflow/dags/snowflake_dag.py took 0.108 seconds
[2024-11-28T11:13:46.999+0000] {processor.py:154} INFO - Started process (PID=854) to work on /opt/airflow/dags/snowflake_dag.py
[2024-11-28T11:13:47.000+0000] {processor.py:756} INFO - Processing file /opt/airflow/dags/snowflake_dag.py for tasks to queue
[2024-11-28T11:13:47.001+0000] {logging_mixin.py:120} INFO - [2024-11-28T11:13:47.001+0000] {dagbag.py:537} INFO - Filling up the DagBag from /opt/airflow/dags/snowflake_dag.py
[2024-11-28T11:13:47.036+0000] {processor.py:766} INFO - DAG(s) dict_keys(['snowflake_demo_dag']) retrieved from /opt/airflow/dags/snowflake_dag.py
[2024-11-28T11:13:47.064+0000] {logging_mixin.py:120} INFO - [2024-11-28T11:13:47.064+0000] {dag.py:2585} INFO - Sync 1 DAGs
[2024-11-28T11:13:47.077+0000] {logging_mixin.py:120} INFO - [2024-11-28T11:13:47.077+0000] {dag.py:3340} INFO - Setting next_dagrun for snowflake_demo_dag to None, run_after=None
[2024-11-28T11:13:47.087+0000] {processor.py:176} INFO - Processing /opt/airflow/dags/snowflake_dag.py took 0.094 seconds
[2024-11-28T11:14:17.289+0000] {processor.py:154} INFO - Started process (PID=883) to work on /opt/airflow/dags/snowflake_dag.py
[2024-11-28T11:14:17.291+0000] {processor.py:756} INFO - Processing file /opt/airflow/dags/snowflake_dag.py for tasks to queue
[2024-11-28T11:14:17.293+0000] {logging_mixin.py:120} INFO - [2024-11-28T11:14:17.292+0000] {dagbag.py:537} INFO - Filling up the DagBag from /opt/airflow/dags/snowflake_dag.py
[2024-11-28T11:14:17.324+0000] {processor.py:766} INFO - DAG(s) dict_keys(['snowflake_demo_dag']) retrieved from /opt/airflow/dags/snowflake_dag.py
[2024-11-28T11:14:17.349+0000] {logging_mixin.py:120} INFO - [2024-11-28T11:14:17.349+0000] {dag.py:2585} INFO - Sync 1 DAGs
[2024-11-28T11:14:17.363+0000] {logging_mixin.py:120} INFO - [2024-11-28T11:14:17.363+0000] {dag.py:3340} INFO - Setting next_dagrun for snowflake_demo_dag to None, run_after=None
[2024-11-28T11:14:17.372+0000] {processor.py:176} INFO - Processing /opt/airflow/dags/snowflake_dag.py took 0.087 seconds
[2024-11-28T11:14:47.629+0000] {processor.py:154} INFO - Started process (PID=912) to work on /opt/airflow/dags/snowflake_dag.py
[2024-11-28T11:14:47.630+0000] {processor.py:756} INFO - Processing file /opt/airflow/dags/snowflake_dag.py for tasks to queue
[2024-11-28T11:14:47.631+0000] {logging_mixin.py:120} INFO - [2024-11-28T11:14:47.631+0000] {dagbag.py:537} INFO - Filling up the DagBag from /opt/airflow/dags/snowflake_dag.py
[2024-11-28T11:14:47.662+0000] {processor.py:766} INFO - DAG(s) dict_keys(['snowflake_demo_dag']) retrieved from /opt/airflow/dags/snowflake_dag.py
[2024-11-28T11:14:47.700+0000] {logging_mixin.py:120} INFO - [2024-11-28T11:14:47.700+0000] {dag.py:2585} INFO - Sync 1 DAGs
[2024-11-28T11:14:47.718+0000] {logging_mixin.py:120} INFO - [2024-11-28T11:14:47.718+0000] {dag.py:3340} INFO - Setting next_dagrun for snowflake_demo_dag to None, run_after=None
[2024-11-28T11:14:47.735+0000] {processor.py:176} INFO - Processing /opt/airflow/dags/snowflake_dag.py took 0.112 seconds
[2024-11-28T11:23:58.487+0000] {processor.py:154} INFO - Started process (PID=63) to work on /opt/airflow/dags/snowflake_dag.py
[2024-11-28T11:23:58.490+0000] {processor.py:756} INFO - Processing file /opt/airflow/dags/snowflake_dag.py for tasks to queue
[2024-11-28T11:23:58.494+0000] {logging_mixin.py:120} INFO - [2024-11-28T11:23:58.493+0000] {dagbag.py:537} INFO - Filling up the DagBag from /opt/airflow/dags/snowflake_dag.py
[2024-11-28T11:23:58.578+0000] {processor.py:766} INFO - DAG(s) dict_keys(['snowflake_demo_dag']) retrieved from /opt/airflow/dags/snowflake_dag.py
[2024-11-28T11:23:58.851+0000] {logging_mixin.py:120} INFO - [2024-11-28T11:23:58.851+0000] {manager.py:507} INFO - Created Permission View: can edit on DAG:snowflake_demo_dag
[2024-11-28T11:23:58.862+0000] {logging_mixin.py:120} INFO - [2024-11-28T11:23:58.861+0000] {manager.py:507} INFO - Created Permission View: can delete on DAG:snowflake_demo_dag
[2024-11-28T11:23:58.871+0000] {logging_mixin.py:120} INFO - [2024-11-28T11:23:58.870+0000] {manager.py:507} INFO - Created Permission View: can read on DAG:snowflake_demo_dag
[2024-11-28T11:23:58.871+0000] {logging_mixin.py:120} INFO - [2024-11-28T11:23:58.871+0000] {dag.py:2585} INFO - Sync 1 DAGs
[2024-11-28T11:23:58.886+0000] {logging_mixin.py:120} INFO - [2024-11-28T11:23:58.886+0000] {dag.py:2606} INFO - Creating ORM DAG for snowflake_demo_dag
[2024-11-28T11:23:58.901+0000] {logging_mixin.py:120} INFO - [2024-11-28T11:23:58.901+0000] {dag.py:3340} INFO - Setting next_dagrun for snowflake_demo_dag to None, run_after=None
[2024-11-28T11:23:58.929+0000] {processor.py:176} INFO - Processing /opt/airflow/dags/snowflake_dag.py took 0.447 seconds
[2024-11-28T11:24:29.235+0000] {processor.py:154} INFO - Started process (PID=83) to work on /opt/airflow/dags/snowflake_dag.py
[2024-11-28T11:24:29.238+0000] {processor.py:756} INFO - Processing file /opt/airflow/dags/snowflake_dag.py for tasks to queue
[2024-11-28T11:24:29.239+0000] {logging_mixin.py:120} INFO - [2024-11-28T11:24:29.239+0000] {dagbag.py:537} INFO - Filling up the DagBag from /opt/airflow/dags/snowflake_dag.py
[2024-11-28T11:24:29.282+0000] {processor.py:766} INFO - DAG(s) dict_keys(['snowflake_demo_dag']) retrieved from /opt/airflow/dags/snowflake_dag.py
[2024-11-28T11:24:29.310+0000] {logging_mixin.py:120} INFO - [2024-11-28T11:24:29.309+0000] {dag.py:2585} INFO - Sync 1 DAGs
[2024-11-28T11:24:29.323+0000] {logging_mixin.py:120} INFO - [2024-11-28T11:24:29.323+0000] {dag.py:3340} INFO - Setting next_dagrun for snowflake_demo_dag to None, run_after=None
[2024-11-28T11:24:29.335+0000] {processor.py:176} INFO - Processing /opt/airflow/dags/snowflake_dag.py took 0.107 seconds
[2024-11-28T11:24:59.524+0000] {processor.py:154} INFO - Started process (PID=112) to work on /opt/airflow/dags/snowflake_dag.py
[2024-11-28T11:24:59.526+0000] {processor.py:756} INFO - Processing file /opt/airflow/dags/snowflake_dag.py for tasks to queue
[2024-11-28T11:24:59.527+0000] {logging_mixin.py:120} INFO - [2024-11-28T11:24:59.527+0000] {dagbag.py:537} INFO - Filling up the DagBag from /opt/airflow/dags/snowflake_dag.py
[2024-11-28T11:24:59.594+0000] {processor.py:766} INFO - DAG(s) dict_keys(['snowflake_demo_dag']) retrieved from /opt/airflow/dags/snowflake_dag.py
[2024-11-28T11:24:59.633+0000] {logging_mixin.py:120} INFO - [2024-11-28T11:24:59.633+0000] {dag.py:2585} INFO - Sync 1 DAGs
[2024-11-28T11:24:59.648+0000] {logging_mixin.py:120} INFO - [2024-11-28T11:24:59.647+0000] {dag.py:3340} INFO - Setting next_dagrun for snowflake_demo_dag to None, run_after=None
[2024-11-28T11:24:59.660+0000] {processor.py:176} INFO - Processing /opt/airflow/dags/snowflake_dag.py took 0.142 seconds
[2024-11-28T11:25:29.981+0000] {processor.py:154} INFO - Started process (PID=141) to work on /opt/airflow/dags/snowflake_dag.py
[2024-11-28T11:25:29.983+0000] {processor.py:756} INFO - Processing file /opt/airflow/dags/snowflake_dag.py for tasks to queue
[2024-11-28T11:25:29.986+0000] {logging_mixin.py:120} INFO - [2024-11-28T11:25:29.986+0000] {dagbag.py:537} INFO - Filling up the DagBag from /opt/airflow/dags/snowflake_dag.py
[2024-11-28T11:25:30.016+0000] {processor.py:766} INFO - DAG(s) dict_keys(['snowflake_demo_dag']) retrieved from /opt/airflow/dags/snowflake_dag.py
[2024-11-28T11:25:30.044+0000] {logging_mixin.py:120} INFO - [2024-11-28T11:25:30.044+0000] {dag.py:2585} INFO - Sync 1 DAGs
[2024-11-28T11:25:30.057+0000] {logging_mixin.py:120} INFO - [2024-11-28T11:25:30.057+0000] {dag.py:3340} INFO - Setting next_dagrun for snowflake_demo_dag to None, run_after=None
[2024-11-28T11:25:30.071+0000] {processor.py:176} INFO - Processing /opt/airflow/dags/snowflake_dag.py took 0.097 seconds
[2024-11-28T11:26:00.374+0000] {processor.py:154} INFO - Started process (PID=170) to work on /opt/airflow/dags/snowflake_dag.py
[2024-11-28T11:26:00.376+0000] {processor.py:756} INFO - Processing file /opt/airflow/dags/snowflake_dag.py for tasks to queue
[2024-11-28T11:26:00.377+0000] {logging_mixin.py:120} INFO - [2024-11-28T11:26:00.377+0000] {dagbag.py:537} INFO - Filling up the DagBag from /opt/airflow/dags/snowflake_dag.py
[2024-11-28T11:26:00.415+0000] {processor.py:766} INFO - DAG(s) dict_keys(['snowflake_demo_dag']) retrieved from /opt/airflow/dags/snowflake_dag.py
[2024-11-28T11:26:00.444+0000] {logging_mixin.py:120} INFO - [2024-11-28T11:26:00.444+0000] {dag.py:2585} INFO - Sync 1 DAGs
[2024-11-28T11:26:00.456+0000] {logging_mixin.py:120} INFO - [2024-11-28T11:26:00.456+0000] {dag.py:3340} INFO - Setting next_dagrun for snowflake_demo_dag to None, run_after=None
[2024-11-28T11:26:00.468+0000] {processor.py:176} INFO - Processing /opt/airflow/dags/snowflake_dag.py took 0.099 seconds
[2024-11-28T11:26:30.758+0000] {processor.py:154} INFO - Started process (PID=199) to work on /opt/airflow/dags/snowflake_dag.py
[2024-11-28T11:26:30.759+0000] {processor.py:756} INFO - Processing file /opt/airflow/dags/snowflake_dag.py for tasks to queue
[2024-11-28T11:26:30.759+0000] {logging_mixin.py:120} INFO - [2024-11-28T11:26:30.759+0000] {dagbag.py:537} INFO - Filling up the DagBag from /opt/airflow/dags/snowflake_dag.py
[2024-11-28T11:26:30.781+0000] {processor.py:766} INFO - DAG(s) dict_keys(['snowflake_demo_dag']) retrieved from /opt/airflow/dags/snowflake_dag.py
[2024-11-28T11:26:30.810+0000] {logging_mixin.py:120} INFO - [2024-11-28T11:26:30.810+0000] {dag.py:2585} INFO - Sync 1 DAGs
[2024-11-28T11:26:30.823+0000] {logging_mixin.py:120} INFO - [2024-11-28T11:26:30.823+0000] {dag.py:3340} INFO - Setting next_dagrun for snowflake_demo_dag to None, run_after=None
[2024-11-28T11:26:30.834+0000] {processor.py:176} INFO - Processing /opt/airflow/dags/snowflake_dag.py took 0.078 seconds
[2024-11-28T11:27:01.097+0000] {processor.py:154} INFO - Started process (PID=228) to work on /opt/airflow/dags/snowflake_dag.py
[2024-11-28T11:27:01.098+0000] {processor.py:756} INFO - Processing file /opt/airflow/dags/snowflake_dag.py for tasks to queue
[2024-11-28T11:27:01.099+0000] {logging_mixin.py:120} INFO - [2024-11-28T11:27:01.099+0000] {dagbag.py:537} INFO - Filling up the DagBag from /opt/airflow/dags/snowflake_dag.py
[2024-11-28T11:27:01.127+0000] {processor.py:766} INFO - DAG(s) dict_keys(['snowflake_demo_dag']) retrieved from /opt/airflow/dags/snowflake_dag.py
[2024-11-28T11:27:01.155+0000] {logging_mixin.py:120} INFO - [2024-11-28T11:27:01.155+0000] {dag.py:2585} INFO - Sync 1 DAGs
[2024-11-28T11:27:01.170+0000] {logging_mixin.py:120} INFO - [2024-11-28T11:27:01.170+0000] {dag.py:3340} INFO - Setting next_dagrun for snowflake_demo_dag to None, run_after=None
[2024-11-28T11:27:01.185+0000] {processor.py:176} INFO - Processing /opt/airflow/dags/snowflake_dag.py took 0.091 seconds
[2024-11-28T11:27:31.443+0000] {processor.py:154} INFO - Started process (PID=248) to work on /opt/airflow/dags/snowflake_dag.py
[2024-11-28T11:27:31.445+0000] {processor.py:756} INFO - Processing file /opt/airflow/dags/snowflake_dag.py for tasks to queue
[2024-11-28T11:27:31.447+0000] {logging_mixin.py:120} INFO - [2024-11-28T11:27:31.447+0000] {dagbag.py:537} INFO - Filling up the DagBag from /opt/airflow/dags/snowflake_dag.py
[2024-11-28T11:27:31.483+0000] {processor.py:766} INFO - DAG(s) dict_keys(['snowflake_demo_dag']) retrieved from /opt/airflow/dags/snowflake_dag.py
[2024-11-28T11:27:31.512+0000] {logging_mixin.py:120} INFO - [2024-11-28T11:27:31.512+0000] {dag.py:2585} INFO - Sync 1 DAGs
[2024-11-28T11:27:31.526+0000] {logging_mixin.py:120} INFO - [2024-11-28T11:27:31.526+0000] {dag.py:3340} INFO - Setting next_dagrun for snowflake_demo_dag to None, run_after=None
[2024-11-28T11:27:31.540+0000] {processor.py:176} INFO - Processing /opt/airflow/dags/snowflake_dag.py took 0.102 seconds
[2024-11-28T11:34:54.361+0000] {processor.py:154} INFO - Started process (PID=259) to work on /opt/airflow/dags/snowflake_dag.py
[2024-11-28T11:34:54.363+0000] {processor.py:756} INFO - Processing file /opt/airflow/dags/snowflake_dag.py for tasks to queue
[2024-11-28T11:34:54.364+0000] {logging_mixin.py:120} INFO - [2024-11-28T11:34:54.364+0000] {dagbag.py:537} INFO - Filling up the DagBag from /opt/airflow/dags/snowflake_dag.py
[2024-11-28T11:34:54.392+0000] {processor.py:766} INFO - DAG(s) dict_keys(['snowflake_demo_dag']) retrieved from /opt/airflow/dags/snowflake_dag.py
[2024-11-28T11:34:54.430+0000] {logging_mixin.py:120} INFO - [2024-11-28T11:34:54.430+0000] {dag.py:2585} INFO - Sync 1 DAGs
[2024-11-28T11:34:54.449+0000] {logging_mixin.py:120} INFO - [2024-11-28T11:34:54.449+0000] {dag.py:3340} INFO - Setting next_dagrun for snowflake_demo_dag to None, run_after=None
[2024-11-28T11:34:54.464+0000] {processor.py:176} INFO - Processing /opt/airflow/dags/snowflake_dag.py took 0.107 seconds
[2024-11-28T11:35:24.843+0000] {processor.py:154} INFO - Started process (PID=288) to work on /opt/airflow/dags/snowflake_dag.py
[2024-11-28T11:35:24.844+0000] {processor.py:756} INFO - Processing file /opt/airflow/dags/snowflake_dag.py for tasks to queue
[2024-11-28T11:35:24.845+0000] {logging_mixin.py:120} INFO - [2024-11-28T11:35:24.845+0000] {dagbag.py:537} INFO - Filling up the DagBag from /opt/airflow/dags/snowflake_dag.py
[2024-11-28T11:35:24.883+0000] {processor.py:766} INFO - DAG(s) dict_keys(['snowflake_demo_dag']) retrieved from /opt/airflow/dags/snowflake_dag.py
[2024-11-28T11:35:24.914+0000] {logging_mixin.py:120} INFO - [2024-11-28T11:35:24.914+0000] {dag.py:2585} INFO - Sync 1 DAGs
[2024-11-28T11:35:24.930+0000] {logging_mixin.py:120} INFO - [2024-11-28T11:35:24.930+0000] {dag.py:3340} INFO - Setting next_dagrun for snowflake_demo_dag to None, run_after=None
[2024-11-28T11:35:24.942+0000] {processor.py:176} INFO - Processing /opt/airflow/dags/snowflake_dag.py took 0.105 seconds
[2024-11-28T11:35:55.111+0000] {processor.py:154} INFO - Started process (PID=315) to work on /opt/airflow/dags/snowflake_dag.py
[2024-11-28T11:35:55.112+0000] {processor.py:756} INFO - Processing file /opt/airflow/dags/snowflake_dag.py for tasks to queue
[2024-11-28T11:35:55.113+0000] {logging_mixin.py:120} INFO - [2024-11-28T11:35:55.112+0000] {dagbag.py:537} INFO - Filling up the DagBag from /opt/airflow/dags/snowflake_dag.py
[2024-11-28T11:35:55.139+0000] {processor.py:766} INFO - DAG(s) dict_keys(['snowflake_demo_dag']) retrieved from /opt/airflow/dags/snowflake_dag.py
[2024-11-28T11:35:55.170+0000] {logging_mixin.py:120} INFO - [2024-11-28T11:35:55.170+0000] {dag.py:2585} INFO - Sync 1 DAGs
[2024-11-28T11:35:55.186+0000] {logging_mixin.py:120} INFO - [2024-11-28T11:35:55.186+0000] {dag.py:3340} INFO - Setting next_dagrun for snowflake_demo_dag to None, run_after=None
[2024-11-28T11:35:55.202+0000] {processor.py:176} INFO - Processing /opt/airflow/dags/snowflake_dag.py took 0.094 seconds
[2024-11-28T11:36:25.503+0000] {processor.py:154} INFO - Started process (PID=337) to work on /opt/airflow/dags/snowflake_dag.py
[2024-11-28T11:36:25.505+0000] {processor.py:756} INFO - Processing file /opt/airflow/dags/snowflake_dag.py for tasks to queue
[2024-11-28T11:36:25.506+0000] {logging_mixin.py:120} INFO - [2024-11-28T11:36:25.505+0000] {dagbag.py:537} INFO - Filling up the DagBag from /opt/airflow/dags/snowflake_dag.py
[2024-11-28T11:36:25.541+0000] {processor.py:766} INFO - DAG(s) dict_keys(['snowflake_demo_dag']) retrieved from /opt/airflow/dags/snowflake_dag.py
[2024-11-28T11:36:25.567+0000] {logging_mixin.py:120} INFO - [2024-11-28T11:36:25.567+0000] {dag.py:2585} INFO - Sync 1 DAGs
[2024-11-28T11:36:25.580+0000] {logging_mixin.py:120} INFO - [2024-11-28T11:36:25.580+0000] {dag.py:3340} INFO - Setting next_dagrun for snowflake_demo_dag to None, run_after=None
[2024-11-28T11:36:25.591+0000] {processor.py:176} INFO - Processing /opt/airflow/dags/snowflake_dag.py took 0.093 seconds
[2024-11-28T11:36:55.875+0000] {processor.py:154} INFO - Started process (PID=365) to work on /opt/airflow/dags/snowflake_dag.py
[2024-11-28T11:36:55.876+0000] {processor.py:756} INFO - Processing file /opt/airflow/dags/snowflake_dag.py for tasks to queue
[2024-11-28T11:36:55.877+0000] {logging_mixin.py:120} INFO - [2024-11-28T11:36:55.877+0000] {dagbag.py:537} INFO - Filling up the DagBag from /opt/airflow/dags/snowflake_dag.py
[2024-11-28T11:36:55.911+0000] {processor.py:766} INFO - DAG(s) dict_keys(['snowflake_demo_dag']) retrieved from /opt/airflow/dags/snowflake_dag.py
[2024-11-28T11:36:55.948+0000] {logging_mixin.py:120} INFO - [2024-11-28T11:36:55.948+0000] {dag.py:2585} INFO - Sync 1 DAGs
[2024-11-28T11:36:55.964+0000] {logging_mixin.py:120} INFO - [2024-11-28T11:36:55.964+0000] {dag.py:3340} INFO - Setting next_dagrun for snowflake_demo_dag to None, run_after=None
[2024-11-28T11:36:55.981+0000] {processor.py:176} INFO - Processing /opt/airflow/dags/snowflake_dag.py took 0.112 seconds
[2024-11-28T11:37:26.229+0000] {processor.py:154} INFO - Started process (PID=393) to work on /opt/airflow/dags/snowflake_dag.py
[2024-11-28T11:37:26.230+0000] {processor.py:756} INFO - Processing file /opt/airflow/dags/snowflake_dag.py for tasks to queue
[2024-11-28T11:37:26.231+0000] {logging_mixin.py:120} INFO - [2024-11-28T11:37:26.231+0000] {dagbag.py:537} INFO - Filling up the DagBag from /opt/airflow/dags/snowflake_dag.py
[2024-11-28T11:37:26.267+0000] {processor.py:766} INFO - DAG(s) dict_keys(['snowflake_demo_dag']) retrieved from /opt/airflow/dags/snowflake_dag.py
[2024-11-28T11:37:26.297+0000] {logging_mixin.py:120} INFO - [2024-11-28T11:37:26.297+0000] {dag.py:2585} INFO - Sync 1 DAGs
[2024-11-28T11:37:26.312+0000] {logging_mixin.py:120} INFO - [2024-11-28T11:37:26.311+0000] {dag.py:3340} INFO - Setting next_dagrun for snowflake_demo_dag to None, run_after=None
[2024-11-28T11:37:26.327+0000] {processor.py:176} INFO - Processing /opt/airflow/dags/snowflake_dag.py took 0.102 seconds
[2024-11-28T11:37:56.608+0000] {processor.py:154} INFO - Started process (PID=422) to work on /opt/airflow/dags/snowflake_dag.py
[2024-11-28T11:37:56.611+0000] {processor.py:756} INFO - Processing file /opt/airflow/dags/snowflake_dag.py for tasks to queue
[2024-11-28T11:37:56.612+0000] {logging_mixin.py:120} INFO - [2024-11-28T11:37:56.612+0000] {dagbag.py:537} INFO - Filling up the DagBag from /opt/airflow/dags/snowflake_dag.py
[2024-11-28T11:37:56.650+0000] {processor.py:766} INFO - DAG(s) dict_keys(['snowflake_demo_dag']) retrieved from /opt/airflow/dags/snowflake_dag.py
[2024-11-28T11:37:56.682+0000] {logging_mixin.py:120} INFO - [2024-11-28T11:37:56.682+0000] {dag.py:2585} INFO - Sync 1 DAGs
[2024-11-28T11:37:56.697+0000] {logging_mixin.py:120} INFO - [2024-11-28T11:37:56.697+0000] {dag.py:3340} INFO - Setting next_dagrun for snowflake_demo_dag to None, run_after=None
[2024-11-28T11:37:56.710+0000] {processor.py:176} INFO - Processing /opt/airflow/dags/snowflake_dag.py took 0.107 seconds
[2024-11-28T11:38:26.871+0000] {processor.py:154} INFO - Started process (PID=451) to work on /opt/airflow/dags/snowflake_dag.py
[2024-11-28T11:38:26.873+0000] {processor.py:756} INFO - Processing file /opt/airflow/dags/snowflake_dag.py for tasks to queue
[2024-11-28T11:38:26.874+0000] {logging_mixin.py:120} INFO - [2024-11-28T11:38:26.874+0000] {dagbag.py:537} INFO - Filling up the DagBag from /opt/airflow/dags/snowflake_dag.py
[2024-11-28T11:38:26.910+0000] {processor.py:766} INFO - DAG(s) dict_keys(['snowflake_demo_dag']) retrieved from /opt/airflow/dags/snowflake_dag.py
[2024-11-28T11:38:26.941+0000] {logging_mixin.py:120} INFO - [2024-11-28T11:38:26.941+0000] {dag.py:2585} INFO - Sync 1 DAGs
[2024-11-28T11:38:26.956+0000] {logging_mixin.py:120} INFO - [2024-11-28T11:38:26.956+0000] {dag.py:3340} INFO - Setting next_dagrun for snowflake_demo_dag to None, run_after=None
[2024-11-28T11:38:26.969+0000] {processor.py:176} INFO - Processing /opt/airflow/dags/snowflake_dag.py took 0.103 seconds
[2024-11-28T11:38:57.285+0000] {processor.py:154} INFO - Started process (PID=471) to work on /opt/airflow/dags/snowflake_dag.py
[2024-11-28T11:38:57.287+0000] {processor.py:756} INFO - Processing file /opt/airflow/dags/snowflake_dag.py for tasks to queue
[2024-11-28T11:38:57.288+0000] {logging_mixin.py:120} INFO - [2024-11-28T11:38:57.288+0000] {dagbag.py:537} INFO - Filling up the DagBag from /opt/airflow/dags/snowflake_dag.py
[2024-11-28T11:38:57.337+0000] {processor.py:766} INFO - DAG(s) dict_keys(['snowflake_demo_dag']) retrieved from /opt/airflow/dags/snowflake_dag.py
[2024-11-28T11:38:57.382+0000] {logging_mixin.py:120} INFO - [2024-11-28T11:38:57.382+0000] {dag.py:2585} INFO - Sync 1 DAGs
[2024-11-28T11:38:57.402+0000] {logging_mixin.py:120} INFO - [2024-11-28T11:38:57.402+0000] {dag.py:3340} INFO - Setting next_dagrun for snowflake_demo_dag to None, run_after=None
[2024-11-28T11:38:57.415+0000] {processor.py:176} INFO - Processing /opt/airflow/dags/snowflake_dag.py took 0.137 seconds
[2024-11-28T11:39:27.676+0000] {processor.py:154} INFO - Started process (PID=500) to work on /opt/airflow/dags/snowflake_dag.py
[2024-11-28T11:39:27.678+0000] {processor.py:756} INFO - Processing file /opt/airflow/dags/snowflake_dag.py for tasks to queue
[2024-11-28T11:39:27.679+0000] {logging_mixin.py:120} INFO - [2024-11-28T11:39:27.679+0000] {dagbag.py:537} INFO - Filling up the DagBag from /opt/airflow/dags/snowflake_dag.py
[2024-11-28T11:39:27.710+0000] {processor.py:766} INFO - DAG(s) dict_keys(['snowflake_demo_dag']) retrieved from /opt/airflow/dags/snowflake_dag.py
[2024-11-28T11:39:27.738+0000] {logging_mixin.py:120} INFO - [2024-11-28T11:39:27.738+0000] {dag.py:2585} INFO - Sync 1 DAGs
[2024-11-28T11:39:27.754+0000] {logging_mixin.py:120} INFO - [2024-11-28T11:39:27.754+0000] {dag.py:3340} INFO - Setting next_dagrun for snowflake_demo_dag to None, run_after=None
[2024-11-28T11:39:27.766+0000] {processor.py:176} INFO - Processing /opt/airflow/dags/snowflake_dag.py took 0.093 seconds
[2024-11-28T11:39:58.047+0000] {processor.py:154} INFO - Started process (PID=529) to work on /opt/airflow/dags/snowflake_dag.py
[2024-11-28T11:39:58.049+0000] {processor.py:756} INFO - Processing file /opt/airflow/dags/snowflake_dag.py for tasks to queue
[2024-11-28T11:39:58.050+0000] {logging_mixin.py:120} INFO - [2024-11-28T11:39:58.050+0000] {dagbag.py:537} INFO - Filling up the DagBag from /opt/airflow/dags/snowflake_dag.py
[2024-11-28T11:39:58.087+0000] {processor.py:766} INFO - DAG(s) dict_keys(['snowflake_demo_dag']) retrieved from /opt/airflow/dags/snowflake_dag.py
[2024-11-28T11:39:58.115+0000] {logging_mixin.py:120} INFO - [2024-11-28T11:39:58.115+0000] {dag.py:2585} INFO - Sync 1 DAGs
[2024-11-28T11:39:58.131+0000] {logging_mixin.py:120} INFO - [2024-11-28T11:39:58.131+0000] {dag.py:3340} INFO - Setting next_dagrun for snowflake_demo_dag to None, run_after=None
[2024-11-28T11:39:58.142+0000] {processor.py:176} INFO - Processing /opt/airflow/dags/snowflake_dag.py took 0.100 seconds
[2024-11-28T11:40:28.277+0000] {processor.py:154} INFO - Started process (PID=558) to work on /opt/airflow/dags/snowflake_dag.py
[2024-11-28T11:40:28.279+0000] {processor.py:756} INFO - Processing file /opt/airflow/dags/snowflake_dag.py for tasks to queue
[2024-11-28T11:40:28.279+0000] {logging_mixin.py:120} INFO - [2024-11-28T11:40:28.279+0000] {dagbag.py:537} INFO - Filling up the DagBag from /opt/airflow/dags/snowflake_dag.py
[2024-11-28T11:40:28.312+0000] {processor.py:766} INFO - DAG(s) dict_keys(['snowflake_demo_dag']) retrieved from /opt/airflow/dags/snowflake_dag.py
[2024-11-28T11:40:28.337+0000] {logging_mixin.py:120} INFO - [2024-11-28T11:40:28.337+0000] {dag.py:2585} INFO - Sync 1 DAGs
[2024-11-28T11:40:28.350+0000] {logging_mixin.py:120} INFO - [2024-11-28T11:40:28.350+0000] {dag.py:3340} INFO - Setting next_dagrun for snowflake_demo_dag to None, run_after=None
[2024-11-28T11:40:28.361+0000] {processor.py:176} INFO - Processing /opt/airflow/dags/snowflake_dag.py took 0.089 seconds
[2024-11-28T11:40:58.628+0000] {processor.py:154} INFO - Started process (PID=587) to work on /opt/airflow/dags/snowflake_dag.py
[2024-11-28T11:40:58.630+0000] {processor.py:756} INFO - Processing file /opt/airflow/dags/snowflake_dag.py for tasks to queue
[2024-11-28T11:40:58.631+0000] {logging_mixin.py:120} INFO - [2024-11-28T11:40:58.631+0000] {dagbag.py:537} INFO - Filling up the DagBag from /opt/airflow/dags/snowflake_dag.py
[2024-11-28T11:40:58.661+0000] {processor.py:766} INFO - DAG(s) dict_keys(['snowflake_demo_dag']) retrieved from /opt/airflow/dags/snowflake_dag.py
[2024-11-28T11:40:58.687+0000] {logging_mixin.py:120} INFO - [2024-11-28T11:40:58.687+0000] {dag.py:2585} INFO - Sync 1 DAGs
[2024-11-28T11:40:58.703+0000] {logging_mixin.py:120} INFO - [2024-11-28T11:40:58.703+0000] {dag.py:3340} INFO - Setting next_dagrun for snowflake_demo_dag to None, run_after=None
[2024-11-28T11:40:58.715+0000] {processor.py:176} INFO - Processing /opt/airflow/dags/snowflake_dag.py took 0.093 seconds
[2024-11-28T11:41:28.916+0000] {processor.py:154} INFO - Started process (PID=616) to work on /opt/airflow/dags/snowflake_dag.py
[2024-11-28T11:41:28.917+0000] {processor.py:756} INFO - Processing file /opt/airflow/dags/snowflake_dag.py for tasks to queue
[2024-11-28T11:41:28.919+0000] {logging_mixin.py:120} INFO - [2024-11-28T11:41:28.919+0000] {dagbag.py:537} INFO - Filling up the DagBag from /opt/airflow/dags/snowflake_dag.py
[2024-11-28T11:41:28.950+0000] {processor.py:766} INFO - DAG(s) dict_keys(['snowflake_demo_dag']) retrieved from /opt/airflow/dags/snowflake_dag.py
[2024-11-28T11:41:28.992+0000] {logging_mixin.py:120} INFO - [2024-11-28T11:41:28.992+0000] {dag.py:2585} INFO - Sync 1 DAGs
[2024-11-28T11:41:29.011+0000] {logging_mixin.py:120} INFO - [2024-11-28T11:41:29.011+0000] {dag.py:3340} INFO - Setting next_dagrun for snowflake_demo_dag to None, run_after=None
[2024-11-28T11:41:29.029+0000] {processor.py:176} INFO - Processing /opt/airflow/dags/snowflake_dag.py took 0.117 seconds
[2024-11-28T11:41:59.333+0000] {processor.py:154} INFO - Started process (PID=636) to work on /opt/airflow/dags/snowflake_dag.py
[2024-11-28T11:41:59.335+0000] {processor.py:756} INFO - Processing file /opt/airflow/dags/snowflake_dag.py for tasks to queue
[2024-11-28T11:41:59.336+0000] {logging_mixin.py:120} INFO - [2024-11-28T11:41:59.336+0000] {dagbag.py:537} INFO - Filling up the DagBag from /opt/airflow/dags/snowflake_dag.py
[2024-11-28T11:41:59.376+0000] {processor.py:766} INFO - DAG(s) dict_keys(['snowflake_demo_dag']) retrieved from /opt/airflow/dags/snowflake_dag.py
[2024-11-28T11:41:59.410+0000] {logging_mixin.py:120} INFO - [2024-11-28T11:41:59.410+0000] {dag.py:2585} INFO - Sync 1 DAGs
[2024-11-28T11:41:59.428+0000] {logging_mixin.py:120} INFO - [2024-11-28T11:41:59.428+0000] {dag.py:3340} INFO - Setting next_dagrun for snowflake_demo_dag to None, run_after=None
[2024-11-28T11:41:59.445+0000] {processor.py:176} INFO - Processing /opt/airflow/dags/snowflake_dag.py took 0.119 seconds
[2024-11-28T11:42:29.646+0000] {processor.py:154} INFO - Started process (PID=666) to work on /opt/airflow/dags/snowflake_dag.py
[2024-11-28T11:42:29.649+0000] {processor.py:756} INFO - Processing file /opt/airflow/dags/snowflake_dag.py for tasks to queue
[2024-11-28T11:42:29.651+0000] {logging_mixin.py:120} INFO - [2024-11-28T11:42:29.650+0000] {dagbag.py:537} INFO - Filling up the DagBag from /opt/airflow/dags/snowflake_dag.py
[2024-11-28T11:42:29.707+0000] {processor.py:766} INFO - DAG(s) dict_keys(['snowflake_demo_dag']) retrieved from /opt/airflow/dags/snowflake_dag.py
[2024-11-28T11:42:29.742+0000] {logging_mixin.py:120} INFO - [2024-11-28T11:42:29.742+0000] {dag.py:2585} INFO - Sync 1 DAGs
[2024-11-28T11:42:29.762+0000] {logging_mixin.py:120} INFO - [2024-11-28T11:42:29.762+0000] {dag.py:3340} INFO - Setting next_dagrun for snowflake_demo_dag to None, run_after=None
[2024-11-28T11:42:29.779+0000] {processor.py:176} INFO - Processing /opt/airflow/dags/snowflake_dag.py took 0.142 seconds
[2024-11-28T11:42:59.914+0000] {processor.py:154} INFO - Started process (PID=695) to work on /opt/airflow/dags/snowflake_dag.py
[2024-11-28T11:42:59.915+0000] {processor.py:756} INFO - Processing file /opt/airflow/dags/snowflake_dag.py for tasks to queue
[2024-11-28T11:42:59.916+0000] {logging_mixin.py:120} INFO - [2024-11-28T11:42:59.916+0000] {dagbag.py:537} INFO - Filling up the DagBag from /opt/airflow/dags/snowflake_dag.py
[2024-11-28T11:42:59.949+0000] {processor.py:766} INFO - DAG(s) dict_keys(['snowflake_demo_dag']) retrieved from /opt/airflow/dags/snowflake_dag.py
[2024-11-28T11:42:59.982+0000] {logging_mixin.py:120} INFO - [2024-11-28T11:42:59.982+0000] {dag.py:2585} INFO - Sync 1 DAGs
[2024-11-28T11:42:59.998+0000] {logging_mixin.py:120} INFO - [2024-11-28T11:42:59.998+0000] {dag.py:3340} INFO - Setting next_dagrun for snowflake_demo_dag to None, run_after=None
[2024-11-28T11:43:00.015+0000] {processor.py:176} INFO - Processing /opt/airflow/dags/snowflake_dag.py took 0.104 seconds
[2024-11-28T11:43:30.330+0000] {processor.py:154} INFO - Started process (PID=724) to work on /opt/airflow/dags/snowflake_dag.py
[2024-11-28T11:43:30.332+0000] {processor.py:756} INFO - Processing file /opt/airflow/dags/snowflake_dag.py for tasks to queue
[2024-11-28T11:43:30.333+0000] {logging_mixin.py:120} INFO - [2024-11-28T11:43:30.333+0000] {dagbag.py:537} INFO - Filling up the DagBag from /opt/airflow/dags/snowflake_dag.py
[2024-11-28T11:43:30.364+0000] {processor.py:766} INFO - DAG(s) dict_keys(['snowflake_demo_dag']) retrieved from /opt/airflow/dags/snowflake_dag.py
[2024-11-28T11:43:30.396+0000] {logging_mixin.py:120} INFO - [2024-11-28T11:43:30.396+0000] {dag.py:2585} INFO - Sync 1 DAGs
[2024-11-28T11:43:30.408+0000] {logging_mixin.py:120} INFO - [2024-11-28T11:43:30.408+0000] {dag.py:3340} INFO - Setting next_dagrun for snowflake_demo_dag to None, run_after=None
[2024-11-28T11:43:30.420+0000] {processor.py:176} INFO - Processing /opt/airflow/dags/snowflake_dag.py took 0.095 seconds
[2024-11-28T11:44:00.740+0000] {processor.py:154} INFO - Started process (PID=753) to work on /opt/airflow/dags/snowflake_dag.py
[2024-11-28T11:44:00.742+0000] {processor.py:756} INFO - Processing file /opt/airflow/dags/snowflake_dag.py for tasks to queue
[2024-11-28T11:44:00.743+0000] {logging_mixin.py:120} INFO - [2024-11-28T11:44:00.743+0000] {dagbag.py:537} INFO - Filling up the DagBag from /opt/airflow/dags/snowflake_dag.py
[2024-11-28T11:44:00.775+0000] {processor.py:766} INFO - DAG(s) dict_keys(['snowflake_demo_dag']) retrieved from /opt/airflow/dags/snowflake_dag.py
[2024-11-28T11:44:00.817+0000] {logging_mixin.py:120} INFO - [2024-11-28T11:44:00.817+0000] {dag.py:2585} INFO - Sync 1 DAGs
[2024-11-28T11:44:00.840+0000] {logging_mixin.py:120} INFO - [2024-11-28T11:44:00.840+0000] {dag.py:3340} INFO - Setting next_dagrun for snowflake_demo_dag to None, run_after=None
[2024-11-28T11:44:00.860+0000] {processor.py:176} INFO - Processing /opt/airflow/dags/snowflake_dag.py took 0.126 seconds
[2024-11-28T11:44:30.980+0000] {processor.py:154} INFO - Started process (PID=773) to work on /opt/airflow/dags/snowflake_dag.py
[2024-11-28T11:44:30.981+0000] {processor.py:756} INFO - Processing file /opt/airflow/dags/snowflake_dag.py for tasks to queue
[2024-11-28T11:44:30.982+0000] {logging_mixin.py:120} INFO - [2024-11-28T11:44:30.982+0000] {dagbag.py:537} INFO - Filling up the DagBag from /opt/airflow/dags/snowflake_dag.py
[2024-11-28T11:44:31.010+0000] {processor.py:766} INFO - DAG(s) dict_keys(['snowflake_demo_dag']) retrieved from /opt/airflow/dags/snowflake_dag.py
[2024-11-28T11:44:31.035+0000] {logging_mixin.py:120} INFO - [2024-11-28T11:44:31.035+0000] {dag.py:2585} INFO - Sync 1 DAGs
[2024-11-28T11:44:31.051+0000] {logging_mixin.py:120} INFO - [2024-11-28T11:44:31.051+0000] {dag.py:3340} INFO - Setting next_dagrun for snowflake_demo_dag to None, run_after=None
[2024-11-28T11:44:31.067+0000] {processor.py:176} INFO - Processing /opt/airflow/dags/snowflake_dag.py took 0.092 seconds
[2024-11-28T11:45:01.351+0000] {processor.py:154} INFO - Started process (PID=802) to work on /opt/airflow/dags/snowflake_dag.py
[2024-11-28T11:45:01.353+0000] {processor.py:756} INFO - Processing file /opt/airflow/dags/snowflake_dag.py for tasks to queue
[2024-11-28T11:45:01.353+0000] {logging_mixin.py:120} INFO - [2024-11-28T11:45:01.353+0000] {dagbag.py:537} INFO - Filling up the DagBag from /opt/airflow/dags/snowflake_dag.py
[2024-11-28T11:45:01.384+0000] {processor.py:766} INFO - DAG(s) dict_keys(['snowflake_demo_dag']) retrieved from /opt/airflow/dags/snowflake_dag.py
[2024-11-28T11:45:01.412+0000] {logging_mixin.py:120} INFO - [2024-11-28T11:45:01.411+0000] {dag.py:2585} INFO - Sync 1 DAGs
[2024-11-28T11:45:01.432+0000] {logging_mixin.py:120} INFO - [2024-11-28T11:45:01.432+0000] {dag.py:3340} INFO - Setting next_dagrun for snowflake_demo_dag to None, run_after=None
[2024-11-28T11:45:01.444+0000] {processor.py:176} INFO - Processing /opt/airflow/dags/snowflake_dag.py took 0.097 seconds
[2024-11-28T11:45:31.685+0000] {processor.py:154} INFO - Started process (PID=830) to work on /opt/airflow/dags/snowflake_dag.py
[2024-11-28T11:45:31.686+0000] {processor.py:756} INFO - Processing file /opt/airflow/dags/snowflake_dag.py for tasks to queue
[2024-11-28T11:45:31.687+0000] {logging_mixin.py:120} INFO - [2024-11-28T11:45:31.687+0000] {dagbag.py:537} INFO - Filling up the DagBag from /opt/airflow/dags/snowflake_dag.py
[2024-11-28T11:45:31.712+0000] {processor.py:766} INFO - DAG(s) dict_keys(['snowflake_demo_dag']) retrieved from /opt/airflow/dags/snowflake_dag.py
[2024-11-28T11:45:36.267+0000] {logging_mixin.py:120} INFO - [2024-11-28T11:45:36.266+0000] {dag.py:2585} INFO - Sync 1 DAGs
[2024-11-28T11:45:36.379+0000] {logging_mixin.py:120} INFO - [2024-11-28T11:45:36.378+0000] {dag.py:3340} INFO - Setting next_dagrun for snowflake_demo_dag to None, run_after=None
[2024-11-28T11:45:36.431+0000] {processor.py:176} INFO - Processing /opt/airflow/dags/snowflake_dag.py took 4.750 seconds
