[2024-11-28T10:00:08.685+0000] {taskinstance.py:1165} INFO - Dependencies all met for <TaskInstance: tutorial.sleep scheduled__2024-11-19T00:00:00+00:00 [queued]>
[2024-11-28T10:00:08.698+0000] {taskinstance.py:1165} INFO - Dependencies all met for <TaskInstance: tutorial.sleep scheduled__2024-11-19T00:00:00+00:00 [queued]>
[2024-11-28T10:00:08.702+0000] {taskinstance.py:1362} INFO - 
--------------------------------------------------------------------------------
[2024-11-28T10:00:08.703+0000] {taskinstance.py:1363} INFO - Starting attempt 1 of 4
[2024-11-28T10:00:08.703+0000] {taskinstance.py:1364} INFO - 
--------------------------------------------------------------------------------
[2024-11-28T10:00:08.770+0000] {taskinstance.py:1383} INFO - Executing <Task(BashOperator): sleep> on 2024-11-19 00:00:00+00:00
[2024-11-28T10:00:08.783+0000] {standard_task_runner.py:55} INFO - Started process 99 to run task
[2024-11-28T10:00:08.786+0000] {standard_task_runner.py:82} INFO - Running: ['***', 'tasks', 'run', 'tutorial', 'sleep', 'scheduled__2024-11-19T00:00:00+00:00', '--job-id', '15', '--raw', '--subdir', 'DAGS_FOLDER/tuto.py', '--cfg-path', '/tmp/tmpkqkaqvg6']
[2024-11-28T10:00:08.791+0000] {standard_task_runner.py:83} INFO - Job 15: Subtask sleep
[2024-11-28T10:00:08.869+0000] {task_command.py:376} INFO - Running <TaskInstance: tutorial.sleep scheduled__2024-11-19T00:00:00+00:00 [running]> on host 9b39abdef527
[2024-11-28T10:00:08.987+0000] {taskinstance.py:1592} INFO - Exporting the following env vars:
AIRFLOW_CTX_DAG_EMAIL=***@***.com
AIRFLOW_CTX_DAG_OWNER=***
AIRFLOW_CTX_DAG_ID=tutorial
AIRFLOW_CTX_TASK_ID=sleep
AIRFLOW_CTX_EXECUTION_DATE=2024-11-19T00:00:00+00:00
AIRFLOW_CTX_TRY_NUMBER=1
AIRFLOW_CTX_DAG_RUN_ID=scheduled__2024-11-19T00:00:00+00:00
[2024-11-28T10:00:08.990+0000] {subprocess.py:63} INFO - Tmp dir root location: 
 /tmp
[2024-11-28T10:00:08.994+0000] {subprocess.py:75} INFO - Running command: ['/bin/bash', '-c', 'sleep 5']
[2024-11-28T10:00:09.013+0000] {subprocess.py:86} INFO - Output:
[2024-11-28T10:00:14.016+0000] {subprocess.py:97} INFO - Command exited with return code 0
[2024-11-28T10:00:14.036+0000] {taskinstance.py:1406} INFO - Marking task as SUCCESS. dag_id=tutorial, task_id=sleep, execution_date=20241119T000000, start_date=20241128T100008, end_date=20241128T100014
[2024-11-28T10:00:14.082+0000] {local_task_job.py:164} INFO - Task exited with return code 0
[2024-11-28T10:00:14.094+0000] {local_task_job.py:273} INFO - 0 downstream tasks scheduled from follow-on schedule check
