[2024-11-28T10:00:09.198+0000] {taskinstance.py:1165} INFO - Dependencies all met for <TaskInstance: tutorial.sleep scheduled__2024-11-21T00:00:00+00:00 [queued]>
[2024-11-28T10:00:09.222+0000] {taskinstance.py:1165} INFO - Dependencies all met for <TaskInstance: tutorial.sleep scheduled__2024-11-21T00:00:00+00:00 [queued]>
[2024-11-28T10:00:09.223+0000] {taskinstance.py:1362} INFO - 
--------------------------------------------------------------------------------
[2024-11-28T10:00:09.224+0000] {taskinstance.py:1363} INFO - Starting attempt 1 of 4
[2024-11-28T10:00:09.224+0000] {taskinstance.py:1364} INFO - 
--------------------------------------------------------------------------------
[2024-11-28T10:00:09.248+0000] {taskinstance.py:1383} INFO - Executing <Task(BashOperator): sleep> on 2024-11-21 00:00:00+00:00
[2024-11-28T10:00:09.251+0000] {standard_task_runner.py:55} INFO - Started process 115 to run task
[2024-11-28T10:00:09.254+0000] {standard_task_runner.py:82} INFO - Running: ['***', 'tasks', 'run', 'tutorial', 'sleep', 'scheduled__2024-11-21T00:00:00+00:00', '--job-id', '22', '--raw', '--subdir', 'DAGS_FOLDER/tuto.py', '--cfg-path', '/tmp/tmp04o8tly6']
[2024-11-28T10:00:09.266+0000] {standard_task_runner.py:83} INFO - Job 22: Subtask sleep
[2024-11-28T10:00:09.364+0000] {task_command.py:376} INFO - Running <TaskInstance: tutorial.sleep scheduled__2024-11-21T00:00:00+00:00 [running]> on host 9b39abdef527
[2024-11-28T10:00:09.455+0000] {taskinstance.py:1592} INFO - Exporting the following env vars:
AIRFLOW_CTX_DAG_EMAIL=***@***.com
AIRFLOW_CTX_DAG_OWNER=***
AIRFLOW_CTX_DAG_ID=tutorial
AIRFLOW_CTX_TASK_ID=sleep
AIRFLOW_CTX_EXECUTION_DATE=2024-11-21T00:00:00+00:00
AIRFLOW_CTX_TRY_NUMBER=1
AIRFLOW_CTX_DAG_RUN_ID=scheduled__2024-11-21T00:00:00+00:00
[2024-11-28T10:00:09.458+0000] {subprocess.py:63} INFO - Tmp dir root location: 
 /tmp
[2024-11-28T10:00:09.461+0000] {subprocess.py:75} INFO - Running command: ['/bin/bash', '-c', 'sleep 5']
[2024-11-28T10:00:09.492+0000] {subprocess.py:86} INFO - Output:
[2024-11-28T10:00:14.503+0000] {subprocess.py:97} INFO - Command exited with return code 0
[2024-11-28T10:00:14.535+0000] {taskinstance.py:1406} INFO - Marking task as SUCCESS. dag_id=tutorial, task_id=sleep, execution_date=20241121T000000, start_date=20241128T100009, end_date=20241128T100014
[2024-11-28T10:00:14.584+0000] {local_task_job.py:164} INFO - Task exited with return code 0
[2024-11-28T10:00:14.598+0000] {local_task_job.py:273} INFO - 0 downstream tasks scheduled from follow-on schedule check
