[2024-11-28T10:00:09.794+0000] {taskinstance.py:1165} INFO - Dependencies all met for <TaskInstance: tutorial.templated scheduled__2024-11-23T00:00:00+00:00 [queued]>
[2024-11-28T10:00:09.809+0000] {taskinstance.py:1165} INFO - Dependencies all met for <TaskInstance: tutorial.templated scheduled__2024-11-23T00:00:00+00:00 [queued]>
[2024-11-28T10:00:09.811+0000] {taskinstance.py:1362} INFO - 
--------------------------------------------------------------------------------
[2024-11-28T10:00:09.812+0000] {taskinstance.py:1363} INFO - Starting attempt 1 of 2
[2024-11-28T10:00:09.815+0000] {taskinstance.py:1364} INFO - 
--------------------------------------------------------------------------------
[2024-11-28T10:00:09.864+0000] {taskinstance.py:1383} INFO - Executing <Task(BashOperator): templated> on 2024-11-23 00:00:00+00:00
[2024-11-28T10:00:09.872+0000] {standard_task_runner.py:55} INFO - Started process 131 to run task
[2024-11-28T10:00:09.878+0000] {standard_task_runner.py:82} INFO - Running: ['***', 'tasks', 'run', 'tutorial', 'templated', 'scheduled__2024-11-23T00:00:00+00:00', '--job-id', '26', '--raw', '--subdir', 'DAGS_FOLDER/tuto.py', '--cfg-path', '/tmp/tmpnj3st8_d']
[2024-11-28T10:00:09.879+0000] {standard_task_runner.py:83} INFO - Job 26: Subtask templated
[2024-11-28T10:00:10.030+0000] {task_command.py:376} INFO - Running <TaskInstance: tutorial.templated scheduled__2024-11-23T00:00:00+00:00 [running]> on host 9b39abdef527
[2024-11-28T10:00:10.207+0000] {taskinstance.py:1592} INFO - Exporting the following env vars:
AIRFLOW_CTX_DAG_EMAIL=***@***.com
AIRFLOW_CTX_DAG_OWNER=***
AIRFLOW_CTX_DAG_ID=tutorial
AIRFLOW_CTX_TASK_ID=templated
AIRFLOW_CTX_EXECUTION_DATE=2024-11-23T00:00:00+00:00
AIRFLOW_CTX_TRY_NUMBER=1
AIRFLOW_CTX_DAG_RUN_ID=scheduled__2024-11-23T00:00:00+00:00
[2024-11-28T10:00:10.210+0000] {subprocess.py:63} INFO - Tmp dir root location: 
 /tmp
[2024-11-28T10:00:10.213+0000] {subprocess.py:75} INFO - Running command: ['/bin/bash', '-c', '\n    \n        echo "2024-11-23"\n        echo "2024-11-30"\n        echo "Parameter I passed in"\n    \n        echo "2024-11-23"\n        echo "2024-11-30"\n        echo "Parameter I passed in"\n    \n        echo "2024-11-23"\n        echo "2024-11-30"\n        echo "Parameter I passed in"\n    \n        echo "2024-11-23"\n        echo "2024-11-30"\n        echo "Parameter I passed in"\n    \n        echo "2024-11-23"\n        echo "2024-11-30"\n        echo "Parameter I passed in"\n    ']
[2024-11-28T10:00:10.232+0000] {subprocess.py:86} INFO - Output:
[2024-11-28T10:00:10.238+0000] {subprocess.py:93} INFO - 2024-11-23
[2024-11-28T10:00:10.239+0000] {subprocess.py:93} INFO - 2024-11-30
[2024-11-28T10:00:10.242+0000] {subprocess.py:93} INFO - Parameter I passed in
[2024-11-28T10:00:10.242+0000] {subprocess.py:93} INFO - 2024-11-23
[2024-11-28T10:00:10.243+0000] {subprocess.py:93} INFO - 2024-11-30
[2024-11-28T10:00:10.244+0000] {subprocess.py:93} INFO - Parameter I passed in
[2024-11-28T10:00:10.244+0000] {subprocess.py:93} INFO - 2024-11-23
[2024-11-28T10:00:10.244+0000] {subprocess.py:93} INFO - 2024-11-30
[2024-11-28T10:00:10.246+0000] {subprocess.py:93} INFO - Parameter I passed in
[2024-11-28T10:00:10.246+0000] {subprocess.py:93} INFO - 2024-11-23
[2024-11-28T10:00:10.247+0000] {subprocess.py:93} INFO - 2024-11-30
[2024-11-28T10:00:10.248+0000] {subprocess.py:93} INFO - Parameter I passed in
[2024-11-28T10:00:10.248+0000] {subprocess.py:93} INFO - 2024-11-23
[2024-11-28T10:00:10.248+0000] {subprocess.py:93} INFO - 2024-11-30
[2024-11-28T10:00:10.249+0000] {subprocess.py:93} INFO - Parameter I passed in
[2024-11-28T10:00:10.250+0000] {subprocess.py:97} INFO - Command exited with return code 0
[2024-11-28T10:00:10.298+0000] {taskinstance.py:1406} INFO - Marking task as SUCCESS. dag_id=tutorial, task_id=templated, execution_date=20241123T000000, start_date=20241128T100009, end_date=20241128T100010
[2024-11-28T10:00:10.353+0000] {local_task_job.py:164} INFO - Task exited with return code 0
[2024-11-28T10:00:10.370+0000] {local_task_job.py:273} INFO - 0 downstream tasks scheduled from follow-on schedule check
