[2024-11-28T10:00:10.366+0000] {taskinstance.py:1165} INFO - Dependencies all met for <TaskInstance: tutorial.templated scheduled__2024-11-24T00:00:00+00:00 [queued]>
[2024-11-28T10:00:10.381+0000] {taskinstance.py:1165} INFO - Dependencies all met for <TaskInstance: tutorial.templated scheduled__2024-11-24T00:00:00+00:00 [queued]>
[2024-11-28T10:00:10.381+0000] {taskinstance.py:1362} INFO - 
--------------------------------------------------------------------------------
[2024-11-28T10:00:10.382+0000] {taskinstance.py:1363} INFO - Starting attempt 1 of 2
[2024-11-28T10:00:10.384+0000] {taskinstance.py:1364} INFO - 
--------------------------------------------------------------------------------
[2024-11-28T10:00:10.403+0000] {taskinstance.py:1383} INFO - Executing <Task(BashOperator): templated> on 2024-11-24 00:00:00+00:00
[2024-11-28T10:00:10.407+0000] {standard_task_runner.py:55} INFO - Started process 143 to run task
[2024-11-28T10:00:10.415+0000] {standard_task_runner.py:82} INFO - Running: ['***', 'tasks', 'run', 'tutorial', 'templated', 'scheduled__2024-11-24T00:00:00+00:00', '--job-id', '31', '--raw', '--subdir', 'DAGS_FOLDER/tuto.py', '--cfg-path', '/tmp/tmp9zkcik_0']
[2024-11-28T10:00:10.417+0000] {standard_task_runner.py:83} INFO - Job 31: Subtask templated
[2024-11-28T10:00:10.490+0000] {task_command.py:376} INFO - Running <TaskInstance: tutorial.templated scheduled__2024-11-24T00:00:00+00:00 [running]> on host 9b39abdef527
[2024-11-28T10:00:10.575+0000] {taskinstance.py:1592} INFO - Exporting the following env vars:
AIRFLOW_CTX_DAG_EMAIL=***@***.com
AIRFLOW_CTX_DAG_OWNER=***
AIRFLOW_CTX_DAG_ID=tutorial
AIRFLOW_CTX_TASK_ID=templated
AIRFLOW_CTX_EXECUTION_DATE=2024-11-24T00:00:00+00:00
AIRFLOW_CTX_TRY_NUMBER=1
AIRFLOW_CTX_DAG_RUN_ID=scheduled__2024-11-24T00:00:00+00:00
[2024-11-28T10:00:10.577+0000] {subprocess.py:63} INFO - Tmp dir root location: 
 /tmp
[2024-11-28T10:00:10.577+0000] {subprocess.py:75} INFO - Running command: ['/bin/bash', '-c', '\n    \n        echo "2024-11-24"\n        echo "2024-12-01"\n        echo "Parameter I passed in"\n    \n        echo "2024-11-24"\n        echo "2024-12-01"\n        echo "Parameter I passed in"\n    \n        echo "2024-11-24"\n        echo "2024-12-01"\n        echo "Parameter I passed in"\n    \n        echo "2024-11-24"\n        echo "2024-12-01"\n        echo "Parameter I passed in"\n    \n        echo "2024-11-24"\n        echo "2024-12-01"\n        echo "Parameter I passed in"\n    ']
[2024-11-28T10:00:10.584+0000] {subprocess.py:86} INFO - Output:
[2024-11-28T10:00:10.585+0000] {subprocess.py:93} INFO - 2024-11-24
[2024-11-28T10:00:10.586+0000] {subprocess.py:93} INFO - 2024-12-01
[2024-11-28T10:00:10.586+0000] {subprocess.py:93} INFO - Parameter I passed in
[2024-11-28T10:00:10.588+0000] {subprocess.py:93} INFO - 2024-11-24
[2024-11-28T10:00:10.590+0000] {subprocess.py:93} INFO - 2024-12-01
[2024-11-28T10:00:10.593+0000] {subprocess.py:93} INFO - Parameter I passed in
[2024-11-28T10:00:10.593+0000] {subprocess.py:93} INFO - 2024-11-24
[2024-11-28T10:00:10.593+0000] {subprocess.py:93} INFO - 2024-12-01
[2024-11-28T10:00:10.594+0000] {subprocess.py:93} INFO - Parameter I passed in
[2024-11-28T10:00:10.594+0000] {subprocess.py:93} INFO - 2024-11-24
[2024-11-28T10:00:10.595+0000] {subprocess.py:93} INFO - 2024-12-01
[2024-11-28T10:00:10.595+0000] {subprocess.py:93} INFO - Parameter I passed in
[2024-11-28T10:00:10.596+0000] {subprocess.py:93} INFO - 2024-11-24
[2024-11-28T10:00:10.596+0000] {subprocess.py:93} INFO - 2024-12-01
[2024-11-28T10:00:10.596+0000] {subprocess.py:93} INFO - Parameter I passed in
[2024-11-28T10:00:10.597+0000] {subprocess.py:97} INFO - Command exited with return code 0
[2024-11-28T10:00:10.627+0000] {taskinstance.py:1406} INFO - Marking task as SUCCESS. dag_id=tutorial, task_id=templated, execution_date=20241124T000000, start_date=20241128T100010, end_date=20241128T100010
[2024-11-28T10:00:10.684+0000] {local_task_job.py:164} INFO - Task exited with return code 0
[2024-11-28T10:00:10.702+0000] {local_task_job.py:273} INFO - 0 downstream tasks scheduled from follow-on schedule check
