[2024-11-28T10:00:09.172+0000] {taskinstance.py:1165} INFO - Dependencies all met for <TaskInstance: tutorial.templated scheduled__2024-11-21T00:00:00+00:00 [queued]>
[2024-11-28T10:00:09.195+0000] {taskinstance.py:1165} INFO - Dependencies all met for <TaskInstance: tutorial.templated scheduled__2024-11-21T00:00:00+00:00 [queued]>
[2024-11-28T10:00:09.199+0000] {taskinstance.py:1362} INFO - 
--------------------------------------------------------------------------------
[2024-11-28T10:00:09.202+0000] {taskinstance.py:1363} INFO - Starting attempt 1 of 2
[2024-11-28T10:00:09.203+0000] {taskinstance.py:1364} INFO - 
--------------------------------------------------------------------------------
[2024-11-28T10:00:09.226+0000] {taskinstance.py:1383} INFO - Executing <Task(BashOperator): templated> on 2024-11-21 00:00:00+00:00
[2024-11-28T10:00:09.229+0000] {standard_task_runner.py:55} INFO - Started process 114 to run task
[2024-11-28T10:00:09.233+0000] {standard_task_runner.py:82} INFO - Running: ['***', 'tasks', 'run', 'tutorial', 'templated', 'scheduled__2024-11-21T00:00:00+00:00', '--job-id', '20', '--raw', '--subdir', 'DAGS_FOLDER/tuto.py', '--cfg-path', '/tmp/tmpjksqz96x']
[2024-11-28T10:00:09.234+0000] {standard_task_runner.py:83} INFO - Job 20: Subtask templated
[2024-11-28T10:00:09.344+0000] {task_command.py:376} INFO - Running <TaskInstance: tutorial.templated scheduled__2024-11-21T00:00:00+00:00 [running]> on host 9b39abdef527
[2024-11-28T10:00:09.446+0000] {taskinstance.py:1592} INFO - Exporting the following env vars:
AIRFLOW_CTX_DAG_EMAIL=***@***.com
AIRFLOW_CTX_DAG_OWNER=***
AIRFLOW_CTX_DAG_ID=tutorial
AIRFLOW_CTX_TASK_ID=templated
AIRFLOW_CTX_EXECUTION_DATE=2024-11-21T00:00:00+00:00
AIRFLOW_CTX_TRY_NUMBER=1
AIRFLOW_CTX_DAG_RUN_ID=scheduled__2024-11-21T00:00:00+00:00
[2024-11-28T10:00:09.448+0000] {subprocess.py:63} INFO - Tmp dir root location: 
 /tmp
[2024-11-28T10:00:09.450+0000] {subprocess.py:75} INFO - Running command: ['/bin/bash', '-c', '\n    \n        echo "2024-11-21"\n        echo "2024-11-28"\n        echo "Parameter I passed in"\n    \n        echo "2024-11-21"\n        echo "2024-11-28"\n        echo "Parameter I passed in"\n    \n        echo "2024-11-21"\n        echo "2024-11-28"\n        echo "Parameter I passed in"\n    \n        echo "2024-11-21"\n        echo "2024-11-28"\n        echo "Parameter I passed in"\n    \n        echo "2024-11-21"\n        echo "2024-11-28"\n        echo "Parameter I passed in"\n    ']
[2024-11-28T10:00:09.468+0000] {subprocess.py:86} INFO - Output:
[2024-11-28T10:00:09.469+0000] {subprocess.py:93} INFO - 2024-11-21
[2024-11-28T10:00:09.471+0000] {subprocess.py:93} INFO - 2024-11-28
[2024-11-28T10:00:09.471+0000] {subprocess.py:93} INFO - Parameter I passed in
[2024-11-28T10:00:09.475+0000] {subprocess.py:93} INFO - 2024-11-21
[2024-11-28T10:00:09.477+0000] {subprocess.py:93} INFO - 2024-11-28
[2024-11-28T10:00:09.479+0000] {subprocess.py:93} INFO - Parameter I passed in
[2024-11-28T10:00:09.480+0000] {subprocess.py:93} INFO - 2024-11-21
[2024-11-28T10:00:09.481+0000] {subprocess.py:93} INFO - 2024-11-28
[2024-11-28T10:00:09.481+0000] {subprocess.py:93} INFO - Parameter I passed in
[2024-11-28T10:00:09.481+0000] {subprocess.py:93} INFO - 2024-11-21
[2024-11-28T10:00:09.487+0000] {subprocess.py:93} INFO - 2024-11-28
[2024-11-28T10:00:09.488+0000] {subprocess.py:93} INFO - Parameter I passed in
[2024-11-28T10:00:09.488+0000] {subprocess.py:93} INFO - 2024-11-21
[2024-11-28T10:00:09.488+0000] {subprocess.py:93} INFO - 2024-11-28
[2024-11-28T10:00:09.489+0000] {subprocess.py:93} INFO - Parameter I passed in
[2024-11-28T10:00:09.490+0000] {subprocess.py:97} INFO - Command exited with return code 0
[2024-11-28T10:00:09.535+0000] {taskinstance.py:1406} INFO - Marking task as SUCCESS. dag_id=tutorial, task_id=templated, execution_date=20241121T000000, start_date=20241128T100009, end_date=20241128T100009
[2024-11-28T10:00:09.579+0000] {local_task_job.py:164} INFO - Task exited with return code 0
[2024-11-28T10:00:09.634+0000] {local_task_job.py:273} INFO - 0 downstream tasks scheduled from follow-on schedule check
