[2024-11-28T11:02:22.553+0000] {taskinstance.py:1165} INFO - Dependencies all met for <TaskInstance: snowflake_demo_dag.create_table manual__2024-11-28T11:02:21.767546+00:00 [queued]>
[2024-11-28T11:02:22.558+0000] {taskinstance.py:1165} INFO - Dependencies all met for <TaskInstance: snowflake_demo_dag.create_table manual__2024-11-28T11:02:21.767546+00:00 [queued]>
[2024-11-28T11:02:22.558+0000] {taskinstance.py:1362} INFO - 
--------------------------------------------------------------------------------
[2024-11-28T11:02:22.558+0000] {taskinstance.py:1363} INFO - Starting attempt 1 of 11
[2024-11-28T11:02:22.558+0000] {taskinstance.py:1364} INFO - 
--------------------------------------------------------------------------------
[2024-11-28T11:02:22.564+0000] {taskinstance.py:1383} INFO - Executing <Task(SnowflakeOperator): create_table> on 2024-11-28 11:02:21.767546+00:00
[2024-11-28T11:02:22.567+0000] {standard_task_runner.py:55} INFO - Started process 244 to run task
[2024-11-28T11:02:22.569+0000] {standard_task_runner.py:82} INFO - Running: ['***', 'tasks', 'run', 'snowflake_demo_dag', 'create_table', 'manual__2024-11-28T11:02:21.767546+00:00', '--job-id', '3', '--raw', '--subdir', 'DAGS_FOLDER/snowflake_dag.py', '--cfg-path', '/tmp/tmp7jm2dcak']
[2024-11-28T11:02:22.569+0000] {standard_task_runner.py:83} INFO - Job 3: Subtask create_table
[2024-11-28T11:02:22.601+0000] {task_command.py:376} INFO - Running <TaskInstance: snowflake_demo_dag.create_table manual__2024-11-28T11:02:21.767546+00:00 [running]> on host e85eb02d191d
[2024-11-28T11:02:22.635+0000] {taskinstance.py:1592} INFO - Exporting the following env vars:
AIRFLOW_CTX_DAG_OWNER=***
AIRFLOW_CTX_DAG_ID=snowflake_demo_dag
AIRFLOW_CTX_TASK_ID=create_table
AIRFLOW_CTX_EXECUTION_DATE=2024-11-28T11:02:21.767546+00:00
AIRFLOW_CTX_TRY_NUMBER=1
AIRFLOW_CTX_DAG_RUN_ID=manual__2024-11-28T11:02:21.767546+00:00
[2024-11-28T11:02:22.636+0000] {sql.py:265} INFO - Executing: 
CREATE TABLE IF NOT EXISTS demo_table (
    id INTEGER,
    name STRING,
    created_at TIMESTAMP
);
[2024-11-28T11:02:22.640+0000] {base.py:71} INFO - Using connection ID 'snowflake_conn_id' for task execution.
[2024-11-28T11:02:23.514+0000] {warnings.py:110} WARNING - /home/***/.local/lib/python3.7/site-packages/snowflake/connector/options.py:109: UserWarning: You have an incompatible version of 'pyarrow' installed (6.0.1), please install a version that adheres to: 'pyarrow<10.1.0,>=10.0.1; extra == "pandas"'
  "pyarrow", installed_pyarrow_version, pandas_pyarrow_extra

[2024-11-28T11:02:23.657+0000] {base.py:71} INFO - Using connection ID 'snowflake_conn_id' for task execution.
[2024-11-28T11:02:23.658+0000] {connection.py:300} INFO - Snowflake Connector for Python Version: 3.0.4, Python Version: 3.7.15, Platform: Linux-6.10.4-linuxkit-aarch64-with-debian-11.5
[2024-11-28T11:02:23.658+0000] {connection.py:1013} INFO - This connection is in OCSP Fail Open Mode. TLS Certificates would be checked for validity and revocation status. Any other Certificate Revocation related exceptions or OCSP Responder failures would be disregarded in favor of connectivity.
[2024-11-28T11:02:23.658+0000] {connection.py:1023} INFO - THIS CONNECTION IS IN INSECURE MODE. IT MEANS THE CERTIFICATE WILL BE VALIDATED BUT THE CERTIFICATE REVOCATION STATUS WILL NOT BE CHECKED.
[2024-11-28T11:02:23.658+0000] {connection.py:1030} INFO - Setting use_openssl_only mode to False
[2024-11-28T11:02:23.951+0000] {ssl_wrap_socket.py:101} INFO - THIS CONNECTION IS IN INSECURE MODE. IT MEANS THE CERTIFICATE WILL BE VALIDATED BUT THE CERTIFICATE REVOCATION STATUS WILL NOT BE CHECKED.
[2024-11-28T11:02:24.195+0000] {cursor.py:806} INFO - query: [ALTER SESSION SET autocommit=False]
[2024-11-28T11:02:24.289+0000] {cursor.py:819} INFO - query execution done
[2024-11-28T11:02:24.290+0000] {cursor.py:962} INFO - Number of results in first chunk: 1
[2024-11-28T11:02:24.294+0000] {sql.py:375} INFO - Running statement: CREATE TABLE IF NOT EXISTS demo_table (
    id INTEGER,
    name STRING,
    created_at TIMESTAMP
);, parameters: None
[2024-11-28T11:02:24.295+0000] {cursor.py:806} INFO - query: [CREATE TABLE IF NOT EXISTS demo_table ( id INTEGER, name STRING, created_at TIME...]
[2024-11-28T11:02:24.465+0000] {cursor.py:819} INFO - query execution done
[2024-11-28T11:02:24.465+0000] {cursor.py:962} INFO - Number of results in first chunk: 1
[2024-11-28T11:02:24.465+0000] {sql.py:384} INFO - Rows affected: 1
[2024-11-28T11:02:24.466+0000] {snowflake.py:391} INFO - Rows affected: 1
[2024-11-28T11:02:24.466+0000] {snowflake.py:392} INFO - Snowflake query id: 01b8abf6-0001-3904-0006-ac5e0001b2de
[2024-11-28T11:02:24.466+0000] {cursor.py:806} INFO - query: [COMMIT]
[2024-11-28T11:02:24.539+0000] {cursor.py:819} INFO - query execution done
[2024-11-28T11:02:24.539+0000] {cursor.py:962} INFO - Number of results in first chunk: 1
[2024-11-28T11:02:24.539+0000] {connection.py:605} INFO - closed
[2024-11-28T11:02:24.583+0000] {connection.py:608} INFO - No async queries seem to be running, deleting session
[2024-11-28T11:02:24.669+0000] {taskinstance.py:1406} INFO - Marking task as SUCCESS. dag_id=snowflake_demo_dag, task_id=create_table, execution_date=20241128T110221, start_date=20241128T110222, end_date=20241128T110224
[2024-11-28T11:02:24.718+0000] {local_task_job.py:164} INFO - Task exited with return code 0
[2024-11-28T11:02:24.741+0000] {local_task_job.py:273} INFO - 1 downstream tasks scheduled from follow-on schedule check
