[2024-11-28T10:00:08.792+0000] {taskinstance.py:1165} INFO - Dependencies all met for <TaskInstance: tutorial.templated scheduled__2024-11-19T00:00:00+00:00 [queued]>
[2024-11-28T10:00:08.809+0000] {taskinstance.py:1165} INFO - Dependencies all met for <TaskInstance: tutorial.templated scheduled__2024-11-19T00:00:00+00:00 [queued]>
[2024-11-28T10:00:08.811+0000] {taskinstance.py:1362} INFO - 
--------------------------------------------------------------------------------
[2024-11-28T10:00:08.811+0000] {taskinstance.py:1363} INFO - Starting attempt 1 of 2
[2024-11-28T10:00:08.811+0000] {taskinstance.py:1364} INFO - 
--------------------------------------------------------------------------------
[2024-11-28T10:00:08.829+0000] {taskinstance.py:1383} INFO - Executing <Task(BashOperator): templated> on 2024-11-19 00:00:00+00:00
[2024-11-28T10:00:08.833+0000] {standard_task_runner.py:55} INFO - Started process 101 to run task
[2024-11-28T10:00:08.836+0000] {standard_task_runner.py:82} INFO - Running: ['***', 'tasks', 'run', 'tutorial', 'templated', 'scheduled__2024-11-19T00:00:00+00:00', '--job-id', '17', '--raw', '--subdir', 'DAGS_FOLDER/tuto.py', '--cfg-path', '/tmp/tmpk3000u4w']
[2024-11-28T10:00:08.842+0000] {standard_task_runner.py:83} INFO - Job 17: Subtask templated
[2024-11-28T10:00:08.947+0000] {task_command.py:376} INFO - Running <TaskInstance: tutorial.templated scheduled__2024-11-19T00:00:00+00:00 [running]> on host 9b39abdef527
[2024-11-28T10:00:09.096+0000] {taskinstance.py:1592} INFO - Exporting the following env vars:
AIRFLOW_CTX_DAG_EMAIL=***@***.com
AIRFLOW_CTX_DAG_OWNER=***
AIRFLOW_CTX_DAG_ID=tutorial
AIRFLOW_CTX_TASK_ID=templated
AIRFLOW_CTX_EXECUTION_DATE=2024-11-19T00:00:00+00:00
AIRFLOW_CTX_TRY_NUMBER=1
AIRFLOW_CTX_DAG_RUN_ID=scheduled__2024-11-19T00:00:00+00:00
[2024-11-28T10:00:09.098+0000] {subprocess.py:63} INFO - Tmp dir root location: 
 /tmp
[2024-11-28T10:00:09.100+0000] {subprocess.py:75} INFO - Running command: ['/bin/bash', '-c', '\n    \n        echo "2024-11-19"\n        echo "2024-11-26"\n        echo "Parameter I passed in"\n    \n        echo "2024-11-19"\n        echo "2024-11-26"\n        echo "Parameter I passed in"\n    \n        echo "2024-11-19"\n        echo "2024-11-26"\n        echo "Parameter I passed in"\n    \n        echo "2024-11-19"\n        echo "2024-11-26"\n        echo "Parameter I passed in"\n    \n        echo "2024-11-19"\n        echo "2024-11-26"\n        echo "Parameter I passed in"\n    ']
[2024-11-28T10:00:09.111+0000] {subprocess.py:86} INFO - Output:
[2024-11-28T10:00:09.112+0000] {subprocess.py:93} INFO - 2024-11-19
[2024-11-28T10:00:09.113+0000] {subprocess.py:93} INFO - 2024-11-26
[2024-11-28T10:00:09.116+0000] {subprocess.py:93} INFO - Parameter I passed in
[2024-11-28T10:00:09.116+0000] {subprocess.py:93} INFO - 2024-11-19
[2024-11-28T10:00:09.117+0000] {subprocess.py:93} INFO - 2024-11-26
[2024-11-28T10:00:09.117+0000] {subprocess.py:93} INFO - Parameter I passed in
[2024-11-28T10:00:09.120+0000] {subprocess.py:93} INFO - 2024-11-19
[2024-11-28T10:00:09.120+0000] {subprocess.py:93} INFO - 2024-11-26
[2024-11-28T10:00:09.121+0000] {subprocess.py:93} INFO - Parameter I passed in
[2024-11-28T10:00:09.122+0000] {subprocess.py:93} INFO - 2024-11-19
[2024-11-28T10:00:09.127+0000] {subprocess.py:93} INFO - 2024-11-26
[2024-11-28T10:00:09.128+0000] {subprocess.py:93} INFO - Parameter I passed in
[2024-11-28T10:00:09.128+0000] {subprocess.py:93} INFO - 2024-11-19
[2024-11-28T10:00:09.128+0000] {subprocess.py:93} INFO - 2024-11-26
[2024-11-28T10:00:09.128+0000] {subprocess.py:93} INFO - Parameter I passed in
[2024-11-28T10:00:09.128+0000] {subprocess.py:97} INFO - Command exited with return code 0
[2024-11-28T10:00:09.200+0000] {taskinstance.py:1406} INFO - Marking task as SUCCESS. dag_id=tutorial, task_id=templated, execution_date=20241119T000000, start_date=20241128T100008, end_date=20241128T100009
[2024-11-28T10:00:09.229+0000] {local_task_job.py:164} INFO - Task exited with return code 0
[2024-11-28T10:00:09.257+0000] {local_task_job.py:273} INFO - 0 downstream tasks scheduled from follow-on schedule check
