[2024-11-28T09:47:23.162+0000] {processor.py:154} INFO - Started process (PID=59) to work on /home/airflow/.local/lib/python3.7/site-packages/airflow/example_dags/example_sla_dag.py
[2024-11-28T09:47:23.166+0000] {processor.py:756} INFO - Processing file /home/airflow/.local/lib/python3.7/site-packages/airflow/example_dags/example_sla_dag.py for tasks to queue
[2024-11-28T09:47:23.167+0000] {logging_mixin.py:120} INFO - [2024-11-28T09:47:23.167+0000] {dagbag.py:537} INFO - Filling up the DagBag from /home/airflow/.local/lib/python3.7/site-packages/airflow/example_dags/example_sla_dag.py
[2024-11-28T09:47:23.192+0000] {processor.py:766} INFO - DAG(s) dict_keys(['example_sla_dag']) retrieved from /home/airflow/.local/lib/python3.7/site-packages/airflow/example_dags/example_sla_dag.py
[2024-11-28T09:47:23.281+0000] {logging_mixin.py:120} INFO - [2024-11-28T09:47:23.281+0000] {manager.py:507} INFO - Created Permission View: can edit on DAG:example_sla_dag
[2024-11-28T09:47:23.288+0000] {logging_mixin.py:120} INFO - [2024-11-28T09:47:23.288+0000] {manager.py:507} INFO - Created Permission View: can read on DAG:example_sla_dag
[2024-11-28T09:47:23.295+0000] {logging_mixin.py:120} INFO - [2024-11-28T09:47:23.294+0000] {manager.py:507} INFO - Created Permission View: can delete on DAG:example_sla_dag
[2024-11-28T09:47:23.295+0000] {logging_mixin.py:120} INFO - [2024-11-28T09:47:23.295+0000] {dag.py:2585} INFO - Sync 1 DAGs
[2024-11-28T09:47:23.304+0000] {logging_mixin.py:120} INFO - [2024-11-28T09:47:23.304+0000] {dag.py:2606} INFO - Creating ORM DAG for example_sla_dag
[2024-11-28T09:47:23.318+0000] {logging_mixin.py:120} INFO - [2024-11-28T09:47:23.318+0000] {dag.py:3340} INFO - Setting next_dagrun for example_sla_dag to 2024-11-28T09:44:00+00:00, run_after=2024-11-28T09:46:00+00:00
[2024-11-28T09:47:23.328+0000] {processor.py:176} INFO - Processing /home/airflow/.local/lib/python3.7/site-packages/airflow/example_dags/example_sla_dag.py took 0.181 seconds
[2024-11-28T09:47:53.727+0000] {processor.py:154} INFO - Started process (PID=122) to work on /home/airflow/.local/lib/python3.7/site-packages/airflow/example_dags/example_sla_dag.py
[2024-11-28T09:47:53.729+0000] {processor.py:756} INFO - Processing file /home/airflow/.local/lib/python3.7/site-packages/airflow/example_dags/example_sla_dag.py for tasks to queue
[2024-11-28T09:47:53.733+0000] {logging_mixin.py:120} INFO - [2024-11-28T09:47:53.733+0000] {dagbag.py:537} INFO - Filling up the DagBag from /home/airflow/.local/lib/python3.7/site-packages/airflow/example_dags/example_sla_dag.py
[2024-11-28T09:47:53.746+0000] {processor.py:766} INFO - DAG(s) dict_keys(['example_sla_dag']) retrieved from /home/airflow/.local/lib/python3.7/site-packages/airflow/example_dags/example_sla_dag.py
[2024-11-28T09:47:53.769+0000] {logging_mixin.py:120} INFO - [2024-11-28T09:47:53.769+0000] {dag.py:2585} INFO - Sync 1 DAGs
[2024-11-28T09:47:53.784+0000] {logging_mixin.py:120} INFO - [2024-11-28T09:47:53.784+0000] {dag.py:3340} INFO - Setting next_dagrun for example_sla_dag to 2024-11-28T09:44:00+00:00, run_after=2024-11-28T09:46:00+00:00
[2024-11-28T09:47:53.793+0000] {processor.py:176} INFO - Processing /home/airflow/.local/lib/python3.7/site-packages/airflow/example_dags/example_sla_dag.py took 0.068 seconds
[2024-11-28T09:48:24.677+0000] {processor.py:154} INFO - Started process (PID=185) to work on /home/airflow/.local/lib/python3.7/site-packages/airflow/example_dags/example_sla_dag.py
[2024-11-28T09:48:24.678+0000] {processor.py:756} INFO - Processing file /home/airflow/.local/lib/python3.7/site-packages/airflow/example_dags/example_sla_dag.py for tasks to queue
[2024-11-28T09:48:24.678+0000] {logging_mixin.py:120} INFO - [2024-11-28T09:48:24.678+0000] {dagbag.py:537} INFO - Filling up the DagBag from /home/airflow/.local/lib/python3.7/site-packages/airflow/example_dags/example_sla_dag.py
[2024-11-28T09:48:24.692+0000] {processor.py:766} INFO - DAG(s) dict_keys(['example_sla_dag']) retrieved from /home/airflow/.local/lib/python3.7/site-packages/airflow/example_dags/example_sla_dag.py
[2024-11-28T09:48:24.713+0000] {logging_mixin.py:120} INFO - [2024-11-28T09:48:24.713+0000] {dag.py:2585} INFO - Sync 1 DAGs
[2024-11-28T09:48:24.726+0000] {logging_mixin.py:120} INFO - [2024-11-28T09:48:24.726+0000] {dag.py:3340} INFO - Setting next_dagrun for example_sla_dag to 2024-11-28T09:46:00+00:00, run_after=2024-11-28T09:48:00+00:00
[2024-11-28T09:48:24.734+0000] {processor.py:176} INFO - Processing /home/airflow/.local/lib/python3.7/site-packages/airflow/example_dags/example_sla_dag.py took 0.058 seconds
[2024-11-28T09:48:54.959+0000] {processor.py:154} INFO - Started process (PID=248) to work on /home/airflow/.local/lib/python3.7/site-packages/airflow/example_dags/example_sla_dag.py
[2024-11-28T09:48:54.962+0000] {processor.py:756} INFO - Processing file /home/airflow/.local/lib/python3.7/site-packages/airflow/example_dags/example_sla_dag.py for tasks to queue
[2024-11-28T09:48:54.963+0000] {logging_mixin.py:120} INFO - [2024-11-28T09:48:54.963+0000] {dagbag.py:537} INFO - Filling up the DagBag from /home/airflow/.local/lib/python3.7/site-packages/airflow/example_dags/example_sla_dag.py
[2024-11-28T09:48:54.975+0000] {processor.py:766} INFO - DAG(s) dict_keys(['example_sla_dag']) retrieved from /home/airflow/.local/lib/python3.7/site-packages/airflow/example_dags/example_sla_dag.py
[2024-11-28T09:48:54.999+0000] {logging_mixin.py:120} INFO - [2024-11-28T09:48:54.999+0000] {dag.py:2585} INFO - Sync 1 DAGs
[2024-11-28T09:48:55.013+0000] {logging_mixin.py:120} INFO - [2024-11-28T09:48:55.013+0000] {dag.py:3340} INFO - Setting next_dagrun for example_sla_dag to 2024-11-28T09:46:00+00:00, run_after=2024-11-28T09:48:00+00:00
[2024-11-28T09:48:55.024+0000] {processor.py:176} INFO - Processing /home/airflow/.local/lib/python3.7/site-packages/airflow/example_dags/example_sla_dag.py took 0.067 seconds
[2024-11-28T09:49:25.892+0000] {processor.py:154} INFO - Started process (PID=311) to work on /home/airflow/.local/lib/python3.7/site-packages/airflow/example_dags/example_sla_dag.py
[2024-11-28T09:49:25.893+0000] {processor.py:756} INFO - Processing file /home/airflow/.local/lib/python3.7/site-packages/airflow/example_dags/example_sla_dag.py for tasks to queue
[2024-11-28T09:49:25.894+0000] {logging_mixin.py:120} INFO - [2024-11-28T09:49:25.894+0000] {dagbag.py:537} INFO - Filling up the DagBag from /home/airflow/.local/lib/python3.7/site-packages/airflow/example_dags/example_sla_dag.py
[2024-11-28T09:49:25.910+0000] {processor.py:766} INFO - DAG(s) dict_keys(['example_sla_dag']) retrieved from /home/airflow/.local/lib/python3.7/site-packages/airflow/example_dags/example_sla_dag.py
[2024-11-28T09:49:25.932+0000] {logging_mixin.py:120} INFO - [2024-11-28T09:49:25.932+0000] {dag.py:2585} INFO - Sync 1 DAGs
[2024-11-28T09:49:25.955+0000] {logging_mixin.py:120} INFO - [2024-11-28T09:49:25.955+0000] {dag.py:3340} INFO - Setting next_dagrun for example_sla_dag to 2024-11-28T09:46:00+00:00, run_after=2024-11-28T09:48:00+00:00
[2024-11-28T09:49:25.968+0000] {processor.py:176} INFO - Processing /home/airflow/.local/lib/python3.7/site-packages/airflow/example_dags/example_sla_dag.py took 0.080 seconds
[2024-11-28T09:49:56.945+0000] {processor.py:154} INFO - Started process (PID=374) to work on /home/airflow/.local/lib/python3.7/site-packages/airflow/example_dags/example_sla_dag.py
[2024-11-28T09:49:56.946+0000] {processor.py:756} INFO - Processing file /home/airflow/.local/lib/python3.7/site-packages/airflow/example_dags/example_sla_dag.py for tasks to queue
[2024-11-28T09:49:56.947+0000] {logging_mixin.py:120} INFO - [2024-11-28T09:49:56.946+0000] {dagbag.py:537} INFO - Filling up the DagBag from /home/airflow/.local/lib/python3.7/site-packages/airflow/example_dags/example_sla_dag.py
[2024-11-28T09:49:56.964+0000] {processor.py:766} INFO - DAG(s) dict_keys(['example_sla_dag']) retrieved from /home/airflow/.local/lib/python3.7/site-packages/airflow/example_dags/example_sla_dag.py
[2024-11-28T09:49:56.994+0000] {logging_mixin.py:120} INFO - [2024-11-28T09:49:56.994+0000] {dag.py:2585} INFO - Sync 1 DAGs
[2024-11-28T09:49:57.013+0000] {logging_mixin.py:120} INFO - [2024-11-28T09:49:57.013+0000] {dag.py:3340} INFO - Setting next_dagrun for example_sla_dag to 2024-11-28T09:46:00+00:00, run_after=2024-11-28T09:48:00+00:00
[2024-11-28T09:49:57.025+0000] {processor.py:176} INFO - Processing /home/airflow/.local/lib/python3.7/site-packages/airflow/example_dags/example_sla_dag.py took 0.082 seconds
