[2024-11-28T09:47:20.219+0000] {processor.py:154} INFO - Started process (PID=40) to work on /home/airflow/.local/lib/python3.7/site-packages/airflow/example_dags/example_datasets.py
[2024-11-28T09:47:20.219+0000] {processor.py:756} INFO - Processing file /home/airflow/.local/lib/python3.7/site-packages/airflow/example_dags/example_datasets.py for tasks to queue
[2024-11-28T09:47:20.220+0000] {logging_mixin.py:120} INFO - [2024-11-28T09:47:20.220+0000] {dagbag.py:537} INFO - Filling up the DagBag from /home/airflow/.local/lib/python3.7/site-packages/airflow/example_dags/example_datasets.py
[2024-11-28T09:47:20.230+0000] {processor.py:766} INFO - DAG(s) dict_keys(['dataset_consumes_unknown_never_scheduled', 'dataset_produces_2', 'dataset_consumes_1_and_2', 'dataset_consumes_1', 'dataset_produces_1', 'dataset_consumes_1_never_scheduled']) retrieved from /home/airflow/.local/lib/python3.7/site-packages/airflow/example_dags/example_datasets.py
[2024-11-28T09:47:20.304+0000] {logging_mixin.py:120} INFO - [2024-11-28T09:47:20.304+0000] {manager.py:507} INFO - Created Permission View: can edit on DAG:dataset_consumes_unknown_never_scheduled
[2024-11-28T09:47:20.313+0000] {logging_mixin.py:120} INFO - [2024-11-28T09:47:20.312+0000] {manager.py:507} INFO - Created Permission View: can read on DAG:dataset_consumes_unknown_never_scheduled
[2024-11-28T09:47:20.318+0000] {logging_mixin.py:120} INFO - [2024-11-28T09:47:20.318+0000] {manager.py:507} INFO - Created Permission View: can delete on DAG:dataset_consumes_unknown_never_scheduled
[2024-11-28T09:47:20.328+0000] {logging_mixin.py:120} INFO - [2024-11-28T09:47:20.328+0000] {manager.py:507} INFO - Created Permission View: can edit on DAG:dataset_produces_2
[2024-11-28T09:47:20.333+0000] {logging_mixin.py:120} INFO - [2024-11-28T09:47:20.333+0000] {manager.py:507} INFO - Created Permission View: can read on DAG:dataset_produces_2
[2024-11-28T09:47:20.337+0000] {logging_mixin.py:120} INFO - [2024-11-28T09:47:20.337+0000] {manager.py:507} INFO - Created Permission View: can delete on DAG:dataset_produces_2
[2024-11-28T09:47:20.349+0000] {logging_mixin.py:120} INFO - [2024-11-28T09:47:20.349+0000] {manager.py:507} INFO - Created Permission View: can edit on DAG:dataset_consumes_1_and_2
[2024-11-28T09:47:20.357+0000] {logging_mixin.py:120} INFO - [2024-11-28T09:47:20.357+0000] {manager.py:507} INFO - Created Permission View: can read on DAG:dataset_consumes_1_and_2
[2024-11-28T09:47:20.361+0000] {logging_mixin.py:120} INFO - [2024-11-28T09:47:20.361+0000] {manager.py:507} INFO - Created Permission View: can delete on DAG:dataset_consumes_1_and_2
[2024-11-28T09:47:20.370+0000] {logging_mixin.py:120} INFO - [2024-11-28T09:47:20.370+0000] {manager.py:507} INFO - Created Permission View: can edit on DAG:dataset_consumes_1
[2024-11-28T09:47:20.374+0000] {logging_mixin.py:120} INFO - [2024-11-28T09:47:20.374+0000] {manager.py:507} INFO - Created Permission View: can read on DAG:dataset_consumes_1
[2024-11-28T09:47:20.382+0000] {logging_mixin.py:120} INFO - [2024-11-28T09:47:20.382+0000] {manager.py:507} INFO - Created Permission View: can delete on DAG:dataset_consumes_1
[2024-11-28T09:47:20.388+0000] {logging_mixin.py:120} INFO - [2024-11-28T09:47:20.388+0000] {manager.py:507} INFO - Created Permission View: can edit on DAG:dataset_produces_1
[2024-11-28T09:47:20.391+0000] {logging_mixin.py:120} INFO - [2024-11-28T09:47:20.391+0000] {manager.py:507} INFO - Created Permission View: can read on DAG:dataset_produces_1
[2024-11-28T09:47:20.399+0000] {logging_mixin.py:120} INFO - [2024-11-28T09:47:20.399+0000] {manager.py:507} INFO - Created Permission View: can delete on DAG:dataset_produces_1
[2024-11-28T09:47:20.414+0000] {logging_mixin.py:120} INFO - [2024-11-28T09:47:20.413+0000] {manager.py:507} INFO - Created Permission View: can edit on DAG:dataset_consumes_1_never_scheduled
[2024-11-28T09:47:20.420+0000] {logging_mixin.py:120} INFO - [2024-11-28T09:47:20.420+0000] {manager.py:507} INFO - Created Permission View: can read on DAG:dataset_consumes_1_never_scheduled
[2024-11-28T09:47:20.427+0000] {logging_mixin.py:120} INFO - [2024-11-28T09:47:20.427+0000] {manager.py:507} INFO - Created Permission View: can delete on DAG:dataset_consumes_1_never_scheduled
[2024-11-28T09:47:20.429+0000] {logging_mixin.py:120} INFO - [2024-11-28T09:47:20.429+0000] {dag.py:2585} INFO - Sync 6 DAGs
[2024-11-28T09:47:20.436+0000] {logging_mixin.py:120} INFO - [2024-11-28T09:47:20.436+0000] {dag.py:2606} INFO - Creating ORM DAG for dataset_produces_2
[2024-11-28T09:47:20.437+0000] {logging_mixin.py:120} INFO - [2024-11-28T09:47:20.437+0000] {dag.py:2606} INFO - Creating ORM DAG for dataset_consumes_1_never_scheduled
[2024-11-28T09:47:20.438+0000] {logging_mixin.py:120} INFO - [2024-11-28T09:47:20.438+0000] {dag.py:2606} INFO - Creating ORM DAG for dataset_consumes_1_and_2
[2024-11-28T09:47:20.439+0000] {logging_mixin.py:120} INFO - [2024-11-28T09:47:20.439+0000] {dag.py:2606} INFO - Creating ORM DAG for dataset_consumes_unknown_never_scheduled
[2024-11-28T09:47:20.440+0000] {logging_mixin.py:120} INFO - [2024-11-28T09:47:20.440+0000] {dag.py:2606} INFO - Creating ORM DAG for dataset_consumes_1
[2024-11-28T09:47:20.441+0000] {logging_mixin.py:120} INFO - [2024-11-28T09:47:20.441+0000] {dag.py:2606} INFO - Creating ORM DAG for dataset_produces_1
[2024-11-28T09:47:20.449+0000] {logging_mixin.py:120} INFO - [2024-11-28T09:47:20.449+0000] {dag.py:3340} INFO - Setting next_dagrun for dataset_consumes_1 to None, run_after=None
[2024-11-28T09:47:20.450+0000] {logging_mixin.py:120} INFO - [2024-11-28T09:47:20.450+0000] {dag.py:3340} INFO - Setting next_dagrun for dataset_consumes_1_and_2 to None, run_after=None
[2024-11-28T09:47:20.452+0000] {logging_mixin.py:120} INFO - [2024-11-28T09:47:20.452+0000] {dag.py:3340} INFO - Setting next_dagrun for dataset_consumes_1_never_scheduled to None, run_after=None
[2024-11-28T09:47:20.452+0000] {logging_mixin.py:120} INFO - [2024-11-28T09:47:20.452+0000] {dag.py:3340} INFO - Setting next_dagrun for dataset_consumes_unknown_never_scheduled to None, run_after=None
[2024-11-28T09:47:20.453+0000] {logging_mixin.py:120} INFO - [2024-11-28T09:47:20.453+0000] {dag.py:3340} INFO - Setting next_dagrun for dataset_produces_1 to 2024-11-27T00:00:00+00:00, run_after=2024-11-28T00:00:00+00:00
[2024-11-28T09:47:20.454+0000] {logging_mixin.py:120} INFO - [2024-11-28T09:47:20.454+0000] {dag.py:3340} INFO - Setting next_dagrun for dataset_produces_2 to None, run_after=None
[2024-11-28T09:47:20.504+0000] {processor.py:176} INFO - Processing /home/airflow/.local/lib/python3.7/site-packages/airflow/example_dags/example_datasets.py took 0.287 seconds
[2024-11-28T09:47:50.783+0000] {processor.py:154} INFO - Started process (PID=103) to work on /home/airflow/.local/lib/python3.7/site-packages/airflow/example_dags/example_datasets.py
[2024-11-28T09:47:50.784+0000] {processor.py:756} INFO - Processing file /home/airflow/.local/lib/python3.7/site-packages/airflow/example_dags/example_datasets.py for tasks to queue
[2024-11-28T09:47:50.784+0000] {logging_mixin.py:120} INFO - [2024-11-28T09:47:50.784+0000] {dagbag.py:537} INFO - Filling up the DagBag from /home/airflow/.local/lib/python3.7/site-packages/airflow/example_dags/example_datasets.py
[2024-11-28T09:47:50.794+0000] {processor.py:766} INFO - DAG(s) dict_keys(['dataset_produces_2', 'dataset_consumes_1', 'dataset_produces_1', 'dataset_consumes_1_never_scheduled', 'dataset_consumes_1_and_2', 'dataset_consumes_unknown_never_scheduled']) retrieved from /home/airflow/.local/lib/python3.7/site-packages/airflow/example_dags/example_datasets.py
[2024-11-28T09:47:50.835+0000] {logging_mixin.py:120} INFO - [2024-11-28T09:47:50.834+0000] {dag.py:2585} INFO - Sync 6 DAGs
[2024-11-28T09:47:50.848+0000] {logging_mixin.py:120} INFO - [2024-11-28T09:47:50.848+0000] {dag.py:3340} INFO - Setting next_dagrun for dataset_consumes_1 to None, run_after=None
[2024-11-28T09:47:50.852+0000] {logging_mixin.py:120} INFO - [2024-11-28T09:47:50.852+0000] {dag.py:3340} INFO - Setting next_dagrun for dataset_consumes_1_and_2 to None, run_after=None
[2024-11-28T09:47:50.853+0000] {logging_mixin.py:120} INFO - [2024-11-28T09:47:50.853+0000] {dag.py:3340} INFO - Setting next_dagrun for dataset_consumes_1_never_scheduled to None, run_after=None
[2024-11-28T09:47:50.855+0000] {logging_mixin.py:120} INFO - [2024-11-28T09:47:50.855+0000] {dag.py:3340} INFO - Setting next_dagrun for dataset_consumes_unknown_never_scheduled to None, run_after=None
[2024-11-28T09:47:50.856+0000] {logging_mixin.py:120} INFO - [2024-11-28T09:47:50.856+0000] {dag.py:3340} INFO - Setting next_dagrun for dataset_produces_1 to 2024-11-27T00:00:00+00:00, run_after=2024-11-28T00:00:00+00:00
[2024-11-28T09:47:50.858+0000] {logging_mixin.py:120} INFO - [2024-11-28T09:47:50.858+0000] {dag.py:3340} INFO - Setting next_dagrun for dataset_produces_2 to None, run_after=None
[2024-11-28T09:47:50.876+0000] {processor.py:176} INFO - Processing /home/airflow/.local/lib/python3.7/site-packages/airflow/example_dags/example_datasets.py took 0.095 seconds
[2024-11-28T09:48:21.848+0000] {processor.py:154} INFO - Started process (PID=166) to work on /home/airflow/.local/lib/python3.7/site-packages/airflow/example_dags/example_datasets.py
[2024-11-28T09:48:21.852+0000] {processor.py:756} INFO - Processing file /home/airflow/.local/lib/python3.7/site-packages/airflow/example_dags/example_datasets.py for tasks to queue
[2024-11-28T09:48:21.858+0000] {logging_mixin.py:120} INFO - [2024-11-28T09:48:21.857+0000] {dagbag.py:537} INFO - Filling up the DagBag from /home/airflow/.local/lib/python3.7/site-packages/airflow/example_dags/example_datasets.py
[2024-11-28T09:48:21.886+0000] {processor.py:766} INFO - DAG(s) dict_keys(['dataset_consumes_unknown_never_scheduled', 'dataset_consumes_1', 'dataset_consumes_1_and_2', 'dataset_consumes_1_never_scheduled', 'dataset_produces_2', 'dataset_produces_1']) retrieved from /home/airflow/.local/lib/python3.7/site-packages/airflow/example_dags/example_datasets.py
[2024-11-28T09:48:21.990+0000] {logging_mixin.py:120} INFO - [2024-11-28T09:48:21.990+0000] {dag.py:2585} INFO - Sync 6 DAGs
[2024-11-28T09:48:22.027+0000] {logging_mixin.py:120} INFO - [2024-11-28T09:48:22.026+0000] {dag.py:3340} INFO - Setting next_dagrun for dataset_consumes_1 to None, run_after=None
[2024-11-28T09:48:22.034+0000] {logging_mixin.py:120} INFO - [2024-11-28T09:48:22.034+0000] {dag.py:3340} INFO - Setting next_dagrun for dataset_consumes_1_and_2 to None, run_after=None
[2024-11-28T09:48:22.037+0000] {logging_mixin.py:120} INFO - [2024-11-28T09:48:22.037+0000] {dag.py:3340} INFO - Setting next_dagrun for dataset_consumes_1_never_scheduled to None, run_after=None
[2024-11-28T09:48:22.042+0000] {logging_mixin.py:120} INFO - [2024-11-28T09:48:22.042+0000] {dag.py:3340} INFO - Setting next_dagrun for dataset_consumes_unknown_never_scheduled to None, run_after=None
[2024-11-28T09:48:22.046+0000] {logging_mixin.py:120} INFO - [2024-11-28T09:48:22.045+0000] {dag.py:3340} INFO - Setting next_dagrun for dataset_produces_1 to 2024-11-27T00:00:00+00:00, run_after=2024-11-28T00:00:00+00:00
[2024-11-28T09:48:22.050+0000] {logging_mixin.py:120} INFO - [2024-11-28T09:48:22.050+0000] {dag.py:3340} INFO - Setting next_dagrun for dataset_produces_2 to None, run_after=None
[2024-11-28T09:48:22.115+0000] {processor.py:176} INFO - Processing /home/airflow/.local/lib/python3.7/site-packages/airflow/example_dags/example_datasets.py took 0.272 seconds
[2024-11-28T09:48:52.927+0000] {processor.py:154} INFO - Started process (PID=229) to work on /home/airflow/.local/lib/python3.7/site-packages/airflow/example_dags/example_datasets.py
[2024-11-28T09:48:52.927+0000] {processor.py:756} INFO - Processing file /home/airflow/.local/lib/python3.7/site-packages/airflow/example_dags/example_datasets.py for tasks to queue
[2024-11-28T09:48:52.928+0000] {logging_mixin.py:120} INFO - [2024-11-28T09:48:52.928+0000] {dagbag.py:537} INFO - Filling up the DagBag from /home/airflow/.local/lib/python3.7/site-packages/airflow/example_dags/example_datasets.py
[2024-11-28T09:48:52.938+0000] {processor.py:766} INFO - DAG(s) dict_keys(['dataset_produces_1', 'dataset_consumes_1_and_2', 'dataset_consumes_1', 'dataset_produces_2', 'dataset_consumes_1_never_scheduled', 'dataset_consumes_unknown_never_scheduled']) retrieved from /home/airflow/.local/lib/python3.7/site-packages/airflow/example_dags/example_datasets.py
[2024-11-28T09:48:52.973+0000] {logging_mixin.py:120} INFO - [2024-11-28T09:48:52.973+0000] {dag.py:2585} INFO - Sync 6 DAGs
[2024-11-28T09:48:52.989+0000] {logging_mixin.py:120} INFO - [2024-11-28T09:48:52.989+0000] {dag.py:3340} INFO - Setting next_dagrun for dataset_consumes_1 to None, run_after=None
[2024-11-28T09:48:52.992+0000] {logging_mixin.py:120} INFO - [2024-11-28T09:48:52.992+0000] {dag.py:3340} INFO - Setting next_dagrun for dataset_consumes_1_and_2 to None, run_after=None
[2024-11-28T09:48:52.994+0000] {logging_mixin.py:120} INFO - [2024-11-28T09:48:52.994+0000] {dag.py:3340} INFO - Setting next_dagrun for dataset_consumes_1_never_scheduled to None, run_after=None
[2024-11-28T09:48:52.995+0000] {logging_mixin.py:120} INFO - [2024-11-28T09:48:52.995+0000] {dag.py:3340} INFO - Setting next_dagrun for dataset_consumes_unknown_never_scheduled to None, run_after=None
[2024-11-28T09:48:52.996+0000] {logging_mixin.py:120} INFO - [2024-11-28T09:48:52.996+0000] {dag.py:3340} INFO - Setting next_dagrun for dataset_produces_1 to 2024-11-27T00:00:00+00:00, run_after=2024-11-28T00:00:00+00:00
[2024-11-28T09:48:52.997+0000] {logging_mixin.py:120} INFO - [2024-11-28T09:48:52.997+0000] {dag.py:3340} INFO - Setting next_dagrun for dataset_produces_2 to None, run_after=None
[2024-11-28T09:48:53.024+0000] {processor.py:176} INFO - Processing /home/airflow/.local/lib/python3.7/site-packages/airflow/example_dags/example_datasets.py took 0.100 seconds
[2024-11-28T09:49:23.957+0000] {processor.py:154} INFO - Started process (PID=283) to work on /home/airflow/.local/lib/python3.7/site-packages/airflow/example_dags/example_datasets.py
[2024-11-28T09:49:23.958+0000] {processor.py:756} INFO - Processing file /home/airflow/.local/lib/python3.7/site-packages/airflow/example_dags/example_datasets.py for tasks to queue
[2024-11-28T09:49:23.958+0000] {logging_mixin.py:120} INFO - [2024-11-28T09:49:23.958+0000] {dagbag.py:537} INFO - Filling up the DagBag from /home/airflow/.local/lib/python3.7/site-packages/airflow/example_dags/example_datasets.py
[2024-11-28T09:49:23.967+0000] {processor.py:766} INFO - DAG(s) dict_keys(['dataset_consumes_1_and_2', 'dataset_consumes_1', 'dataset_consumes_unknown_never_scheduled', 'dataset_consumes_1_never_scheduled', 'dataset_produces_1', 'dataset_produces_2']) retrieved from /home/airflow/.local/lib/python3.7/site-packages/airflow/example_dags/example_datasets.py
[2024-11-28T09:49:23.987+0000] {logging_mixin.py:120} INFO - [2024-11-28T09:49:23.987+0000] {dag.py:2585} INFO - Sync 6 DAGs
[2024-11-28T09:49:24.001+0000] {logging_mixin.py:120} INFO - [2024-11-28T09:49:24.001+0000] {dag.py:3340} INFO - Setting next_dagrun for dataset_consumes_1 to None, run_after=None
[2024-11-28T09:49:24.003+0000] {logging_mixin.py:120} INFO - [2024-11-28T09:49:24.003+0000] {dag.py:3340} INFO - Setting next_dagrun for dataset_consumes_1_and_2 to None, run_after=None
[2024-11-28T09:49:24.003+0000] {logging_mixin.py:120} INFO - [2024-11-28T09:49:24.003+0000] {dag.py:3340} INFO - Setting next_dagrun for dataset_consumes_1_never_scheduled to None, run_after=None
[2024-11-28T09:49:24.004+0000] {logging_mixin.py:120} INFO - [2024-11-28T09:49:24.004+0000] {dag.py:3340} INFO - Setting next_dagrun for dataset_consumes_unknown_never_scheduled to None, run_after=None
[2024-11-28T09:49:24.005+0000] {logging_mixin.py:120} INFO - [2024-11-28T09:49:24.005+0000] {dag.py:3340} INFO - Setting next_dagrun for dataset_produces_1 to 2024-11-27T00:00:00+00:00, run_after=2024-11-28T00:00:00+00:00
[2024-11-28T09:49:24.006+0000] {logging_mixin.py:120} INFO - [2024-11-28T09:49:24.006+0000] {dag.py:3340} INFO - Setting next_dagrun for dataset_produces_2 to None, run_after=None
[2024-11-28T09:49:24.023+0000] {processor.py:176} INFO - Processing /home/airflow/.local/lib/python3.7/site-packages/airflow/example_dags/example_datasets.py took 0.068 seconds
[2024-11-28T09:49:55.001+0000] {processor.py:154} INFO - Started process (PID=346) to work on /home/airflow/.local/lib/python3.7/site-packages/airflow/example_dags/example_datasets.py
[2024-11-28T09:49:55.002+0000] {processor.py:756} INFO - Processing file /home/airflow/.local/lib/python3.7/site-packages/airflow/example_dags/example_datasets.py for tasks to queue
[2024-11-28T09:49:55.003+0000] {logging_mixin.py:120} INFO - [2024-11-28T09:49:55.002+0000] {dagbag.py:537} INFO - Filling up the DagBag from /home/airflow/.local/lib/python3.7/site-packages/airflow/example_dags/example_datasets.py
[2024-11-28T09:49:55.015+0000] {processor.py:766} INFO - DAG(s) dict_keys(['dataset_produces_2', 'dataset_consumes_1', 'dataset_consumes_unknown_never_scheduled', 'dataset_produces_1', 'dataset_consumes_1_never_scheduled', 'dataset_consumes_1_and_2']) retrieved from /home/airflow/.local/lib/python3.7/site-packages/airflow/example_dags/example_datasets.py
[2024-11-28T09:49:55.089+0000] {logging_mixin.py:120} INFO - [2024-11-28T09:49:55.089+0000] {dag.py:2585} INFO - Sync 6 DAGs
[2024-11-28T09:49:55.105+0000] {logging_mixin.py:120} INFO - [2024-11-28T09:49:55.105+0000] {dag.py:3340} INFO - Setting next_dagrun for dataset_consumes_1 to None, run_after=None
[2024-11-28T09:49:55.109+0000] {logging_mixin.py:120} INFO - [2024-11-28T09:49:55.109+0000] {dag.py:3340} INFO - Setting next_dagrun for dataset_consumes_1_and_2 to None, run_after=None
[2024-11-28T09:49:55.111+0000] {logging_mixin.py:120} INFO - [2024-11-28T09:49:55.111+0000] {dag.py:3340} INFO - Setting next_dagrun for dataset_consumes_1_never_scheduled to None, run_after=None
[2024-11-28T09:49:55.113+0000] {logging_mixin.py:120} INFO - [2024-11-28T09:49:55.113+0000] {dag.py:3340} INFO - Setting next_dagrun for dataset_consumes_unknown_never_scheduled to None, run_after=None
[2024-11-28T09:49:55.116+0000] {logging_mixin.py:120} INFO - [2024-11-28T09:49:55.116+0000] {dag.py:3340} INFO - Setting next_dagrun for dataset_produces_1 to 2024-11-27T00:00:00+00:00, run_after=2024-11-28T00:00:00+00:00
[2024-11-28T09:49:55.118+0000] {logging_mixin.py:120} INFO - [2024-11-28T09:49:55.118+0000] {dag.py:3340} INFO - Setting next_dagrun for dataset_produces_2 to None, run_after=None
[2024-11-28T09:49:55.151+0000] {processor.py:176} INFO - Processing /home/airflow/.local/lib/python3.7/site-packages/airflow/example_dags/example_datasets.py took 0.152 seconds
