[2024-11-28T09:47:23.987+0000] {processor.py:154} INFO - Started process (PID=69) to work on /home/airflow/.local/lib/python3.7/site-packages/airflow/example_dags/example_skip_dag.py
[2024-11-28T09:47:23.988+0000] {processor.py:756} INFO - Processing file /home/airflow/.local/lib/python3.7/site-packages/airflow/example_dags/example_skip_dag.py for tasks to queue
[2024-11-28T09:47:23.989+0000] {logging_mixin.py:120} INFO - [2024-11-28T09:47:23.989+0000] {dagbag.py:537} INFO - Filling up the DagBag from /home/airflow/.local/lib/python3.7/site-packages/airflow/example_dags/example_skip_dag.py
[2024-11-28T09:47:23.998+0000] {processor.py:766} INFO - DAG(s) dict_keys(['example_skip_dag']) retrieved from /home/airflow/.local/lib/python3.7/site-packages/airflow/example_dags/example_skip_dag.py
[2024-11-28T09:47:24.077+0000] {logging_mixin.py:120} INFO - [2024-11-28T09:47:24.077+0000] {manager.py:507} INFO - Created Permission View: can edit on DAG:example_skip_dag
[2024-11-28T09:47:24.084+0000] {logging_mixin.py:120} INFO - [2024-11-28T09:47:24.084+0000] {manager.py:507} INFO - Created Permission View: can read on DAG:example_skip_dag
[2024-11-28T09:47:24.089+0000] {logging_mixin.py:120} INFO - [2024-11-28T09:47:24.089+0000] {manager.py:507} INFO - Created Permission View: can delete on DAG:example_skip_dag
[2024-11-28T09:47:24.090+0000] {logging_mixin.py:120} INFO - [2024-11-28T09:47:24.090+0000] {dag.py:2585} INFO - Sync 1 DAGs
[2024-11-28T09:47:24.104+0000] {logging_mixin.py:120} INFO - [2024-11-28T09:47:24.104+0000] {dag.py:2606} INFO - Creating ORM DAG for example_skip_dag
[2024-11-28T09:47:24.117+0000] {logging_mixin.py:120} INFO - [2024-11-28T09:47:24.117+0000] {dag.py:3340} INFO - Setting next_dagrun for example_skip_dag to 2024-11-27T09:47:24.116919+00:00, run_after=2024-11-28T09:47:24.116919+00:00
[2024-11-28T09:47:24.137+0000] {processor.py:176} INFO - Processing /home/airflow/.local/lib/python3.7/site-packages/airflow/example_dags/example_skip_dag.py took 0.152 seconds
[2024-11-28T09:47:55.113+0000] {processor.py:154} INFO - Started process (PID=132) to work on /home/airflow/.local/lib/python3.7/site-packages/airflow/example_dags/example_skip_dag.py
[2024-11-28T09:47:55.118+0000] {processor.py:756} INFO - Processing file /home/airflow/.local/lib/python3.7/site-packages/airflow/example_dags/example_skip_dag.py for tasks to queue
[2024-11-28T09:47:55.121+0000] {logging_mixin.py:120} INFO - [2024-11-28T09:47:55.120+0000] {dagbag.py:537} INFO - Filling up the DagBag from /home/airflow/.local/lib/python3.7/site-packages/airflow/example_dags/example_skip_dag.py
[2024-11-28T09:47:55.133+0000] {processor.py:766} INFO - DAG(s) dict_keys(['example_skip_dag']) retrieved from /home/airflow/.local/lib/python3.7/site-packages/airflow/example_dags/example_skip_dag.py
[2024-11-28T09:47:55.178+0000] {logging_mixin.py:120} INFO - [2024-11-28T09:47:55.178+0000] {dag.py:2585} INFO - Sync 1 DAGs
[2024-11-28T09:47:55.193+0000] {logging_mixin.py:120} INFO - [2024-11-28T09:47:55.193+0000] {dag.py:3340} INFO - Setting next_dagrun for example_skip_dag to 2024-11-27T09:47:55.193248+00:00, run_after=2024-11-28T09:47:55.193248+00:00
[2024-11-28T09:47:55.208+0000] {processor.py:176} INFO - Processing /home/airflow/.local/lib/python3.7/site-packages/airflow/example_dags/example_skip_dag.py took 0.097 seconds
[2024-11-28T09:48:26.141+0000] {processor.py:154} INFO - Started process (PID=195) to work on /home/airflow/.local/lib/python3.7/site-packages/airflow/example_dags/example_skip_dag.py
[2024-11-28T09:48:26.147+0000] {processor.py:756} INFO - Processing file /home/airflow/.local/lib/python3.7/site-packages/airflow/example_dags/example_skip_dag.py for tasks to queue
[2024-11-28T09:48:26.148+0000] {logging_mixin.py:120} INFO - [2024-11-28T09:48:26.148+0000] {dagbag.py:537} INFO - Filling up the DagBag from /home/airflow/.local/lib/python3.7/site-packages/airflow/example_dags/example_skip_dag.py
[2024-11-28T09:48:26.163+0000] {processor.py:766} INFO - DAG(s) dict_keys(['example_skip_dag']) retrieved from /home/airflow/.local/lib/python3.7/site-packages/airflow/example_dags/example_skip_dag.py
[2024-11-28T09:48:26.199+0000] {logging_mixin.py:120} INFO - [2024-11-28T09:48:26.199+0000] {dag.py:2585} INFO - Sync 1 DAGs
[2024-11-28T09:48:26.218+0000] {logging_mixin.py:120} INFO - [2024-11-28T09:48:26.218+0000] {dag.py:3340} INFO - Setting next_dagrun for example_skip_dag to 2024-11-27T09:48:26.218498+00:00, run_after=2024-11-28T09:48:26.218498+00:00
[2024-11-28T09:48:26.234+0000] {processor.py:176} INFO - Processing /home/airflow/.local/lib/python3.7/site-packages/airflow/example_dags/example_skip_dag.py took 0.098 seconds
[2024-11-28T09:48:56.339+0000] {processor.py:154} INFO - Started process (PID=258) to work on /home/airflow/.local/lib/python3.7/site-packages/airflow/example_dags/example_skip_dag.py
[2024-11-28T09:48:56.344+0000] {processor.py:756} INFO - Processing file /home/airflow/.local/lib/python3.7/site-packages/airflow/example_dags/example_skip_dag.py for tasks to queue
[2024-11-28T09:48:56.345+0000] {logging_mixin.py:120} INFO - [2024-11-28T09:48:56.345+0000] {dagbag.py:537} INFO - Filling up the DagBag from /home/airflow/.local/lib/python3.7/site-packages/airflow/example_dags/example_skip_dag.py
[2024-11-28T09:48:56.358+0000] {processor.py:766} INFO - DAG(s) dict_keys(['example_skip_dag']) retrieved from /home/airflow/.local/lib/python3.7/site-packages/airflow/example_dags/example_skip_dag.py
[2024-11-28T09:48:56.391+0000] {logging_mixin.py:120} INFO - [2024-11-28T09:48:56.391+0000] {dag.py:2585} INFO - Sync 1 DAGs
[2024-11-28T09:48:56.405+0000] {logging_mixin.py:120} INFO - [2024-11-28T09:48:56.405+0000] {dag.py:3340} INFO - Setting next_dagrun for example_skip_dag to 2024-11-27T09:48:56.404944+00:00, run_after=2024-11-28T09:48:56.404944+00:00
[2024-11-28T09:48:56.419+0000] {processor.py:176} INFO - Processing /home/airflow/.local/lib/python3.7/site-packages/airflow/example_dags/example_skip_dag.py took 0.084 seconds
[2024-11-28T09:49:27.325+0000] {processor.py:154} INFO - Started process (PID=321) to work on /home/airflow/.local/lib/python3.7/site-packages/airflow/example_dags/example_skip_dag.py
[2024-11-28T09:49:27.328+0000] {processor.py:756} INFO - Processing file /home/airflow/.local/lib/python3.7/site-packages/airflow/example_dags/example_skip_dag.py for tasks to queue
[2024-11-28T09:49:27.330+0000] {logging_mixin.py:120} INFO - [2024-11-28T09:49:27.330+0000] {dagbag.py:537} INFO - Filling up the DagBag from /home/airflow/.local/lib/python3.7/site-packages/airflow/example_dags/example_skip_dag.py
[2024-11-28T09:49:27.341+0000] {processor.py:766} INFO - DAG(s) dict_keys(['example_skip_dag']) retrieved from /home/airflow/.local/lib/python3.7/site-packages/airflow/example_dags/example_skip_dag.py
[2024-11-28T09:49:27.364+0000] {logging_mixin.py:120} INFO - [2024-11-28T09:49:27.364+0000] {dag.py:2585} INFO - Sync 1 DAGs
[2024-11-28T09:49:27.378+0000] {logging_mixin.py:120} INFO - [2024-11-28T09:49:27.378+0000] {dag.py:3340} INFO - Setting next_dagrun for example_skip_dag to 2024-11-27T09:49:27.378687+00:00, run_after=2024-11-28T09:49:27.378687+00:00
[2024-11-28T09:49:27.426+0000] {processor.py:176} INFO - Processing /home/airflow/.local/lib/python3.7/site-packages/airflow/example_dags/example_skip_dag.py took 0.104 seconds
[2024-11-28T09:49:57.474+0000] {processor.py:154} INFO - Started process (PID=384) to work on /home/airflow/.local/lib/python3.7/site-packages/airflow/example_dags/example_skip_dag.py
[2024-11-28T09:49:57.475+0000] {processor.py:756} INFO - Processing file /home/airflow/.local/lib/python3.7/site-packages/airflow/example_dags/example_skip_dag.py for tasks to queue
[2024-11-28T09:49:57.475+0000] {logging_mixin.py:120} INFO - [2024-11-28T09:49:57.475+0000] {dagbag.py:537} INFO - Filling up the DagBag from /home/airflow/.local/lib/python3.7/site-packages/airflow/example_dags/example_skip_dag.py
[2024-11-28T09:49:57.483+0000] {processor.py:766} INFO - DAG(s) dict_keys(['example_skip_dag']) retrieved from /home/airflow/.local/lib/python3.7/site-packages/airflow/example_dags/example_skip_dag.py
[2024-11-28T09:49:57.506+0000] {logging_mixin.py:120} INFO - [2024-11-28T09:49:57.506+0000] {dag.py:2585} INFO - Sync 1 DAGs
[2024-11-28T09:49:57.521+0000] {logging_mixin.py:120} INFO - [2024-11-28T09:49:57.521+0000] {dag.py:3340} INFO - Setting next_dagrun for example_skip_dag to 2024-11-27T09:49:57.521562+00:00, run_after=2024-11-28T09:49:57.521562+00:00
[2024-11-28T09:49:57.539+0000] {processor.py:176} INFO - Processing /home/airflow/.local/lib/python3.7/site-packages/airflow/example_dags/example_skip_dag.py took 0.067 seconds
