[2024-11-28T09:47:19.854+0000] {processor.py:154} INFO - Started process (PID=37) to work on /home/airflow/.local/lib/python3.7/site-packages/airflow/example_dags/example_branch_python_dop_operator_3.py
[2024-11-28T09:47:19.859+0000] {processor.py:756} INFO - Processing file /home/airflow/.local/lib/python3.7/site-packages/airflow/example_dags/example_branch_python_dop_operator_3.py for tasks to queue
[2024-11-28T09:47:19.860+0000] {logging_mixin.py:120} INFO - [2024-11-28T09:47:19.860+0000] {dagbag.py:537} INFO - Filling up the DagBag from /home/airflow/.local/lib/python3.7/site-packages/airflow/example_dags/example_branch_python_dop_operator_3.py
[2024-11-28T09:47:19.895+0000] {processor.py:766} INFO - DAG(s) dict_keys(['example_branch_dop_operator_v3']) retrieved from /home/airflow/.local/lib/python3.7/site-packages/airflow/example_dags/example_branch_python_dop_operator_3.py
[2024-11-28T09:47:20.033+0000] {logging_mixin.py:120} INFO - [2024-11-28T09:47:20.033+0000] {manager.py:507} INFO - Created Permission View: can edit on DAG:example_branch_dop_operator_v3
[2024-11-28T09:47:20.039+0000] {logging_mixin.py:120} INFO - [2024-11-28T09:47:20.039+0000] {manager.py:507} INFO - Created Permission View: can read on DAG:example_branch_dop_operator_v3
[2024-11-28T09:47:20.043+0000] {logging_mixin.py:120} INFO - [2024-11-28T09:47:20.043+0000] {manager.py:507} INFO - Created Permission View: can delete on DAG:example_branch_dop_operator_v3
[2024-11-28T09:47:20.043+0000] {logging_mixin.py:120} INFO - [2024-11-28T09:47:20.043+0000] {dag.py:2585} INFO - Sync 1 DAGs
[2024-11-28T09:47:20.052+0000] {logging_mixin.py:120} INFO - [2024-11-28T09:47:20.051+0000] {dag.py:2606} INFO - Creating ORM DAG for example_branch_dop_operator_v3
[2024-11-28T09:47:20.061+0000] {logging_mixin.py:120} INFO - [2024-11-28T09:47:20.061+0000] {dag.py:3340} INFO - Setting next_dagrun for example_branch_dop_operator_v3 to 2024-11-28T09:46:00+00:00, run_after=2024-11-28T09:47:00+00:00
[2024-11-28T09:47:20.075+0000] {processor.py:176} INFO - Processing /home/airflow/.local/lib/python3.7/site-packages/airflow/example_dags/example_branch_python_dop_operator_3.py took 0.223 seconds
[2024-11-28T09:47:50.593+0000] {processor.py:154} INFO - Started process (PID=100) to work on /home/airflow/.local/lib/python3.7/site-packages/airflow/example_dags/example_branch_python_dop_operator_3.py
[2024-11-28T09:47:50.595+0000] {processor.py:756} INFO - Processing file /home/airflow/.local/lib/python3.7/site-packages/airflow/example_dags/example_branch_python_dop_operator_3.py for tasks to queue
[2024-11-28T09:47:50.596+0000] {logging_mixin.py:120} INFO - [2024-11-28T09:47:50.596+0000] {dagbag.py:537} INFO - Filling up the DagBag from /home/airflow/.local/lib/python3.7/site-packages/airflow/example_dags/example_branch_python_dop_operator_3.py
[2024-11-28T09:47:50.625+0000] {processor.py:766} INFO - DAG(s) dict_keys(['example_branch_dop_operator_v3']) retrieved from /home/airflow/.local/lib/python3.7/site-packages/airflow/example_dags/example_branch_python_dop_operator_3.py
[2024-11-28T09:47:50.658+0000] {logging_mixin.py:120} INFO - [2024-11-28T09:47:50.658+0000] {dag.py:2585} INFO - Sync 1 DAGs
[2024-11-28T09:47:50.676+0000] {logging_mixin.py:120} INFO - [2024-11-28T09:47:50.676+0000] {dag.py:3340} INFO - Setting next_dagrun for example_branch_dop_operator_v3 to 2024-11-28T09:46:00+00:00, run_after=2024-11-28T09:47:00+00:00
[2024-11-28T09:47:50.687+0000] {processor.py:176} INFO - Processing /home/airflow/.local/lib/python3.7/site-packages/airflow/example_dags/example_branch_python_dop_operator_3.py took 0.101 seconds
[2024-11-28T09:48:21.510+0000] {processor.py:154} INFO - Started process (PID=163) to work on /home/airflow/.local/lib/python3.7/site-packages/airflow/example_dags/example_branch_python_dop_operator_3.py
[2024-11-28T09:48:21.513+0000] {processor.py:756} INFO - Processing file /home/airflow/.local/lib/python3.7/site-packages/airflow/example_dags/example_branch_python_dop_operator_3.py for tasks to queue
[2024-11-28T09:48:21.515+0000] {logging_mixin.py:120} INFO - [2024-11-28T09:48:21.515+0000] {dagbag.py:537} INFO - Filling up the DagBag from /home/airflow/.local/lib/python3.7/site-packages/airflow/example_dags/example_branch_python_dop_operator_3.py
[2024-11-28T09:48:21.560+0000] {processor.py:766} INFO - DAG(s) dict_keys(['example_branch_dop_operator_v3']) retrieved from /home/airflow/.local/lib/python3.7/site-packages/airflow/example_dags/example_branch_python_dop_operator_3.py
[2024-11-28T09:48:21.662+0000] {logging_mixin.py:120} INFO - [2024-11-28T09:48:21.662+0000] {dag.py:2585} INFO - Sync 1 DAGs
[2024-11-28T09:48:21.720+0000] {logging_mixin.py:120} INFO - [2024-11-28T09:48:21.720+0000] {dag.py:3340} INFO - Setting next_dagrun for example_branch_dop_operator_v3 to 2024-11-28T09:47:00+00:00, run_after=2024-11-28T09:48:00+00:00
[2024-11-28T09:48:21.773+0000] {processor.py:176} INFO - Processing /home/airflow/.local/lib/python3.7/site-packages/airflow/example_dags/example_branch_python_dop_operator_3.py took 0.283 seconds
[2024-11-28T09:48:52.631+0000] {processor.py:154} INFO - Started process (PID=226) to work on /home/airflow/.local/lib/python3.7/site-packages/airflow/example_dags/example_branch_python_dop_operator_3.py
[2024-11-28T09:48:52.632+0000] {processor.py:756} INFO - Processing file /home/airflow/.local/lib/python3.7/site-packages/airflow/example_dags/example_branch_python_dop_operator_3.py for tasks to queue
[2024-11-28T09:48:52.634+0000] {logging_mixin.py:120} INFO - [2024-11-28T09:48:52.634+0000] {dagbag.py:537} INFO - Filling up the DagBag from /home/airflow/.local/lib/python3.7/site-packages/airflow/example_dags/example_branch_python_dop_operator_3.py
[2024-11-28T09:48:52.663+0000] {processor.py:766} INFO - DAG(s) dict_keys(['example_branch_dop_operator_v3']) retrieved from /home/airflow/.local/lib/python3.7/site-packages/airflow/example_dags/example_branch_python_dop_operator_3.py
[2024-11-28T09:48:52.787+0000] {logging_mixin.py:120} INFO - [2024-11-28T09:48:52.787+0000] {dag.py:2585} INFO - Sync 1 DAGs
[2024-11-28T09:48:52.811+0000] {logging_mixin.py:120} INFO - [2024-11-28T09:48:52.811+0000] {dag.py:3340} INFO - Setting next_dagrun for example_branch_dop_operator_v3 to 2024-11-28T09:47:00+00:00, run_after=2024-11-28T09:48:00+00:00
[2024-11-28T09:48:52.826+0000] {processor.py:176} INFO - Processing /home/airflow/.local/lib/python3.7/site-packages/airflow/example_dags/example_branch_python_dop_operator_3.py took 0.200 seconds
[2024-11-28T09:49:23.753+0000] {processor.py:154} INFO - Started process (PID=280) to work on /home/airflow/.local/lib/python3.7/site-packages/airflow/example_dags/example_branch_python_dop_operator_3.py
[2024-11-28T09:49:23.755+0000] {processor.py:756} INFO - Processing file /home/airflow/.local/lib/python3.7/site-packages/airflow/example_dags/example_branch_python_dop_operator_3.py for tasks to queue
[2024-11-28T09:49:23.757+0000] {logging_mixin.py:120} INFO - [2024-11-28T09:49:23.756+0000] {dagbag.py:537} INFO - Filling up the DagBag from /home/airflow/.local/lib/python3.7/site-packages/airflow/example_dags/example_branch_python_dop_operator_3.py
[2024-11-28T09:49:23.804+0000] {processor.py:766} INFO - DAG(s) dict_keys(['example_branch_dop_operator_v3']) retrieved from /home/airflow/.local/lib/python3.7/site-packages/airflow/example_dags/example_branch_python_dop_operator_3.py
[2024-11-28T09:49:23.831+0000] {logging_mixin.py:120} INFO - [2024-11-28T09:49:23.831+0000] {dag.py:2585} INFO - Sync 1 DAGs
[2024-11-28T09:49:23.856+0000] {logging_mixin.py:120} INFO - [2024-11-28T09:49:23.856+0000] {dag.py:3340} INFO - Setting next_dagrun for example_branch_dop_operator_v3 to 2024-11-28T09:48:00+00:00, run_after=2024-11-28T09:49:00+00:00
[2024-11-28T09:49:23.881+0000] {processor.py:176} INFO - Processing /home/airflow/.local/lib/python3.7/site-packages/airflow/example_dags/example_branch_python_dop_operator_3.py took 0.136 seconds
[2024-11-28T09:49:54.795+0000] {processor.py:154} INFO - Started process (PID=343) to work on /home/airflow/.local/lib/python3.7/site-packages/airflow/example_dags/example_branch_python_dop_operator_3.py
[2024-11-28T09:49:54.796+0000] {processor.py:756} INFO - Processing file /home/airflow/.local/lib/python3.7/site-packages/airflow/example_dags/example_branch_python_dop_operator_3.py for tasks to queue
[2024-11-28T09:49:54.798+0000] {logging_mixin.py:120} INFO - [2024-11-28T09:49:54.798+0000] {dagbag.py:537} INFO - Filling up the DagBag from /home/airflow/.local/lib/python3.7/site-packages/airflow/example_dags/example_branch_python_dop_operator_3.py
[2024-11-28T09:49:54.837+0000] {processor.py:766} INFO - DAG(s) dict_keys(['example_branch_dop_operator_v3']) retrieved from /home/airflow/.local/lib/python3.7/site-packages/airflow/example_dags/example_branch_python_dop_operator_3.py
[2024-11-28T09:49:54.880+0000] {logging_mixin.py:120} INFO - [2024-11-28T09:49:54.880+0000] {dag.py:2585} INFO - Sync 1 DAGs
[2024-11-28T09:49:54.900+0000] {logging_mixin.py:120} INFO - [2024-11-28T09:49:54.900+0000] {dag.py:3340} INFO - Setting next_dagrun for example_branch_dop_operator_v3 to 2024-11-28T09:48:00+00:00, run_after=2024-11-28T09:49:00+00:00
[2024-11-28T09:49:54.916+0000] {processor.py:176} INFO - Processing /home/airflow/.local/lib/python3.7/site-packages/airflow/example_dags/example_branch_python_dop_operator_3.py took 0.129 seconds
