[2024-11-28T09:47:21.604+0000] {processor.py:154} INFO - Started process (PID=49) to work on /home/airflow/.local/lib/python3.7/site-packages/airflow/example_dags/example_latest_only.py
[2024-11-28T09:47:21.605+0000] {processor.py:756} INFO - Processing file /home/airflow/.local/lib/python3.7/site-packages/airflow/example_dags/example_latest_only.py for tasks to queue
[2024-11-28T09:47:21.605+0000] {logging_mixin.py:120} INFO - [2024-11-28T09:47:21.605+0000] {dagbag.py:537} INFO - Filling up the DagBag from /home/airflow/.local/lib/python3.7/site-packages/airflow/example_dags/example_latest_only.py
[2024-11-28T09:47:21.616+0000] {processor.py:766} INFO - DAG(s) dict_keys(['latest_only']) retrieved from /home/airflow/.local/lib/python3.7/site-packages/airflow/example_dags/example_latest_only.py
[2024-11-28T09:47:21.701+0000] {logging_mixin.py:120} INFO - [2024-11-28T09:47:21.701+0000] {manager.py:507} INFO - Created Permission View: can edit on DAG:latest_only
[2024-11-28T09:47:21.708+0000] {logging_mixin.py:120} INFO - [2024-11-28T09:47:21.708+0000] {manager.py:507} INFO - Created Permission View: can read on DAG:latest_only
[2024-11-28T09:47:21.712+0000] {logging_mixin.py:120} INFO - [2024-11-28T09:47:21.712+0000] {manager.py:507} INFO - Created Permission View: can delete on DAG:latest_only
[2024-11-28T09:47:21.712+0000] {logging_mixin.py:120} INFO - [2024-11-28T09:47:21.712+0000] {dag.py:2585} INFO - Sync 1 DAGs
[2024-11-28T09:47:21.720+0000] {logging_mixin.py:120} INFO - [2024-11-28T09:47:21.720+0000] {dag.py:2606} INFO - Creating ORM DAG for latest_only
[2024-11-28T09:47:21.727+0000] {logging_mixin.py:120} INFO - [2024-11-28T09:47:21.727+0000] {dag.py:3340} INFO - Setting next_dagrun for latest_only to 2024-11-28T05:47:21.727400+00:00, run_after=2024-11-28T09:47:21.727400+00:00
[2024-11-28T09:47:21.740+0000] {processor.py:176} INFO - Processing /home/airflow/.local/lib/python3.7/site-packages/airflow/example_dags/example_latest_only.py took 0.138 seconds
[2024-11-28T09:47:52.304+0000] {processor.py:154} INFO - Started process (PID=112) to work on /home/airflow/.local/lib/python3.7/site-packages/airflow/example_dags/example_latest_only.py
[2024-11-28T09:47:52.305+0000] {processor.py:756} INFO - Processing file /home/airflow/.local/lib/python3.7/site-packages/airflow/example_dags/example_latest_only.py for tasks to queue
[2024-11-28T09:47:52.305+0000] {logging_mixin.py:120} INFO - [2024-11-28T09:47:52.305+0000] {dagbag.py:537} INFO - Filling up the DagBag from /home/airflow/.local/lib/python3.7/site-packages/airflow/example_dags/example_latest_only.py
[2024-11-28T09:47:52.314+0000] {processor.py:766} INFO - DAG(s) dict_keys(['latest_only']) retrieved from /home/airflow/.local/lib/python3.7/site-packages/airflow/example_dags/example_latest_only.py
[2024-11-28T09:47:52.336+0000] {logging_mixin.py:120} INFO - [2024-11-28T09:47:52.336+0000] {dag.py:2585} INFO - Sync 1 DAGs
[2024-11-28T09:47:52.354+0000] {logging_mixin.py:120} INFO - [2024-11-28T09:47:52.354+0000] {dag.py:3340} INFO - Setting next_dagrun for latest_only to 2024-11-28T05:47:52.354528+00:00, run_after=2024-11-28T09:47:52.354528+00:00
[2024-11-28T09:47:52.366+0000] {processor.py:176} INFO - Processing /home/airflow/.local/lib/python3.7/site-packages/airflow/example_dags/example_latest_only.py took 0.064 seconds
[2024-11-28T09:48:23.042+0000] {processor.py:154} INFO - Started process (PID=175) to work on /home/airflow/.local/lib/python3.7/site-packages/airflow/example_dags/example_latest_only.py
[2024-11-28T09:48:23.044+0000] {processor.py:756} INFO - Processing file /home/airflow/.local/lib/python3.7/site-packages/airflow/example_dags/example_latest_only.py for tasks to queue
[2024-11-28T09:48:23.045+0000] {logging_mixin.py:120} INFO - [2024-11-28T09:48:23.045+0000] {dagbag.py:537} INFO - Filling up the DagBag from /home/airflow/.local/lib/python3.7/site-packages/airflow/example_dags/example_latest_only.py
[2024-11-28T09:48:23.060+0000] {processor.py:766} INFO - DAG(s) dict_keys(['latest_only']) retrieved from /home/airflow/.local/lib/python3.7/site-packages/airflow/example_dags/example_latest_only.py
[2024-11-28T09:48:23.108+0000] {logging_mixin.py:120} INFO - [2024-11-28T09:48:23.108+0000] {dag.py:2585} INFO - Sync 1 DAGs
[2024-11-28T09:48:23.131+0000] {logging_mixin.py:120} INFO - [2024-11-28T09:48:23.131+0000] {dag.py:3340} INFO - Setting next_dagrun for latest_only to 2024-11-28T05:48:23.131398+00:00, run_after=2024-11-28T09:48:23.131398+00:00
[2024-11-28T09:48:23.154+0000] {processor.py:176} INFO - Processing /home/airflow/.local/lib/python3.7/site-packages/airflow/example_dags/example_latest_only.py took 0.115 seconds
[2024-11-28T09:48:53.426+0000] {processor.py:154} INFO - Started process (PID=238) to work on /home/airflow/.local/lib/python3.7/site-packages/airflow/example_dags/example_latest_only.py
[2024-11-28T09:48:53.427+0000] {processor.py:756} INFO - Processing file /home/airflow/.local/lib/python3.7/site-packages/airflow/example_dags/example_latest_only.py for tasks to queue
[2024-11-28T09:48:53.427+0000] {logging_mixin.py:120} INFO - [2024-11-28T09:48:53.427+0000] {dagbag.py:537} INFO - Filling up the DagBag from /home/airflow/.local/lib/python3.7/site-packages/airflow/example_dags/example_latest_only.py
[2024-11-28T09:48:53.434+0000] {processor.py:766} INFO - DAG(s) dict_keys(['latest_only']) retrieved from /home/airflow/.local/lib/python3.7/site-packages/airflow/example_dags/example_latest_only.py
[2024-11-28T09:48:53.461+0000] {logging_mixin.py:120} INFO - [2024-11-28T09:48:53.461+0000] {dag.py:2585} INFO - Sync 1 DAGs
[2024-11-28T09:48:53.501+0000] {logging_mixin.py:120} INFO - [2024-11-28T09:48:53.501+0000] {dag.py:3340} INFO - Setting next_dagrun for latest_only to 2024-11-28T05:48:53.501105+00:00, run_after=2024-11-28T09:48:53.501105+00:00
[2024-11-28T09:48:53.517+0000] {processor.py:176} INFO - Processing /home/airflow/.local/lib/python3.7/site-packages/airflow/example_dags/example_latest_only.py took 0.092 seconds
[2024-11-28T09:49:24.342+0000] {processor.py:154} INFO - Started process (PID=299) to work on /home/airflow/.local/lib/python3.7/site-packages/airflow/example_dags/example_latest_only.py
[2024-11-28T09:49:24.343+0000] {processor.py:756} INFO - Processing file /home/airflow/.local/lib/python3.7/site-packages/airflow/example_dags/example_latest_only.py for tasks to queue
[2024-11-28T09:49:24.343+0000] {logging_mixin.py:120} INFO - [2024-11-28T09:49:24.343+0000] {dagbag.py:537} INFO - Filling up the DagBag from /home/airflow/.local/lib/python3.7/site-packages/airflow/example_dags/example_latest_only.py
[2024-11-28T09:49:24.351+0000] {processor.py:766} INFO - DAG(s) dict_keys(['latest_only']) retrieved from /home/airflow/.local/lib/python3.7/site-packages/airflow/example_dags/example_latest_only.py
[2024-11-28T09:49:24.373+0000] {logging_mixin.py:120} INFO - [2024-11-28T09:49:24.373+0000] {dag.py:2585} INFO - Sync 1 DAGs
[2024-11-28T09:49:24.390+0000] {logging_mixin.py:120} INFO - [2024-11-28T09:49:24.390+0000] {dag.py:3340} INFO - Setting next_dagrun for latest_only to 2024-11-28T05:49:24.390601+00:00, run_after=2024-11-28T09:49:24.390601+00:00
[2024-11-28T09:49:24.407+0000] {processor.py:176} INFO - Processing /home/airflow/.local/lib/python3.7/site-packages/airflow/example_dags/example_latest_only.py took 0.067 seconds
[2024-11-28T09:49:55.509+0000] {processor.py:154} INFO - Started process (PID=355) to work on /home/airflow/.local/lib/python3.7/site-packages/airflow/example_dags/example_latest_only.py
[2024-11-28T09:49:55.509+0000] {processor.py:756} INFO - Processing file /home/airflow/.local/lib/python3.7/site-packages/airflow/example_dags/example_latest_only.py for tasks to queue
[2024-11-28T09:49:55.510+0000] {logging_mixin.py:120} INFO - [2024-11-28T09:49:55.510+0000] {dagbag.py:537} INFO - Filling up the DagBag from /home/airflow/.local/lib/python3.7/site-packages/airflow/example_dags/example_latest_only.py
[2024-11-28T09:49:55.517+0000] {processor.py:766} INFO - DAG(s) dict_keys(['latest_only']) retrieved from /home/airflow/.local/lib/python3.7/site-packages/airflow/example_dags/example_latest_only.py
[2024-11-28T09:49:55.537+0000] {logging_mixin.py:120} INFO - [2024-11-28T09:49:55.537+0000] {dag.py:2585} INFO - Sync 1 DAGs
[2024-11-28T09:49:55.549+0000] {logging_mixin.py:120} INFO - [2024-11-28T09:49:55.549+0000] {dag.py:3340} INFO - Setting next_dagrun for latest_only to 2024-11-28T05:49:55.549649+00:00, run_after=2024-11-28T09:49:55.549649+00:00
[2024-11-28T09:49:55.564+0000] {processor.py:176} INFO - Processing /home/airflow/.local/lib/python3.7/site-packages/airflow/example_dags/example_latest_only.py took 0.057 seconds
