[2024-11-28T09:47:23.676+0000] {processor.py:154} INFO - Started process (PID=65) to work on /home/airflow/.local/lib/python3.7/site-packages/airflow/example_dags/example_complex.py
[2024-11-28T09:47:23.677+0000] {processor.py:756} INFO - Processing file /home/airflow/.local/lib/python3.7/site-packages/airflow/example_dags/example_complex.py for tasks to queue
[2024-11-28T09:47:23.678+0000] {logging_mixin.py:120} INFO - [2024-11-28T09:47:23.678+0000] {dagbag.py:537} INFO - Filling up the DagBag from /home/airflow/.local/lib/python3.7/site-packages/airflow/example_dags/example_complex.py
[2024-11-28T09:47:23.685+0000] {logging_mixin.py:120} INFO - [2024-11-28T09:47:23.685+0000] {taskmixin.py:205} WARNING - Dependency <Task(BashOperator): create_entry_group>, delete_entry_group already registered for DAG: example_complex
[2024-11-28T09:47:23.686+0000] {logging_mixin.py:120} INFO - [2024-11-28T09:47:23.686+0000] {taskmixin.py:205} WARNING - Dependency <Task(BashOperator): delete_entry_group>, create_entry_group already registered for DAG: example_complex
[2024-11-28T09:47:23.686+0000] {logging_mixin.py:120} INFO - [2024-11-28T09:47:23.686+0000] {taskmixin.py:205} WARNING - Dependency <Task(BashOperator): create_entry_gcs>, delete_entry already registered for DAG: example_complex
[2024-11-28T09:47:23.686+0000] {logging_mixin.py:120} INFO - [2024-11-28T09:47:23.686+0000] {taskmixin.py:205} WARNING - Dependency <Task(BashOperator): delete_entry>, create_entry_gcs already registered for DAG: example_complex
[2024-11-28T09:47:23.686+0000] {logging_mixin.py:120} INFO - [2024-11-28T09:47:23.686+0000] {taskmixin.py:205} WARNING - Dependency <Task(BashOperator): create_tag>, delete_tag already registered for DAG: example_complex
[2024-11-28T09:47:23.686+0000] {logging_mixin.py:120} INFO - [2024-11-28T09:47:23.686+0000] {taskmixin.py:205} WARNING - Dependency <Task(BashOperator): delete_tag>, create_tag already registered for DAG: example_complex
[2024-11-28T09:47:23.690+0000] {processor.py:766} INFO - DAG(s) dict_keys(['example_complex']) retrieved from /home/airflow/.local/lib/python3.7/site-packages/airflow/example_dags/example_complex.py
[2024-11-28T09:47:23.765+0000] {logging_mixin.py:120} INFO - [2024-11-28T09:47:23.765+0000] {manager.py:507} INFO - Created Permission View: can edit on DAG:example_complex
[2024-11-28T09:47:23.771+0000] {logging_mixin.py:120} INFO - [2024-11-28T09:47:23.771+0000] {manager.py:507} INFO - Created Permission View: can read on DAG:example_complex
[2024-11-28T09:47:23.775+0000] {logging_mixin.py:120} INFO - [2024-11-28T09:47:23.775+0000] {manager.py:507} INFO - Created Permission View: can delete on DAG:example_complex
[2024-11-28T09:47:23.775+0000] {logging_mixin.py:120} INFO - [2024-11-28T09:47:23.775+0000] {dag.py:2585} INFO - Sync 1 DAGs
[2024-11-28T09:47:23.784+0000] {logging_mixin.py:120} INFO - [2024-11-28T09:47:23.783+0000] {dag.py:2606} INFO - Creating ORM DAG for example_complex
[2024-11-28T09:47:23.791+0000] {logging_mixin.py:120} INFO - [2024-11-28T09:47:23.791+0000] {dag.py:3340} INFO - Setting next_dagrun for example_complex to None, run_after=None
[2024-11-28T09:47:23.807+0000] {processor.py:176} INFO - Processing /home/airflow/.local/lib/python3.7/site-packages/airflow/example_dags/example_complex.py took 0.134 seconds
[2024-11-28T09:47:53.999+0000] {processor.py:154} INFO - Started process (PID=128) to work on /home/airflow/.local/lib/python3.7/site-packages/airflow/example_dags/example_complex.py
[2024-11-28T09:47:54.000+0000] {processor.py:756} INFO - Processing file /home/airflow/.local/lib/python3.7/site-packages/airflow/example_dags/example_complex.py for tasks to queue
[2024-11-28T09:47:54.001+0000] {logging_mixin.py:120} INFO - [2024-11-28T09:47:54.001+0000] {dagbag.py:537} INFO - Filling up the DagBag from /home/airflow/.local/lib/python3.7/site-packages/airflow/example_dags/example_complex.py
[2024-11-28T09:47:54.007+0000] {logging_mixin.py:120} INFO - [2024-11-28T09:47:54.007+0000] {taskmixin.py:205} WARNING - Dependency <Task(BashOperator): create_entry_group>, delete_entry_group already registered for DAG: example_complex
[2024-11-28T09:47:54.007+0000] {logging_mixin.py:120} INFO - [2024-11-28T09:47:54.007+0000] {taskmixin.py:205} WARNING - Dependency <Task(BashOperator): delete_entry_group>, create_entry_group already registered for DAG: example_complex
[2024-11-28T09:47:54.007+0000] {logging_mixin.py:120} INFO - [2024-11-28T09:47:54.007+0000] {taskmixin.py:205} WARNING - Dependency <Task(BashOperator): create_entry_gcs>, delete_entry already registered for DAG: example_complex
[2024-11-28T09:47:54.007+0000] {logging_mixin.py:120} INFO - [2024-11-28T09:47:54.007+0000] {taskmixin.py:205} WARNING - Dependency <Task(BashOperator): delete_entry>, create_entry_gcs already registered for DAG: example_complex
[2024-11-28T09:47:54.007+0000] {logging_mixin.py:120} INFO - [2024-11-28T09:47:54.007+0000] {taskmixin.py:205} WARNING - Dependency <Task(BashOperator): create_tag>, delete_tag already registered for DAG: example_complex
[2024-11-28T09:47:54.007+0000] {logging_mixin.py:120} INFO - [2024-11-28T09:47:54.007+0000] {taskmixin.py:205} WARNING - Dependency <Task(BashOperator): delete_tag>, create_tag already registered for DAG: example_complex
[2024-11-28T09:47:54.012+0000] {processor.py:766} INFO - DAG(s) dict_keys(['example_complex']) retrieved from /home/airflow/.local/lib/python3.7/site-packages/airflow/example_dags/example_complex.py
[2024-11-28T09:47:54.036+0000] {logging_mixin.py:120} INFO - [2024-11-28T09:47:54.036+0000] {dag.py:2585} INFO - Sync 1 DAGs
[2024-11-28T09:47:54.053+0000] {logging_mixin.py:120} INFO - [2024-11-28T09:47:54.053+0000] {dag.py:3340} INFO - Setting next_dagrun for example_complex to None, run_after=None
[2024-11-28T09:47:54.062+0000] {processor.py:176} INFO - Processing /home/airflow/.local/lib/python3.7/site-packages/airflow/example_dags/example_complex.py took 0.065 seconds
[2024-11-28T09:48:24.969+0000] {processor.py:154} INFO - Started process (PID=191) to work on /home/airflow/.local/lib/python3.7/site-packages/airflow/example_dags/example_complex.py
[2024-11-28T09:48:24.970+0000] {processor.py:756} INFO - Processing file /home/airflow/.local/lib/python3.7/site-packages/airflow/example_dags/example_complex.py for tasks to queue
[2024-11-28T09:48:24.971+0000] {logging_mixin.py:120} INFO - [2024-11-28T09:48:24.971+0000] {dagbag.py:537} INFO - Filling up the DagBag from /home/airflow/.local/lib/python3.7/site-packages/airflow/example_dags/example_complex.py
[2024-11-28T09:48:24.980+0000] {logging_mixin.py:120} INFO - [2024-11-28T09:48:24.980+0000] {taskmixin.py:205} WARNING - Dependency <Task(BashOperator): create_entry_group>, delete_entry_group already registered for DAG: example_complex
[2024-11-28T09:48:24.981+0000] {logging_mixin.py:120} INFO - [2024-11-28T09:48:24.981+0000] {taskmixin.py:205} WARNING - Dependency <Task(BashOperator): delete_entry_group>, create_entry_group already registered for DAG: example_complex
[2024-11-28T09:48:24.983+0000] {logging_mixin.py:120} INFO - [2024-11-28T09:48:24.983+0000] {taskmixin.py:205} WARNING - Dependency <Task(BashOperator): create_entry_gcs>, delete_entry already registered for DAG: example_complex
[2024-11-28T09:48:24.983+0000] {logging_mixin.py:120} INFO - [2024-11-28T09:48:24.983+0000] {taskmixin.py:205} WARNING - Dependency <Task(BashOperator): delete_entry>, create_entry_gcs already registered for DAG: example_complex
[2024-11-28T09:48:24.983+0000] {logging_mixin.py:120} INFO - [2024-11-28T09:48:24.983+0000] {taskmixin.py:205} WARNING - Dependency <Task(BashOperator): create_tag>, delete_tag already registered for DAG: example_complex
[2024-11-28T09:48:24.983+0000] {logging_mixin.py:120} INFO - [2024-11-28T09:48:24.983+0000] {taskmixin.py:205} WARNING - Dependency <Task(BashOperator): delete_tag>, create_tag already registered for DAG: example_complex
[2024-11-28T09:48:24.988+0000] {processor.py:766} INFO - DAG(s) dict_keys(['example_complex']) retrieved from /home/airflow/.local/lib/python3.7/site-packages/airflow/example_dags/example_complex.py
[2024-11-28T09:48:25.022+0000] {logging_mixin.py:120} INFO - [2024-11-28T09:48:25.022+0000] {dag.py:2585} INFO - Sync 1 DAGs
[2024-11-28T09:48:25.039+0000] {logging_mixin.py:120} INFO - [2024-11-28T09:48:25.039+0000] {dag.py:3340} INFO - Setting next_dagrun for example_complex to None, run_after=None
[2024-11-28T09:48:25.058+0000] {processor.py:176} INFO - Processing /home/airflow/.local/lib/python3.7/site-packages/airflow/example_dags/example_complex.py took 0.090 seconds
[2024-11-28T09:48:55.215+0000] {processor.py:154} INFO - Started process (PID=254) to work on /home/airflow/.local/lib/python3.7/site-packages/airflow/example_dags/example_complex.py
[2024-11-28T09:48:55.216+0000] {processor.py:756} INFO - Processing file /home/airflow/.local/lib/python3.7/site-packages/airflow/example_dags/example_complex.py for tasks to queue
[2024-11-28T09:48:55.217+0000] {logging_mixin.py:120} INFO - [2024-11-28T09:48:55.216+0000] {dagbag.py:537} INFO - Filling up the DagBag from /home/airflow/.local/lib/python3.7/site-packages/airflow/example_dags/example_complex.py
[2024-11-28T09:48:55.223+0000] {logging_mixin.py:120} INFO - [2024-11-28T09:48:55.223+0000] {taskmixin.py:205} WARNING - Dependency <Task(BashOperator): create_entry_group>, delete_entry_group already registered for DAG: example_complex
[2024-11-28T09:48:55.223+0000] {logging_mixin.py:120} INFO - [2024-11-28T09:48:55.223+0000] {taskmixin.py:205} WARNING - Dependency <Task(BashOperator): delete_entry_group>, create_entry_group already registered for DAG: example_complex
[2024-11-28T09:48:55.223+0000] {logging_mixin.py:120} INFO - [2024-11-28T09:48:55.223+0000] {taskmixin.py:205} WARNING - Dependency <Task(BashOperator): create_entry_gcs>, delete_entry already registered for DAG: example_complex
[2024-11-28T09:48:55.223+0000] {logging_mixin.py:120} INFO - [2024-11-28T09:48:55.223+0000] {taskmixin.py:205} WARNING - Dependency <Task(BashOperator): delete_entry>, create_entry_gcs already registered for DAG: example_complex
[2024-11-28T09:48:55.223+0000] {logging_mixin.py:120} INFO - [2024-11-28T09:48:55.223+0000] {taskmixin.py:205} WARNING - Dependency <Task(BashOperator): create_tag>, delete_tag already registered for DAG: example_complex
[2024-11-28T09:48:55.224+0000] {logging_mixin.py:120} INFO - [2024-11-28T09:48:55.224+0000] {taskmixin.py:205} WARNING - Dependency <Task(BashOperator): delete_tag>, create_tag already registered for DAG: example_complex
[2024-11-28T09:48:55.227+0000] {processor.py:766} INFO - DAG(s) dict_keys(['example_complex']) retrieved from /home/airflow/.local/lib/python3.7/site-packages/airflow/example_dags/example_complex.py
[2024-11-28T09:48:55.254+0000] {logging_mixin.py:120} INFO - [2024-11-28T09:48:55.254+0000] {dag.py:2585} INFO - Sync 1 DAGs
[2024-11-28T09:48:55.271+0000] {logging_mixin.py:120} INFO - [2024-11-28T09:48:55.271+0000] {dag.py:3340} INFO - Setting next_dagrun for example_complex to None, run_after=None
[2024-11-28T09:48:55.281+0000] {processor.py:176} INFO - Processing /home/airflow/.local/lib/python3.7/site-packages/airflow/example_dags/example_complex.py took 0.068 seconds
[2024-11-28T09:49:26.152+0000] {processor.py:154} INFO - Started process (PID=317) to work on /home/airflow/.local/lib/python3.7/site-packages/airflow/example_dags/example_complex.py
[2024-11-28T09:49:26.153+0000] {processor.py:756} INFO - Processing file /home/airflow/.local/lib/python3.7/site-packages/airflow/example_dags/example_complex.py for tasks to queue
[2024-11-28T09:49:26.155+0000] {logging_mixin.py:120} INFO - [2024-11-28T09:49:26.155+0000] {dagbag.py:537} INFO - Filling up the DagBag from /home/airflow/.local/lib/python3.7/site-packages/airflow/example_dags/example_complex.py
[2024-11-28T09:49:26.162+0000] {logging_mixin.py:120} INFO - [2024-11-28T09:49:26.162+0000] {taskmixin.py:205} WARNING - Dependency <Task(BashOperator): create_entry_group>, delete_entry_group already registered for DAG: example_complex
[2024-11-28T09:49:26.163+0000] {logging_mixin.py:120} INFO - [2024-11-28T09:49:26.162+0000] {taskmixin.py:205} WARNING - Dependency <Task(BashOperator): delete_entry_group>, create_entry_group already registered for DAG: example_complex
[2024-11-28T09:49:26.163+0000] {logging_mixin.py:120} INFO - [2024-11-28T09:49:26.163+0000] {taskmixin.py:205} WARNING - Dependency <Task(BashOperator): create_entry_gcs>, delete_entry already registered for DAG: example_complex
[2024-11-28T09:49:26.163+0000] {logging_mixin.py:120} INFO - [2024-11-28T09:49:26.163+0000] {taskmixin.py:205} WARNING - Dependency <Task(BashOperator): delete_entry>, create_entry_gcs already registered for DAG: example_complex
[2024-11-28T09:49:26.163+0000] {logging_mixin.py:120} INFO - [2024-11-28T09:49:26.163+0000] {taskmixin.py:205} WARNING - Dependency <Task(BashOperator): create_tag>, delete_tag already registered for DAG: example_complex
[2024-11-28T09:49:26.163+0000] {logging_mixin.py:120} INFO - [2024-11-28T09:49:26.163+0000] {taskmixin.py:205} WARNING - Dependency <Task(BashOperator): delete_tag>, create_tag already registered for DAG: example_complex
[2024-11-28T09:49:26.168+0000] {processor.py:766} INFO - DAG(s) dict_keys(['example_complex']) retrieved from /home/airflow/.local/lib/python3.7/site-packages/airflow/example_dags/example_complex.py
[2024-11-28T09:49:26.189+0000] {logging_mixin.py:120} INFO - [2024-11-28T09:49:26.189+0000] {dag.py:2585} INFO - Sync 1 DAGs
[2024-11-28T09:49:26.204+0000] {logging_mixin.py:120} INFO - [2024-11-28T09:49:26.204+0000] {dag.py:3340} INFO - Setting next_dagrun for example_complex to None, run_after=None
[2024-11-28T09:49:26.219+0000] {processor.py:176} INFO - Processing /home/airflow/.local/lib/python3.7/site-packages/airflow/example_dags/example_complex.py took 0.071 seconds
[2024-11-28T09:49:57.267+0000] {processor.py:154} INFO - Started process (PID=380) to work on /home/airflow/.local/lib/python3.7/site-packages/airflow/example_dags/example_complex.py
[2024-11-28T09:49:57.267+0000] {processor.py:756} INFO - Processing file /home/airflow/.local/lib/python3.7/site-packages/airflow/example_dags/example_complex.py for tasks to queue
[2024-11-28T09:49:57.268+0000] {logging_mixin.py:120} INFO - [2024-11-28T09:49:57.267+0000] {dagbag.py:537} INFO - Filling up the DagBag from /home/airflow/.local/lib/python3.7/site-packages/airflow/example_dags/example_complex.py
[2024-11-28T09:49:57.274+0000] {logging_mixin.py:120} INFO - [2024-11-28T09:49:57.274+0000] {taskmixin.py:205} WARNING - Dependency <Task(BashOperator): create_entry_group>, delete_entry_group already registered for DAG: example_complex
[2024-11-28T09:49:57.275+0000] {logging_mixin.py:120} INFO - [2024-11-28T09:49:57.275+0000] {taskmixin.py:205} WARNING - Dependency <Task(BashOperator): delete_entry_group>, create_entry_group already registered for DAG: example_complex
[2024-11-28T09:49:57.275+0000] {logging_mixin.py:120} INFO - [2024-11-28T09:49:57.275+0000] {taskmixin.py:205} WARNING - Dependency <Task(BashOperator): create_entry_gcs>, delete_entry already registered for DAG: example_complex
[2024-11-28T09:49:57.275+0000] {logging_mixin.py:120} INFO - [2024-11-28T09:49:57.275+0000] {taskmixin.py:205} WARNING - Dependency <Task(BashOperator): delete_entry>, create_entry_gcs already registered for DAG: example_complex
[2024-11-28T09:49:57.275+0000] {logging_mixin.py:120} INFO - [2024-11-28T09:49:57.275+0000] {taskmixin.py:205} WARNING - Dependency <Task(BashOperator): create_tag>, delete_tag already registered for DAG: example_complex
[2024-11-28T09:49:57.275+0000] {logging_mixin.py:120} INFO - [2024-11-28T09:49:57.275+0000] {taskmixin.py:205} WARNING - Dependency <Task(BashOperator): delete_tag>, create_tag already registered for DAG: example_complex
[2024-11-28T09:49:57.280+0000] {processor.py:766} INFO - DAG(s) dict_keys(['example_complex']) retrieved from /home/airflow/.local/lib/python3.7/site-packages/airflow/example_dags/example_complex.py
[2024-11-28T09:49:57.309+0000] {logging_mixin.py:120} INFO - [2024-11-28T09:49:57.309+0000] {dag.py:2585} INFO - Sync 1 DAGs
[2024-11-28T09:49:57.326+0000] {logging_mixin.py:120} INFO - [2024-11-28T09:49:57.326+0000] {dag.py:3340} INFO - Setting next_dagrun for example_complex to None, run_after=None
[2024-11-28T09:49:57.345+0000] {processor.py:176} INFO - Processing /home/airflow/.local/lib/python3.7/site-packages/airflow/example_dags/example_complex.py took 0.080 seconds
