[2024-11-28T09:47:22.804+0000] {processor.py:154} INFO - Started process (PID=57) to work on /home/airflow/.local/lib/python3.7/site-packages/airflow/example_dags/example_python_operator.py
[2024-11-28T09:47:22.808+0000] {processor.py:756} INFO - Processing file /home/airflow/.local/lib/python3.7/site-packages/airflow/example_dags/example_python_operator.py for tasks to queue
[2024-11-28T09:47:22.811+0000] {logging_mixin.py:120} INFO - [2024-11-28T09:47:22.811+0000] {dagbag.py:537} INFO - Filling up the DagBag from /home/airflow/.local/lib/python3.7/site-packages/airflow/example_dags/example_python_operator.py
[2024-11-28T09:47:22.829+0000] {logging_mixin.py:120} INFO - [2024-11-28T09:47:22.828+0000] {taskmixin.py:205} WARNING - Dependency <Task(_PythonDecoratedOperator): print_the_context>, log_sql_query already registered for DAG: example_python_operator
[2024-11-28T09:47:22.830+0000] {logging_mixin.py:120} INFO - [2024-11-28T09:47:22.830+0000] {taskmixin.py:205} WARNING - Dependency <Task(_PythonDecoratedOperator): log_sql_query>, print_the_context already registered for DAG: example_python_operator
[2024-11-28T09:47:22.831+0000] {logging_mixin.py:120} INFO - [2024-11-28T09:47:22.831+0000] {taskmixin.py:205} WARNING - Dependency <Task(_PythonDecoratedOperator): print_the_context>, log_sql_query already registered for DAG: example_python_operator
[2024-11-28T09:47:22.832+0000] {logging_mixin.py:120} INFO - [2024-11-28T09:47:22.832+0000] {taskmixin.py:205} WARNING - Dependency <Task(_PythonDecoratedOperator): log_sql_query>, print_the_context already registered for DAG: example_python_operator
[2024-11-28T09:47:22.832+0000] {logging_mixin.py:120} INFO - [2024-11-28T09:47:22.832+0000] {taskmixin.py:205} WARNING - Dependency <Task(_PythonDecoratedOperator): print_the_context>, log_sql_query already registered for DAG: example_python_operator
[2024-11-28T09:47:22.832+0000] {logging_mixin.py:120} INFO - [2024-11-28T09:47:22.832+0000] {taskmixin.py:205} WARNING - Dependency <Task(_PythonDecoratedOperator): log_sql_query>, print_the_context already registered for DAG: example_python_operator
[2024-11-28T09:47:22.833+0000] {logging_mixin.py:120} INFO - [2024-11-28T09:47:22.833+0000] {taskmixin.py:205} WARNING - Dependency <Task(_PythonDecoratedOperator): print_the_context>, log_sql_query already registered for DAG: example_python_operator
[2024-11-28T09:47:22.833+0000] {logging_mixin.py:120} INFO - [2024-11-28T09:47:22.833+0000] {taskmixin.py:205} WARNING - Dependency <Task(_PythonDecoratedOperator): log_sql_query>, print_the_context already registered for DAG: example_python_operator
[2024-11-28T09:47:22.842+0000] {processor.py:766} INFO - DAG(s) dict_keys(['example_python_operator']) retrieved from /home/airflow/.local/lib/python3.7/site-packages/airflow/example_dags/example_python_operator.py
[2024-11-28T09:47:23.025+0000] {logging_mixin.py:120} INFO - [2024-11-28T09:47:23.025+0000] {manager.py:507} INFO - Created Permission View: can edit on DAG:example_python_operator
[2024-11-28T09:47:23.041+0000] {logging_mixin.py:120} INFO - [2024-11-28T09:47:23.040+0000] {manager.py:507} INFO - Created Permission View: can read on DAG:example_python_operator
[2024-11-28T09:47:23.054+0000] {logging_mixin.py:120} INFO - [2024-11-28T09:47:23.054+0000] {manager.py:507} INFO - Created Permission View: can delete on DAG:example_python_operator
[2024-11-28T09:47:23.055+0000] {logging_mixin.py:120} INFO - [2024-11-28T09:47:23.055+0000] {dag.py:2585} INFO - Sync 1 DAGs
[2024-11-28T09:47:23.068+0000] {logging_mixin.py:120} INFO - [2024-11-28T09:47:23.068+0000] {dag.py:2606} INFO - Creating ORM DAG for example_python_operator
[2024-11-28T09:47:23.080+0000] {logging_mixin.py:120} INFO - [2024-11-28T09:47:23.080+0000] {dag.py:3340} INFO - Setting next_dagrun for example_python_operator to None, run_after=None
[2024-11-28T09:47:23.100+0000] {processor.py:176} INFO - Processing /home/airflow/.local/lib/python3.7/site-packages/airflow/example_dags/example_python_operator.py took 0.299 seconds
[2024-11-28T09:47:53.631+0000] {processor.py:154} INFO - Started process (PID=120) to work on /home/airflow/.local/lib/python3.7/site-packages/airflow/example_dags/example_python_operator.py
[2024-11-28T09:47:53.633+0000] {processor.py:756} INFO - Processing file /home/airflow/.local/lib/python3.7/site-packages/airflow/example_dags/example_python_operator.py for tasks to queue
[2024-11-28T09:47:53.634+0000] {logging_mixin.py:120} INFO - [2024-11-28T09:47:53.634+0000] {dagbag.py:537} INFO - Filling up the DagBag from /home/airflow/.local/lib/python3.7/site-packages/airflow/example_dags/example_python_operator.py
[2024-11-28T09:47:53.642+0000] {logging_mixin.py:120} INFO - [2024-11-28T09:47:53.642+0000] {taskmixin.py:205} WARNING - Dependency <Task(_PythonDecoratedOperator): print_the_context>, log_sql_query already registered for DAG: example_python_operator
[2024-11-28T09:47:53.642+0000] {logging_mixin.py:120} INFO - [2024-11-28T09:47:53.642+0000] {taskmixin.py:205} WARNING - Dependency <Task(_PythonDecoratedOperator): log_sql_query>, print_the_context already registered for DAG: example_python_operator
[2024-11-28T09:47:53.644+0000] {logging_mixin.py:120} INFO - [2024-11-28T09:47:53.644+0000] {taskmixin.py:205} WARNING - Dependency <Task(_PythonDecoratedOperator): print_the_context>, log_sql_query already registered for DAG: example_python_operator
[2024-11-28T09:47:53.644+0000] {logging_mixin.py:120} INFO - [2024-11-28T09:47:53.644+0000] {taskmixin.py:205} WARNING - Dependency <Task(_PythonDecoratedOperator): log_sql_query>, print_the_context already registered for DAG: example_python_operator
[2024-11-28T09:47:53.646+0000] {logging_mixin.py:120} INFO - [2024-11-28T09:47:53.646+0000] {taskmixin.py:205} WARNING - Dependency <Task(_PythonDecoratedOperator): print_the_context>, log_sql_query already registered for DAG: example_python_operator
[2024-11-28T09:47:53.646+0000] {logging_mixin.py:120} INFO - [2024-11-28T09:47:53.646+0000] {taskmixin.py:205} WARNING - Dependency <Task(_PythonDecoratedOperator): log_sql_query>, print_the_context already registered for DAG: example_python_operator
[2024-11-28T09:47:53.646+0000] {logging_mixin.py:120} INFO - [2024-11-28T09:47:53.646+0000] {taskmixin.py:205} WARNING - Dependency <Task(_PythonDecoratedOperator): print_the_context>, log_sql_query already registered for DAG: example_python_operator
[2024-11-28T09:47:53.646+0000] {logging_mixin.py:120} INFO - [2024-11-28T09:47:53.646+0000] {taskmixin.py:205} WARNING - Dependency <Task(_PythonDecoratedOperator): log_sql_query>, print_the_context already registered for DAG: example_python_operator
[2024-11-28T09:47:53.651+0000] {processor.py:766} INFO - DAG(s) dict_keys(['example_python_operator']) retrieved from /home/airflow/.local/lib/python3.7/site-packages/airflow/example_dags/example_python_operator.py
[2024-11-28T09:47:53.686+0000] {logging_mixin.py:120} INFO - [2024-11-28T09:47:53.686+0000] {dag.py:2585} INFO - Sync 1 DAGs
[2024-11-28T09:47:53.699+0000] {logging_mixin.py:120} INFO - [2024-11-28T09:47:53.699+0000] {dag.py:3340} INFO - Setting next_dagrun for example_python_operator to None, run_after=None
[2024-11-28T09:47:53.711+0000] {processor.py:176} INFO - Processing /home/airflow/.local/lib/python3.7/site-packages/airflow/example_dags/example_python_operator.py took 0.081 seconds
[2024-11-28T09:48:24.566+0000] {processor.py:154} INFO - Started process (PID=183) to work on /home/airflow/.local/lib/python3.7/site-packages/airflow/example_dags/example_python_operator.py
[2024-11-28T09:48:24.567+0000] {processor.py:756} INFO - Processing file /home/airflow/.local/lib/python3.7/site-packages/airflow/example_dags/example_python_operator.py for tasks to queue
[2024-11-28T09:48:24.568+0000] {logging_mixin.py:120} INFO - [2024-11-28T09:48:24.567+0000] {dagbag.py:537} INFO - Filling up the DagBag from /home/airflow/.local/lib/python3.7/site-packages/airflow/example_dags/example_python_operator.py
[2024-11-28T09:48:24.578+0000] {logging_mixin.py:120} INFO - [2024-11-28T09:48:24.578+0000] {taskmixin.py:205} WARNING - Dependency <Task(_PythonDecoratedOperator): print_the_context>, log_sql_query already registered for DAG: example_python_operator
[2024-11-28T09:48:24.579+0000] {logging_mixin.py:120} INFO - [2024-11-28T09:48:24.579+0000] {taskmixin.py:205} WARNING - Dependency <Task(_PythonDecoratedOperator): log_sql_query>, print_the_context already registered for DAG: example_python_operator
[2024-11-28T09:48:24.580+0000] {logging_mixin.py:120} INFO - [2024-11-28T09:48:24.580+0000] {taskmixin.py:205} WARNING - Dependency <Task(_PythonDecoratedOperator): print_the_context>, log_sql_query already registered for DAG: example_python_operator
[2024-11-28T09:48:24.581+0000] {logging_mixin.py:120} INFO - [2024-11-28T09:48:24.580+0000] {taskmixin.py:205} WARNING - Dependency <Task(_PythonDecoratedOperator): log_sql_query>, print_the_context already registered for DAG: example_python_operator
[2024-11-28T09:48:24.581+0000] {logging_mixin.py:120} INFO - [2024-11-28T09:48:24.581+0000] {taskmixin.py:205} WARNING - Dependency <Task(_PythonDecoratedOperator): print_the_context>, log_sql_query already registered for DAG: example_python_operator
[2024-11-28T09:48:24.582+0000] {logging_mixin.py:120} INFO - [2024-11-28T09:48:24.582+0000] {taskmixin.py:205} WARNING - Dependency <Task(_PythonDecoratedOperator): log_sql_query>, print_the_context already registered for DAG: example_python_operator
[2024-11-28T09:48:24.582+0000] {logging_mixin.py:120} INFO - [2024-11-28T09:48:24.582+0000] {taskmixin.py:205} WARNING - Dependency <Task(_PythonDecoratedOperator): print_the_context>, log_sql_query already registered for DAG: example_python_operator
[2024-11-28T09:48:24.584+0000] {logging_mixin.py:120} INFO - [2024-11-28T09:48:24.584+0000] {taskmixin.py:205} WARNING - Dependency <Task(_PythonDecoratedOperator): log_sql_query>, print_the_context already registered for DAG: example_python_operator
[2024-11-28T09:48:24.590+0000] {processor.py:766} INFO - DAG(s) dict_keys(['example_python_operator']) retrieved from /home/airflow/.local/lib/python3.7/site-packages/airflow/example_dags/example_python_operator.py
[2024-11-28T09:48:24.625+0000] {logging_mixin.py:120} INFO - [2024-11-28T09:48:24.625+0000] {dag.py:2585} INFO - Sync 1 DAGs
[2024-11-28T09:48:24.644+0000] {logging_mixin.py:120} INFO - [2024-11-28T09:48:24.643+0000] {dag.py:3340} INFO - Setting next_dagrun for example_python_operator to None, run_after=None
[2024-11-28T09:48:24.660+0000] {processor.py:176} INFO - Processing /home/airflow/.local/lib/python3.7/site-packages/airflow/example_dags/example_python_operator.py took 0.097 seconds
[2024-11-28T09:48:54.865+0000] {processor.py:154} INFO - Started process (PID=246) to work on /home/airflow/.local/lib/python3.7/site-packages/airflow/example_dags/example_python_operator.py
[2024-11-28T09:48:54.866+0000] {processor.py:756} INFO - Processing file /home/airflow/.local/lib/python3.7/site-packages/airflow/example_dags/example_python_operator.py for tasks to queue
[2024-11-28T09:48:54.866+0000] {logging_mixin.py:120} INFO - [2024-11-28T09:48:54.866+0000] {dagbag.py:537} INFO - Filling up the DagBag from /home/airflow/.local/lib/python3.7/site-packages/airflow/example_dags/example_python_operator.py
[2024-11-28T09:48:54.876+0000] {logging_mixin.py:120} INFO - [2024-11-28T09:48:54.876+0000] {taskmixin.py:205} WARNING - Dependency <Task(_PythonDecoratedOperator): print_the_context>, log_sql_query already registered for DAG: example_python_operator
[2024-11-28T09:48:54.876+0000] {logging_mixin.py:120} INFO - [2024-11-28T09:48:54.876+0000] {taskmixin.py:205} WARNING - Dependency <Task(_PythonDecoratedOperator): log_sql_query>, print_the_context already registered for DAG: example_python_operator
[2024-11-28T09:48:54.877+0000] {logging_mixin.py:120} INFO - [2024-11-28T09:48:54.876+0000] {taskmixin.py:205} WARNING - Dependency <Task(_PythonDecoratedOperator): print_the_context>, log_sql_query already registered for DAG: example_python_operator
[2024-11-28T09:48:54.877+0000] {logging_mixin.py:120} INFO - [2024-11-28T09:48:54.877+0000] {taskmixin.py:205} WARNING - Dependency <Task(_PythonDecoratedOperator): log_sql_query>, print_the_context already registered for DAG: example_python_operator
[2024-11-28T09:48:54.877+0000] {logging_mixin.py:120} INFO - [2024-11-28T09:48:54.877+0000] {taskmixin.py:205} WARNING - Dependency <Task(_PythonDecoratedOperator): print_the_context>, log_sql_query already registered for DAG: example_python_operator
[2024-11-28T09:48:54.877+0000] {logging_mixin.py:120} INFO - [2024-11-28T09:48:54.877+0000] {taskmixin.py:205} WARNING - Dependency <Task(_PythonDecoratedOperator): log_sql_query>, print_the_context already registered for DAG: example_python_operator
[2024-11-28T09:48:54.878+0000] {logging_mixin.py:120} INFO - [2024-11-28T09:48:54.878+0000] {taskmixin.py:205} WARNING - Dependency <Task(_PythonDecoratedOperator): print_the_context>, log_sql_query already registered for DAG: example_python_operator
[2024-11-28T09:48:54.878+0000] {logging_mixin.py:120} INFO - [2024-11-28T09:48:54.878+0000] {taskmixin.py:205} WARNING - Dependency <Task(_PythonDecoratedOperator): log_sql_query>, print_the_context already registered for DAG: example_python_operator
[2024-11-28T09:48:54.884+0000] {processor.py:766} INFO - DAG(s) dict_keys(['example_python_operator']) retrieved from /home/airflow/.local/lib/python3.7/site-packages/airflow/example_dags/example_python_operator.py
[2024-11-28T09:48:54.916+0000] {logging_mixin.py:120} INFO - [2024-11-28T09:48:54.916+0000] {dag.py:2585} INFO - Sync 1 DAGs
[2024-11-28T09:48:54.931+0000] {logging_mixin.py:120} INFO - [2024-11-28T09:48:54.931+0000] {dag.py:3340} INFO - Setting next_dagrun for example_python_operator to None, run_after=None
[2024-11-28T09:48:54.945+0000] {processor.py:176} INFO - Processing /home/airflow/.local/lib/python3.7/site-packages/airflow/example_dags/example_python_operator.py took 0.082 seconds
[2024-11-28T09:49:25.726+0000] {processor.py:154} INFO - Started process (PID=309) to work on /home/airflow/.local/lib/python3.7/site-packages/airflow/example_dags/example_python_operator.py
[2024-11-28T09:49:25.727+0000] {processor.py:756} INFO - Processing file /home/airflow/.local/lib/python3.7/site-packages/airflow/example_dags/example_python_operator.py for tasks to queue
[2024-11-28T09:49:25.728+0000] {logging_mixin.py:120} INFO - [2024-11-28T09:49:25.728+0000] {dagbag.py:537} INFO - Filling up the DagBag from /home/airflow/.local/lib/python3.7/site-packages/airflow/example_dags/example_python_operator.py
[2024-11-28T09:49:25.737+0000] {logging_mixin.py:120} INFO - [2024-11-28T09:49:25.737+0000] {taskmixin.py:205} WARNING - Dependency <Task(_PythonDecoratedOperator): print_the_context>, log_sql_query already registered for DAG: example_python_operator
[2024-11-28T09:49:25.740+0000] {logging_mixin.py:120} INFO - [2024-11-28T09:49:25.740+0000] {taskmixin.py:205} WARNING - Dependency <Task(_PythonDecoratedOperator): log_sql_query>, print_the_context already registered for DAG: example_python_operator
[2024-11-28T09:49:25.741+0000] {logging_mixin.py:120} INFO - [2024-11-28T09:49:25.741+0000] {taskmixin.py:205} WARNING - Dependency <Task(_PythonDecoratedOperator): print_the_context>, log_sql_query already registered for DAG: example_python_operator
[2024-11-28T09:49:25.743+0000] {logging_mixin.py:120} INFO - [2024-11-28T09:49:25.743+0000] {taskmixin.py:205} WARNING - Dependency <Task(_PythonDecoratedOperator): log_sql_query>, print_the_context already registered for DAG: example_python_operator
[2024-11-28T09:49:25.743+0000] {logging_mixin.py:120} INFO - [2024-11-28T09:49:25.743+0000] {taskmixin.py:205} WARNING - Dependency <Task(_PythonDecoratedOperator): print_the_context>, log_sql_query already registered for DAG: example_python_operator
[2024-11-28T09:49:25.744+0000] {logging_mixin.py:120} INFO - [2024-11-28T09:49:25.744+0000] {taskmixin.py:205} WARNING - Dependency <Task(_PythonDecoratedOperator): log_sql_query>, print_the_context already registered for DAG: example_python_operator
[2024-11-28T09:49:25.744+0000] {logging_mixin.py:120} INFO - [2024-11-28T09:49:25.744+0000] {taskmixin.py:205} WARNING - Dependency <Task(_PythonDecoratedOperator): print_the_context>, log_sql_query already registered for DAG: example_python_operator
[2024-11-28T09:49:25.744+0000] {logging_mixin.py:120} INFO - [2024-11-28T09:49:25.744+0000] {taskmixin.py:205} WARNING - Dependency <Task(_PythonDecoratedOperator): log_sql_query>, print_the_context already registered for DAG: example_python_operator
[2024-11-28T09:49:25.748+0000] {processor.py:766} INFO - DAG(s) dict_keys(['example_python_operator']) retrieved from /home/airflow/.local/lib/python3.7/site-packages/airflow/example_dags/example_python_operator.py
[2024-11-28T09:49:25.829+0000] {logging_mixin.py:120} INFO - [2024-11-28T09:49:25.828+0000] {dag.py:2585} INFO - Sync 1 DAGs
[2024-11-28T09:49:25.853+0000] {logging_mixin.py:120} INFO - [2024-11-28T09:49:25.853+0000] {dag.py:3340} INFO - Setting next_dagrun for example_python_operator to None, run_after=None
[2024-11-28T09:49:25.869+0000] {processor.py:176} INFO - Processing /home/airflow/.local/lib/python3.7/site-packages/airflow/example_dags/example_python_operator.py took 0.145 seconds
[2024-11-28T09:49:56.838+0000] {processor.py:154} INFO - Started process (PID=372) to work on /home/airflow/.local/lib/python3.7/site-packages/airflow/example_dags/example_python_operator.py
[2024-11-28T09:49:56.841+0000] {processor.py:756} INFO - Processing file /home/airflow/.local/lib/python3.7/site-packages/airflow/example_dags/example_python_operator.py for tasks to queue
[2024-11-28T09:49:56.842+0000] {logging_mixin.py:120} INFO - [2024-11-28T09:49:56.842+0000] {dagbag.py:537} INFO - Filling up the DagBag from /home/airflow/.local/lib/python3.7/site-packages/airflow/example_dags/example_python_operator.py
[2024-11-28T09:49:56.853+0000] {logging_mixin.py:120} INFO - [2024-11-28T09:49:56.853+0000] {taskmixin.py:205} WARNING - Dependency <Task(_PythonDecoratedOperator): print_the_context>, log_sql_query already registered for DAG: example_python_operator
[2024-11-28T09:49:56.854+0000] {logging_mixin.py:120} INFO - [2024-11-28T09:49:56.854+0000] {taskmixin.py:205} WARNING - Dependency <Task(_PythonDecoratedOperator): log_sql_query>, print_the_context already registered for DAG: example_python_operator
[2024-11-28T09:49:56.855+0000] {logging_mixin.py:120} INFO - [2024-11-28T09:49:56.855+0000] {taskmixin.py:205} WARNING - Dependency <Task(_PythonDecoratedOperator): print_the_context>, log_sql_query already registered for DAG: example_python_operator
[2024-11-28T09:49:56.856+0000] {logging_mixin.py:120} INFO - [2024-11-28T09:49:56.855+0000] {taskmixin.py:205} WARNING - Dependency <Task(_PythonDecoratedOperator): log_sql_query>, print_the_context already registered for DAG: example_python_operator
[2024-11-28T09:49:56.856+0000] {logging_mixin.py:120} INFO - [2024-11-28T09:49:56.856+0000] {taskmixin.py:205} WARNING - Dependency <Task(_PythonDecoratedOperator): print_the_context>, log_sql_query already registered for DAG: example_python_operator
[2024-11-28T09:49:56.856+0000] {logging_mixin.py:120} INFO - [2024-11-28T09:49:56.856+0000] {taskmixin.py:205} WARNING - Dependency <Task(_PythonDecoratedOperator): log_sql_query>, print_the_context already registered for DAG: example_python_operator
[2024-11-28T09:49:56.857+0000] {logging_mixin.py:120} INFO - [2024-11-28T09:49:56.857+0000] {taskmixin.py:205} WARNING - Dependency <Task(_PythonDecoratedOperator): print_the_context>, log_sql_query already registered for DAG: example_python_operator
[2024-11-28T09:49:56.857+0000] {logging_mixin.py:120} INFO - [2024-11-28T09:49:56.857+0000] {taskmixin.py:205} WARNING - Dependency <Task(_PythonDecoratedOperator): log_sql_query>, print_the_context already registered for DAG: example_python_operator
[2024-11-28T09:49:56.862+0000] {processor.py:766} INFO - DAG(s) dict_keys(['example_python_operator']) retrieved from /home/airflow/.local/lib/python3.7/site-packages/airflow/example_dags/example_python_operator.py
[2024-11-28T09:49:56.891+0000] {logging_mixin.py:120} INFO - [2024-11-28T09:49:56.891+0000] {dag.py:2585} INFO - Sync 1 DAGs
[2024-11-28T09:49:56.910+0000] {logging_mixin.py:120} INFO - [2024-11-28T09:49:56.910+0000] {dag.py:3340} INFO - Setting next_dagrun for example_python_operator to None, run_after=None
[2024-11-28T09:49:56.924+0000] {processor.py:176} INFO - Processing /home/airflow/.local/lib/python3.7/site-packages/airflow/example_dags/example_python_operator.py took 0.088 seconds
