[2024-11-28T09:47:23.939+0000] {processor.py:154} INFO - Started process (PID=68) to work on /home/airflow/.local/lib/python3.7/site-packages/airflow/example_dags/example_branch_datetime_operator.py
[2024-11-28T09:47:23.942+0000] {processor.py:756} INFO - Processing file /home/airflow/.local/lib/python3.7/site-packages/airflow/example_dags/example_branch_datetime_operator.py for tasks to queue
[2024-11-28T09:47:23.943+0000] {logging_mixin.py:120} INFO - [2024-11-28T09:47:23.942+0000] {dagbag.py:537} INFO - Filling up the DagBag from /home/airflow/.local/lib/python3.7/site-packages/airflow/example_dags/example_branch_datetime_operator.py
[2024-11-28T09:47:23.953+0000] {processor.py:766} INFO - DAG(s) dict_keys(['example_branch_datetime_operator', 'example_branch_datetime_operator_2', 'example_branch_datetime_operator_3']) retrieved from /home/airflow/.local/lib/python3.7/site-packages/airflow/example_dags/example_branch_datetime_operator.py
[2024-11-28T09:47:24.025+0000] {logging_mixin.py:120} INFO - [2024-11-28T09:47:24.025+0000] {manager.py:507} INFO - Created Permission View: can edit on DAG:example_branch_datetime_operator
[2024-11-28T09:47:24.033+0000] {logging_mixin.py:120} INFO - [2024-11-28T09:47:24.033+0000] {manager.py:507} INFO - Created Permission View: can read on DAG:example_branch_datetime_operator
[2024-11-28T09:47:24.039+0000] {logging_mixin.py:120} INFO - [2024-11-28T09:47:24.039+0000] {manager.py:507} INFO - Created Permission View: can delete on DAG:example_branch_datetime_operator
[2024-11-28T09:47:24.052+0000] {logging_mixin.py:120} INFO - [2024-11-28T09:47:24.052+0000] {manager.py:507} INFO - Created Permission View: can edit on DAG:example_branch_datetime_operator_2
[2024-11-28T09:47:24.062+0000] {logging_mixin.py:120} INFO - [2024-11-28T09:47:24.062+0000] {manager.py:507} INFO - Created Permission View: can read on DAG:example_branch_datetime_operator_2
[2024-11-28T09:47:24.069+0000] {logging_mixin.py:120} INFO - [2024-11-28T09:47:24.069+0000] {manager.py:507} INFO - Created Permission View: can delete on DAG:example_branch_datetime_operator_2
[2024-11-28T09:47:24.082+0000] {logging_mixin.py:120} INFO - [2024-11-28T09:47:24.082+0000] {manager.py:507} INFO - Created Permission View: can edit on DAG:example_branch_datetime_operator_3
[2024-11-28T09:47:24.087+0000] {logging_mixin.py:120} INFO - [2024-11-28T09:47:24.086+0000] {manager.py:507} INFO - Created Permission View: can read on DAG:example_branch_datetime_operator_3
[2024-11-28T09:47:24.092+0000] {logging_mixin.py:120} INFO - [2024-11-28T09:47:24.092+0000] {manager.py:507} INFO - Created Permission View: can delete on DAG:example_branch_datetime_operator_3
[2024-11-28T09:47:24.095+0000] {logging_mixin.py:120} INFO - [2024-11-28T09:47:24.095+0000] {dag.py:2585} INFO - Sync 3 DAGs
[2024-11-28T09:47:24.105+0000] {logging_mixin.py:120} INFO - [2024-11-28T09:47:24.105+0000] {dag.py:2606} INFO - Creating ORM DAG for example_branch_datetime_operator_2
[2024-11-28T09:47:24.110+0000] {logging_mixin.py:120} INFO - [2024-11-28T09:47:24.110+0000] {dag.py:2606} INFO - Creating ORM DAG for example_branch_datetime_operator_3
[2024-11-28T09:47:24.113+0000] {logging_mixin.py:120} INFO - [2024-11-28T09:47:24.113+0000] {dag.py:2606} INFO - Creating ORM DAG for example_branch_datetime_operator
[2024-11-28T09:47:24.125+0000] {logging_mixin.py:120} INFO - [2024-11-28T09:47:24.125+0000] {dag.py:3340} INFO - Setting next_dagrun for example_branch_datetime_operator to 2024-11-27T00:00:00+00:00, run_after=2024-11-28T00:00:00+00:00
[2024-11-28T09:47:24.126+0000] {logging_mixin.py:120} INFO - [2024-11-28T09:47:24.126+0000] {dag.py:3340} INFO - Setting next_dagrun for example_branch_datetime_operator_2 to 2024-11-27T00:00:00+00:00, run_after=2024-11-28T00:00:00+00:00
[2024-11-28T09:47:24.127+0000] {logging_mixin.py:120} INFO - [2024-11-28T09:47:24.127+0000] {dag.py:3340} INFO - Setting next_dagrun for example_branch_datetime_operator_3 to 2024-11-27T00:00:00+00:00, run_after=2024-11-28T00:00:00+00:00
[2024-11-28T09:47:24.151+0000] {processor.py:176} INFO - Processing /home/airflow/.local/lib/python3.7/site-packages/airflow/example_dags/example_branch_datetime_operator.py took 0.213 seconds
[2024-11-28T09:47:55.111+0000] {processor.py:154} INFO - Started process (PID=131) to work on /home/airflow/.local/lib/python3.7/site-packages/airflow/example_dags/example_branch_datetime_operator.py
[2024-11-28T09:47:55.111+0000] {processor.py:756} INFO - Processing file /home/airflow/.local/lib/python3.7/site-packages/airflow/example_dags/example_branch_datetime_operator.py for tasks to queue
[2024-11-28T09:47:55.112+0000] {logging_mixin.py:120} INFO - [2024-11-28T09:47:55.112+0000] {dagbag.py:537} INFO - Filling up the DagBag from /home/airflow/.local/lib/python3.7/site-packages/airflow/example_dags/example_branch_datetime_operator.py
[2024-11-28T09:47:55.127+0000] {processor.py:766} INFO - DAG(s) dict_keys(['example_branch_datetime_operator_3', 'example_branch_datetime_operator', 'example_branch_datetime_operator_2']) retrieved from /home/airflow/.local/lib/python3.7/site-packages/airflow/example_dags/example_branch_datetime_operator.py
[2024-11-28T09:47:55.179+0000] {logging_mixin.py:120} INFO - [2024-11-28T09:47:55.179+0000] {dag.py:2585} INFO - Sync 3 DAGs
[2024-11-28T09:47:55.195+0000] {logging_mixin.py:120} INFO - [2024-11-28T09:47:55.195+0000] {dag.py:3340} INFO - Setting next_dagrun for example_branch_datetime_operator to 2024-11-27T00:00:00+00:00, run_after=2024-11-28T00:00:00+00:00
[2024-11-28T09:47:55.199+0000] {logging_mixin.py:120} INFO - [2024-11-28T09:47:55.199+0000] {dag.py:3340} INFO - Setting next_dagrun for example_branch_datetime_operator_2 to 2024-11-27T00:00:00+00:00, run_after=2024-11-28T00:00:00+00:00
[2024-11-28T09:47:55.200+0000] {logging_mixin.py:120} INFO - [2024-11-28T09:47:55.200+0000] {dag.py:3340} INFO - Setting next_dagrun for example_branch_datetime_operator_3 to 2024-11-27T00:00:00+00:00, run_after=2024-11-28T00:00:00+00:00
[2024-11-28T09:47:55.214+0000] {processor.py:176} INFO - Processing /home/airflow/.local/lib/python3.7/site-packages/airflow/example_dags/example_branch_datetime_operator.py took 0.106 seconds
[2024-11-28T09:48:26.137+0000] {processor.py:154} INFO - Started process (PID=194) to work on /home/airflow/.local/lib/python3.7/site-packages/airflow/example_dags/example_branch_datetime_operator.py
[2024-11-28T09:48:26.138+0000] {processor.py:756} INFO - Processing file /home/airflow/.local/lib/python3.7/site-packages/airflow/example_dags/example_branch_datetime_operator.py for tasks to queue
[2024-11-28T09:48:26.139+0000] {logging_mixin.py:120} INFO - [2024-11-28T09:48:26.139+0000] {dagbag.py:537} INFO - Filling up the DagBag from /home/airflow/.local/lib/python3.7/site-packages/airflow/example_dags/example_branch_datetime_operator.py
[2024-11-28T09:48:26.164+0000] {processor.py:766} INFO - DAG(s) dict_keys(['example_branch_datetime_operator', 'example_branch_datetime_operator_2', 'example_branch_datetime_operator_3']) retrieved from /home/airflow/.local/lib/python3.7/site-packages/airflow/example_dags/example_branch_datetime_operator.py
[2024-11-28T09:48:26.206+0000] {logging_mixin.py:120} INFO - [2024-11-28T09:48:26.206+0000] {dag.py:2585} INFO - Sync 3 DAGs
[2024-11-28T09:48:26.221+0000] {logging_mixin.py:120} INFO - [2024-11-28T09:48:26.221+0000] {dag.py:3340} INFO - Setting next_dagrun for example_branch_datetime_operator to 2024-11-27T00:00:00+00:00, run_after=2024-11-28T00:00:00+00:00
[2024-11-28T09:48:26.225+0000] {logging_mixin.py:120} INFO - [2024-11-28T09:48:26.225+0000] {dag.py:3340} INFO - Setting next_dagrun for example_branch_datetime_operator_2 to 2024-11-27T00:00:00+00:00, run_after=2024-11-28T00:00:00+00:00
[2024-11-28T09:48:26.226+0000] {logging_mixin.py:120} INFO - [2024-11-28T09:48:26.226+0000] {dag.py:3340} INFO - Setting next_dagrun for example_branch_datetime_operator_3 to 2024-11-27T00:00:00+00:00, run_after=2024-11-28T00:00:00+00:00
[2024-11-28T09:48:26.239+0000] {processor.py:176} INFO - Processing /home/airflow/.local/lib/python3.7/site-packages/airflow/example_dags/example_branch_datetime_operator.py took 0.107 seconds
[2024-11-28T09:48:56.334+0000] {processor.py:154} INFO - Started process (PID=257) to work on /home/airflow/.local/lib/python3.7/site-packages/airflow/example_dags/example_branch_datetime_operator.py
[2024-11-28T09:48:56.335+0000] {processor.py:756} INFO - Processing file /home/airflow/.local/lib/python3.7/site-packages/airflow/example_dags/example_branch_datetime_operator.py for tasks to queue
[2024-11-28T09:48:56.336+0000] {logging_mixin.py:120} INFO - [2024-11-28T09:48:56.336+0000] {dagbag.py:537} INFO - Filling up the DagBag from /home/airflow/.local/lib/python3.7/site-packages/airflow/example_dags/example_branch_datetime_operator.py
[2024-11-28T09:48:56.354+0000] {processor.py:766} INFO - DAG(s) dict_keys(['example_branch_datetime_operator_3', 'example_branch_datetime_operator', 'example_branch_datetime_operator_2']) retrieved from /home/airflow/.local/lib/python3.7/site-packages/airflow/example_dags/example_branch_datetime_operator.py
[2024-11-28T09:48:56.389+0000] {logging_mixin.py:120} INFO - [2024-11-28T09:48:56.389+0000] {dag.py:2585} INFO - Sync 3 DAGs
[2024-11-28T09:48:56.404+0000] {logging_mixin.py:120} INFO - [2024-11-28T09:48:56.404+0000] {dag.py:3340} INFO - Setting next_dagrun for example_branch_datetime_operator to 2024-11-27T00:00:00+00:00, run_after=2024-11-28T00:00:00+00:00
[2024-11-28T09:48:56.408+0000] {logging_mixin.py:120} INFO - [2024-11-28T09:48:56.408+0000] {dag.py:3340} INFO - Setting next_dagrun for example_branch_datetime_operator_2 to 2024-11-27T00:00:00+00:00, run_after=2024-11-28T00:00:00+00:00
[2024-11-28T09:48:56.410+0000] {logging_mixin.py:120} INFO - [2024-11-28T09:48:56.410+0000] {dag.py:3340} INFO - Setting next_dagrun for example_branch_datetime_operator_3 to 2024-11-27T00:00:00+00:00, run_after=2024-11-28T00:00:00+00:00
[2024-11-28T09:48:56.422+0000] {processor.py:176} INFO - Processing /home/airflow/.local/lib/python3.7/site-packages/airflow/example_dags/example_branch_datetime_operator.py took 0.092 seconds
[2024-11-28T09:49:27.322+0000] {processor.py:154} INFO - Started process (PID=320) to work on /home/airflow/.local/lib/python3.7/site-packages/airflow/example_dags/example_branch_datetime_operator.py
[2024-11-28T09:49:27.323+0000] {processor.py:756} INFO - Processing file /home/airflow/.local/lib/python3.7/site-packages/airflow/example_dags/example_branch_datetime_operator.py for tasks to queue
[2024-11-28T09:49:27.324+0000] {logging_mixin.py:120} INFO - [2024-11-28T09:49:27.324+0000] {dagbag.py:537} INFO - Filling up the DagBag from /home/airflow/.local/lib/python3.7/site-packages/airflow/example_dags/example_branch_datetime_operator.py
[2024-11-28T09:49:27.339+0000] {processor.py:766} INFO - DAG(s) dict_keys(['example_branch_datetime_operator_2', 'example_branch_datetime_operator_3', 'example_branch_datetime_operator']) retrieved from /home/airflow/.local/lib/python3.7/site-packages/airflow/example_dags/example_branch_datetime_operator.py
[2024-11-28T09:49:27.362+0000] {logging_mixin.py:120} INFO - [2024-11-28T09:49:27.362+0000] {dag.py:2585} INFO - Sync 3 DAGs
[2024-11-28T09:49:27.378+0000] {logging_mixin.py:120} INFO - [2024-11-28T09:49:27.378+0000] {dag.py:3340} INFO - Setting next_dagrun for example_branch_datetime_operator to 2024-11-27T00:00:00+00:00, run_after=2024-11-28T00:00:00+00:00
[2024-11-28T09:49:27.381+0000] {logging_mixin.py:120} INFO - [2024-11-28T09:49:27.381+0000] {dag.py:3340} INFO - Setting next_dagrun for example_branch_datetime_operator_2 to 2024-11-27T00:00:00+00:00, run_after=2024-11-28T00:00:00+00:00
[2024-11-28T09:49:27.383+0000] {logging_mixin.py:120} INFO - [2024-11-28T09:49:27.383+0000] {dag.py:3340} INFO - Setting next_dagrun for example_branch_datetime_operator_3 to 2024-11-27T00:00:00+00:00, run_after=2024-11-28T00:00:00+00:00
[2024-11-28T09:49:27.426+0000] {processor.py:176} INFO - Processing /home/airflow/.local/lib/python3.7/site-packages/airflow/example_dags/example_branch_datetime_operator.py took 0.108 seconds
[2024-11-28T09:49:57.472+0000] {processor.py:154} INFO - Started process (PID=383) to work on /home/airflow/.local/lib/python3.7/site-packages/airflow/example_dags/example_branch_datetime_operator.py
[2024-11-28T09:49:57.472+0000] {processor.py:756} INFO - Processing file /home/airflow/.local/lib/python3.7/site-packages/airflow/example_dags/example_branch_datetime_operator.py for tasks to queue
[2024-11-28T09:49:57.473+0000] {logging_mixin.py:120} INFO - [2024-11-28T09:49:57.473+0000] {dagbag.py:537} INFO - Filling up the DagBag from /home/airflow/.local/lib/python3.7/site-packages/airflow/example_dags/example_branch_datetime_operator.py
[2024-11-28T09:49:57.483+0000] {processor.py:766} INFO - DAG(s) dict_keys(['example_branch_datetime_operator_2', 'example_branch_datetime_operator_3', 'example_branch_datetime_operator']) retrieved from /home/airflow/.local/lib/python3.7/site-packages/airflow/example_dags/example_branch_datetime_operator.py
[2024-11-28T09:49:57.510+0000] {logging_mixin.py:120} INFO - [2024-11-28T09:49:57.510+0000] {dag.py:2585} INFO - Sync 3 DAGs
[2024-11-28T09:49:57.526+0000] {logging_mixin.py:120} INFO - [2024-11-28T09:49:57.526+0000] {dag.py:3340} INFO - Setting next_dagrun for example_branch_datetime_operator to 2024-11-27T00:00:00+00:00, run_after=2024-11-28T00:00:00+00:00
[2024-11-28T09:49:57.531+0000] {logging_mixin.py:120} INFO - [2024-11-28T09:49:57.531+0000] {dag.py:3340} INFO - Setting next_dagrun for example_branch_datetime_operator_2 to 2024-11-27T00:00:00+00:00, run_after=2024-11-28T00:00:00+00:00
[2024-11-28T09:49:57.533+0000] {logging_mixin.py:120} INFO - [2024-11-28T09:49:57.533+0000] {dag.py:3340} INFO - Setting next_dagrun for example_branch_datetime_operator_3 to 2024-11-27T00:00:00+00:00, run_after=2024-11-28T00:00:00+00:00
[2024-11-28T09:49:57.546+0000] {processor.py:176} INFO - Processing /home/airflow/.local/lib/python3.7/site-packages/airflow/example_dags/example_branch_datetime_operator.py took 0.076 seconds
