[2024-11-28T09:47:23.523+0000] {processor.py:154} INFO - Started process (PID=63) to work on /home/airflow/.local/lib/python3.7/site-packages/airflow/example_dags/example_latest_only_with_trigger.py
[2024-11-28T09:47:23.524+0000] {processor.py:756} INFO - Processing file /home/airflow/.local/lib/python3.7/site-packages/airflow/example_dags/example_latest_only_with_trigger.py for tasks to queue
[2024-11-28T09:47:23.525+0000] {logging_mixin.py:120} INFO - [2024-11-28T09:47:23.525+0000] {dagbag.py:537} INFO - Filling up the DagBag from /home/airflow/.local/lib/python3.7/site-packages/airflow/example_dags/example_latest_only_with_trigger.py
[2024-11-28T09:47:23.535+0000] {processor.py:766} INFO - DAG(s) dict_keys(['latest_only_with_trigger']) retrieved from /home/airflow/.local/lib/python3.7/site-packages/airflow/example_dags/example_latest_only_with_trigger.py
[2024-11-28T09:47:23.612+0000] {logging_mixin.py:120} INFO - [2024-11-28T09:47:23.612+0000] {manager.py:507} INFO - Created Permission View: can edit on DAG:latest_only_with_trigger
[2024-11-28T09:47:23.621+0000] {logging_mixin.py:120} INFO - [2024-11-28T09:47:23.621+0000] {manager.py:507} INFO - Created Permission View: can read on DAG:latest_only_with_trigger
[2024-11-28T09:47:23.626+0000] {logging_mixin.py:120} INFO - [2024-11-28T09:47:23.626+0000] {manager.py:507} INFO - Created Permission View: can delete on DAG:latest_only_with_trigger
[2024-11-28T09:47:23.627+0000] {logging_mixin.py:120} INFO - [2024-11-28T09:47:23.627+0000] {dag.py:2585} INFO - Sync 1 DAGs
[2024-11-28T09:47:23.634+0000] {logging_mixin.py:120} INFO - [2024-11-28T09:47:23.634+0000] {dag.py:2606} INFO - Creating ORM DAG for latest_only_with_trigger
[2024-11-28T09:47:23.640+0000] {logging_mixin.py:120} INFO - [2024-11-28T09:47:23.640+0000] {dag.py:3340} INFO - Setting next_dagrun for latest_only_with_trigger to 2024-11-28T05:47:23.640529+00:00, run_after=2024-11-28T09:47:23.640529+00:00
[2024-11-28T09:47:23.659+0000] {processor.py:176} INFO - Processing /home/airflow/.local/lib/python3.7/site-packages/airflow/example_dags/example_latest_only_with_trigger.py took 0.138 seconds
[2024-11-28T09:47:53.920+0000] {processor.py:154} INFO - Started process (PID=126) to work on /home/airflow/.local/lib/python3.7/site-packages/airflow/example_dags/example_latest_only_with_trigger.py
[2024-11-28T09:47:53.921+0000] {processor.py:756} INFO - Processing file /home/airflow/.local/lib/python3.7/site-packages/airflow/example_dags/example_latest_only_with_trigger.py for tasks to queue
[2024-11-28T09:47:53.922+0000] {logging_mixin.py:120} INFO - [2024-11-28T09:47:53.922+0000] {dagbag.py:537} INFO - Filling up the DagBag from /home/airflow/.local/lib/python3.7/site-packages/airflow/example_dags/example_latest_only_with_trigger.py
[2024-11-28T09:47:53.931+0000] {processor.py:766} INFO - DAG(s) dict_keys(['latest_only_with_trigger']) retrieved from /home/airflow/.local/lib/python3.7/site-packages/airflow/example_dags/example_latest_only_with_trigger.py
[2024-11-28T09:47:53.956+0000] {logging_mixin.py:120} INFO - [2024-11-28T09:47:53.955+0000] {dag.py:2585} INFO - Sync 1 DAGs
[2024-11-28T09:47:53.971+0000] {logging_mixin.py:120} INFO - [2024-11-28T09:47:53.971+0000] {dag.py:3340} INFO - Setting next_dagrun for latest_only_with_trigger to 2024-11-28T05:47:53.971592+00:00, run_after=2024-11-28T09:47:53.971592+00:00
[2024-11-28T09:47:53.981+0000] {processor.py:176} INFO - Processing /home/airflow/.local/lib/python3.7/site-packages/airflow/example_dags/example_latest_only_with_trigger.py took 0.062 seconds
[2024-11-28T09:48:24.864+0000] {processor.py:154} INFO - Started process (PID=189) to work on /home/airflow/.local/lib/python3.7/site-packages/airflow/example_dags/example_latest_only_with_trigger.py
[2024-11-28T09:48:24.865+0000] {processor.py:756} INFO - Processing file /home/airflow/.local/lib/python3.7/site-packages/airflow/example_dags/example_latest_only_with_trigger.py for tasks to queue
[2024-11-28T09:48:24.865+0000] {logging_mixin.py:120} INFO - [2024-11-28T09:48:24.865+0000] {dagbag.py:537} INFO - Filling up the DagBag from /home/airflow/.local/lib/python3.7/site-packages/airflow/example_dags/example_latest_only_with_trigger.py
[2024-11-28T09:48:24.877+0000] {processor.py:766} INFO - DAG(s) dict_keys(['latest_only_with_trigger']) retrieved from /home/airflow/.local/lib/python3.7/site-packages/airflow/example_dags/example_latest_only_with_trigger.py
[2024-11-28T09:48:24.912+0000] {logging_mixin.py:120} INFO - [2024-11-28T09:48:24.912+0000] {dag.py:2585} INFO - Sync 1 DAGs
[2024-11-28T09:48:24.929+0000] {logging_mixin.py:120} INFO - [2024-11-28T09:48:24.929+0000] {dag.py:3340} INFO - Setting next_dagrun for latest_only_with_trigger to 2024-11-28T05:48:24.929583+00:00, run_after=2024-11-28T09:48:24.929583+00:00
[2024-11-28T09:48:24.946+0000] {processor.py:176} INFO - Processing /home/airflow/.local/lib/python3.7/site-packages/airflow/example_dags/example_latest_only_with_trigger.py took 0.086 seconds
[2024-11-28T09:48:55.133+0000] {processor.py:154} INFO - Started process (PID=252) to work on /home/airflow/.local/lib/python3.7/site-packages/airflow/example_dags/example_latest_only_with_trigger.py
[2024-11-28T09:48:55.134+0000] {processor.py:756} INFO - Processing file /home/airflow/.local/lib/python3.7/site-packages/airflow/example_dags/example_latest_only_with_trigger.py for tasks to queue
[2024-11-28T09:48:55.135+0000] {logging_mixin.py:120} INFO - [2024-11-28T09:48:55.135+0000] {dagbag.py:537} INFO - Filling up the DagBag from /home/airflow/.local/lib/python3.7/site-packages/airflow/example_dags/example_latest_only_with_trigger.py
[2024-11-28T09:48:55.145+0000] {processor.py:766} INFO - DAG(s) dict_keys(['latest_only_with_trigger']) retrieved from /home/airflow/.local/lib/python3.7/site-packages/airflow/example_dags/example_latest_only_with_trigger.py
[2024-11-28T09:48:55.173+0000] {logging_mixin.py:120} INFO - [2024-11-28T09:48:55.173+0000] {dag.py:2585} INFO - Sync 1 DAGs
[2024-11-28T09:48:55.187+0000] {logging_mixin.py:120} INFO - [2024-11-28T09:48:55.187+0000] {dag.py:3340} INFO - Setting next_dagrun for latest_only_with_trigger to 2024-11-28T05:48:55.187205+00:00, run_after=2024-11-28T09:48:55.187205+00:00
[2024-11-28T09:48:55.199+0000] {processor.py:176} INFO - Processing /home/airflow/.local/lib/python3.7/site-packages/airflow/example_dags/example_latest_only_with_trigger.py took 0.068 seconds
[2024-11-28T09:49:26.071+0000] {processor.py:154} INFO - Started process (PID=315) to work on /home/airflow/.local/lib/python3.7/site-packages/airflow/example_dags/example_latest_only_with_trigger.py
[2024-11-28T09:49:26.073+0000] {processor.py:756} INFO - Processing file /home/airflow/.local/lib/python3.7/site-packages/airflow/example_dags/example_latest_only_with_trigger.py for tasks to queue
[2024-11-28T09:49:26.073+0000] {logging_mixin.py:120} INFO - [2024-11-28T09:49:26.073+0000] {dagbag.py:537} INFO - Filling up the DagBag from /home/airflow/.local/lib/python3.7/site-packages/airflow/example_dags/example_latest_only_with_trigger.py
[2024-11-28T09:49:26.081+0000] {processor.py:766} INFO - DAG(s) dict_keys(['latest_only_with_trigger']) retrieved from /home/airflow/.local/lib/python3.7/site-packages/airflow/example_dags/example_latest_only_with_trigger.py
[2024-11-28T09:49:26.100+0000] {logging_mixin.py:120} INFO - [2024-11-28T09:49:26.100+0000] {dag.py:2585} INFO - Sync 1 DAGs
[2024-11-28T09:49:26.115+0000] {logging_mixin.py:120} INFO - [2024-11-28T09:49:26.115+0000] {dag.py:3340} INFO - Setting next_dagrun for latest_only_with_trigger to 2024-11-28T05:49:26.115068+00:00, run_after=2024-11-28T09:49:26.115068+00:00
[2024-11-28T09:49:26.126+0000] {processor.py:176} INFO - Processing /home/airflow/.local/lib/python3.7/site-packages/airflow/example_dags/example_latest_only_with_trigger.py took 0.057 seconds
[2024-11-28T09:49:57.179+0000] {processor.py:154} INFO - Started process (PID=378) to work on /home/airflow/.local/lib/python3.7/site-packages/airflow/example_dags/example_latest_only_with_trigger.py
[2024-11-28T09:49:57.180+0000] {processor.py:756} INFO - Processing file /home/airflow/.local/lib/python3.7/site-packages/airflow/example_dags/example_latest_only_with_trigger.py for tasks to queue
[2024-11-28T09:49:57.183+0000] {logging_mixin.py:120} INFO - [2024-11-28T09:49:57.183+0000] {dagbag.py:537} INFO - Filling up the DagBag from /home/airflow/.local/lib/python3.7/site-packages/airflow/example_dags/example_latest_only_with_trigger.py
[2024-11-28T09:49:57.196+0000] {processor.py:766} INFO - DAG(s) dict_keys(['latest_only_with_trigger']) retrieved from /home/airflow/.local/lib/python3.7/site-packages/airflow/example_dags/example_latest_only_with_trigger.py
[2024-11-28T09:49:57.225+0000] {logging_mixin.py:120} INFO - [2024-11-28T09:49:57.225+0000] {dag.py:2585} INFO - Sync 1 DAGs
[2024-11-28T09:49:57.240+0000] {logging_mixin.py:120} INFO - [2024-11-28T09:49:57.240+0000] {dag.py:3340} INFO - Setting next_dagrun for latest_only_with_trigger to 2024-11-28T05:49:57.240139+00:00, run_after=2024-11-28T09:49:57.240139+00:00
[2024-11-28T09:49:57.252+0000] {processor.py:176} INFO - Processing /home/airflow/.local/lib/python3.7/site-packages/airflow/example_dags/example_latest_only_with_trigger.py took 0.077 seconds
