[2024-11-28T09:47:21.065+0000] {processor.py:154} INFO - Started process (PID=47) to work on /home/airflow/.local/lib/python3.7/site-packages/airflow/example_dags/example_external_task_marker_dag.py
[2024-11-28T09:47:21.068+0000] {processor.py:756} INFO - Processing file /home/airflow/.local/lib/python3.7/site-packages/airflow/example_dags/example_external_task_marker_dag.py for tasks to queue
[2024-11-28T09:47:21.069+0000] {logging_mixin.py:120} INFO - [2024-11-28T09:47:21.069+0000] {dagbag.py:537} INFO - Filling up the DagBag from /home/airflow/.local/lib/python3.7/site-packages/airflow/example_dags/example_external_task_marker_dag.py
[2024-11-28T09:47:21.088+0000] {processor.py:766} INFO - DAG(s) dict_keys(['example_external_task_marker_child', 'example_external_task_marker_parent']) retrieved from /home/airflow/.local/lib/python3.7/site-packages/airflow/example_dags/example_external_task_marker_dag.py
[2024-11-28T09:47:21.474+0000] {logging_mixin.py:120} INFO - [2024-11-28T09:47:21.474+0000] {manager.py:507} INFO - Created Permission View: can edit on DAG:example_external_task_marker_child
[2024-11-28T09:47:21.491+0000] {logging_mixin.py:120} INFO - [2024-11-28T09:47:21.491+0000] {manager.py:507} INFO - Created Permission View: can read on DAG:example_external_task_marker_child
[2024-11-28T09:47:21.503+0000] {logging_mixin.py:120} INFO - [2024-11-28T09:47:21.502+0000] {manager.py:507} INFO - Created Permission View: can delete on DAG:example_external_task_marker_child
[2024-11-28T09:47:21.517+0000] {logging_mixin.py:120} INFO - [2024-11-28T09:47:21.517+0000] {manager.py:507} INFO - Created Permission View: can edit on DAG:example_external_task_marker_parent
[2024-11-28T09:47:21.525+0000] {logging_mixin.py:120} INFO - [2024-11-28T09:47:21.525+0000] {manager.py:507} INFO - Created Permission View: can read on DAG:example_external_task_marker_parent
[2024-11-28T09:47:21.534+0000] {logging_mixin.py:120} INFO - [2024-11-28T09:47:21.534+0000] {manager.py:507} INFO - Created Permission View: can delete on DAG:example_external_task_marker_parent
[2024-11-28T09:47:21.535+0000] {logging_mixin.py:120} INFO - [2024-11-28T09:47:21.534+0000] {dag.py:2585} INFO - Sync 2 DAGs
[2024-11-28T09:47:21.545+0000] {logging_mixin.py:120} INFO - [2024-11-28T09:47:21.545+0000] {dag.py:2606} INFO - Creating ORM DAG for example_external_task_marker_child
[2024-11-28T09:47:21.549+0000] {logging_mixin.py:120} INFO - [2024-11-28T09:47:21.549+0000] {dag.py:2606} INFO - Creating ORM DAG for example_external_task_marker_parent
[2024-11-28T09:47:21.557+0000] {logging_mixin.py:120} INFO - [2024-11-28T09:47:21.557+0000] {dag.py:3340} INFO - Setting next_dagrun for example_external_task_marker_child to None, run_after=None
[2024-11-28T09:47:21.558+0000] {logging_mixin.py:120} INFO - [2024-11-28T09:47:21.558+0000] {dag.py:3340} INFO - Setting next_dagrun for example_external_task_marker_parent to None, run_after=None
[2024-11-28T09:47:21.577+0000] {processor.py:176} INFO - Processing /home/airflow/.local/lib/python3.7/site-packages/airflow/example_dags/example_external_task_marker_dag.py took 0.518 seconds
[2024-11-28T09:47:52.121+0000] {processor.py:154} INFO - Started process (PID=110) to work on /home/airflow/.local/lib/python3.7/site-packages/airflow/example_dags/example_external_task_marker_dag.py
[2024-11-28T09:47:52.124+0000] {processor.py:756} INFO - Processing file /home/airflow/.local/lib/python3.7/site-packages/airflow/example_dags/example_external_task_marker_dag.py for tasks to queue
[2024-11-28T09:47:52.127+0000] {logging_mixin.py:120} INFO - [2024-11-28T09:47:52.126+0000] {dagbag.py:537} INFO - Filling up the DagBag from /home/airflow/.local/lib/python3.7/site-packages/airflow/example_dags/example_external_task_marker_dag.py
[2024-11-28T09:47:52.143+0000] {processor.py:766} INFO - DAG(s) dict_keys(['example_external_task_marker_child', 'example_external_task_marker_parent']) retrieved from /home/airflow/.local/lib/python3.7/site-packages/airflow/example_dags/example_external_task_marker_dag.py
[2024-11-28T09:47:52.260+0000] {logging_mixin.py:120} INFO - [2024-11-28T09:47:52.260+0000] {dag.py:2585} INFO - Sync 2 DAGs
[2024-11-28T09:47:52.279+0000] {logging_mixin.py:120} INFO - [2024-11-28T09:47:52.279+0000] {dag.py:3340} INFO - Setting next_dagrun for example_external_task_marker_child to None, run_after=None
[2024-11-28T09:47:52.281+0000] {logging_mixin.py:120} INFO - [2024-11-28T09:47:52.281+0000] {dag.py:3340} INFO - Setting next_dagrun for example_external_task_marker_parent to None, run_after=None
[2024-11-28T09:47:52.291+0000] {processor.py:176} INFO - Processing /home/airflow/.local/lib/python3.7/site-packages/airflow/example_dags/example_external_task_marker_dag.py took 0.174 seconds
[2024-11-28T09:48:22.747+0000] {processor.py:154} INFO - Started process (PID=173) to work on /home/airflow/.local/lib/python3.7/site-packages/airflow/example_dags/example_external_task_marker_dag.py
[2024-11-28T09:48:22.748+0000] {processor.py:756} INFO - Processing file /home/airflow/.local/lib/python3.7/site-packages/airflow/example_dags/example_external_task_marker_dag.py for tasks to queue
[2024-11-28T09:48:22.751+0000] {logging_mixin.py:120} INFO - [2024-11-28T09:48:22.751+0000] {dagbag.py:537} INFO - Filling up the DagBag from /home/airflow/.local/lib/python3.7/site-packages/airflow/example_dags/example_external_task_marker_dag.py
[2024-11-28T09:48:22.765+0000] {processor.py:766} INFO - DAG(s) dict_keys(['example_external_task_marker_child', 'example_external_task_marker_parent']) retrieved from /home/airflow/.local/lib/python3.7/site-packages/airflow/example_dags/example_external_task_marker_dag.py
[2024-11-28T09:48:22.970+0000] {logging_mixin.py:120} INFO - [2024-11-28T09:48:22.970+0000] {dag.py:2585} INFO - Sync 2 DAGs
[2024-11-28T09:48:22.991+0000] {logging_mixin.py:120} INFO - [2024-11-28T09:48:22.991+0000] {dag.py:3340} INFO - Setting next_dagrun for example_external_task_marker_child to None, run_after=None
[2024-11-28T09:48:22.994+0000] {logging_mixin.py:120} INFO - [2024-11-28T09:48:22.994+0000] {dag.py:3340} INFO - Setting next_dagrun for example_external_task_marker_parent to None, run_after=None
[2024-11-28T09:48:23.015+0000] {processor.py:176} INFO - Processing /home/airflow/.local/lib/python3.7/site-packages/airflow/example_dags/example_external_task_marker_dag.py took 0.270 seconds
[2024-11-28T09:48:53.344+0000] {processor.py:154} INFO - Started process (PID=236) to work on /home/airflow/.local/lib/python3.7/site-packages/airflow/example_dags/example_external_task_marker_dag.py
[2024-11-28T09:48:53.345+0000] {processor.py:756} INFO - Processing file /home/airflow/.local/lib/python3.7/site-packages/airflow/example_dags/example_external_task_marker_dag.py for tasks to queue
[2024-11-28T09:48:53.345+0000] {logging_mixin.py:120} INFO - [2024-11-28T09:48:53.345+0000] {dagbag.py:537} INFO - Filling up the DagBag from /home/airflow/.local/lib/python3.7/site-packages/airflow/example_dags/example_external_task_marker_dag.py
[2024-11-28T09:48:53.354+0000] {processor.py:766} INFO - DAG(s) dict_keys(['example_external_task_marker_parent', 'example_external_task_marker_child']) retrieved from /home/airflow/.local/lib/python3.7/site-packages/airflow/example_dags/example_external_task_marker_dag.py
[2024-11-28T09:48:53.456+0000] {logging_mixin.py:120} INFO - [2024-11-28T09:48:53.455+0000] {dag.py:2585} INFO - Sync 2 DAGs
[2024-11-28T09:48:53.498+0000] {logging_mixin.py:120} INFO - [2024-11-28T09:48:53.498+0000] {dag.py:3340} INFO - Setting next_dagrun for example_external_task_marker_child to None, run_after=None
[2024-11-28T09:48:53.500+0000] {logging_mixin.py:120} INFO - [2024-11-28T09:48:53.500+0000] {dag.py:3340} INFO - Setting next_dagrun for example_external_task_marker_parent to None, run_after=None
[2024-11-28T09:48:53.513+0000] {processor.py:176} INFO - Processing /home/airflow/.local/lib/python3.7/site-packages/airflow/example_dags/example_external_task_marker_dag.py took 0.171 seconds
[2024-11-28T09:49:24.239+0000] {processor.py:154} INFO - Started process (PID=290) to work on /home/airflow/.local/lib/python3.7/site-packages/airflow/example_dags/example_external_task_marker_dag.py
[2024-11-28T09:49:24.243+0000] {processor.py:756} INFO - Processing file /home/airflow/.local/lib/python3.7/site-packages/airflow/example_dags/example_external_task_marker_dag.py for tasks to queue
[2024-11-28T09:49:24.244+0000] {logging_mixin.py:120} INFO - [2024-11-28T09:49:24.244+0000] {dagbag.py:537} INFO - Filling up the DagBag from /home/airflow/.local/lib/python3.7/site-packages/airflow/example_dags/example_external_task_marker_dag.py
[2024-11-28T09:49:24.253+0000] {processor.py:766} INFO - DAG(s) dict_keys(['example_external_task_marker_child', 'example_external_task_marker_parent']) retrieved from /home/airflow/.local/lib/python3.7/site-packages/airflow/example_dags/example_external_task_marker_dag.py
[2024-11-28T09:49:24.275+0000] {logging_mixin.py:120} INFO - [2024-11-28T09:49:24.275+0000] {dag.py:2585} INFO - Sync 2 DAGs
[2024-11-28T09:49:24.296+0000] {logging_mixin.py:120} INFO - [2024-11-28T09:49:24.296+0000] {dag.py:3340} INFO - Setting next_dagrun for example_external_task_marker_child to None, run_after=None
[2024-11-28T09:49:24.300+0000] {logging_mixin.py:120} INFO - [2024-11-28T09:49:24.300+0000] {dag.py:3340} INFO - Setting next_dagrun for example_external_task_marker_parent to None, run_after=None
[2024-11-28T09:49:24.318+0000] {processor.py:176} INFO - Processing /home/airflow/.local/lib/python3.7/site-packages/airflow/example_dags/example_external_task_marker_dag.py took 0.080 seconds
[2024-11-28T09:49:55.429+0000] {processor.py:154} INFO - Started process (PID=353) to work on /home/airflow/.local/lib/python3.7/site-packages/airflow/example_dags/example_external_task_marker_dag.py
[2024-11-28T09:49:55.429+0000] {processor.py:756} INFO - Processing file /home/airflow/.local/lib/python3.7/site-packages/airflow/example_dags/example_external_task_marker_dag.py for tasks to queue
[2024-11-28T09:49:55.430+0000] {logging_mixin.py:120} INFO - [2024-11-28T09:49:55.430+0000] {dagbag.py:537} INFO - Filling up the DagBag from /home/airflow/.local/lib/python3.7/site-packages/airflow/example_dags/example_external_task_marker_dag.py
[2024-11-28T09:49:55.437+0000] {processor.py:766} INFO - DAG(s) dict_keys(['example_external_task_marker_child', 'example_external_task_marker_parent']) retrieved from /home/airflow/.local/lib/python3.7/site-packages/airflow/example_dags/example_external_task_marker_dag.py
[2024-11-28T09:49:55.551+0000] {logging_mixin.py:120} INFO - [2024-11-28T09:49:55.551+0000] {dag.py:2585} INFO - Sync 2 DAGs
[2024-11-28T09:49:55.564+0000] {logging_mixin.py:120} INFO - [2024-11-28T09:49:55.564+0000] {dag.py:3340} INFO - Setting next_dagrun for example_external_task_marker_child to None, run_after=None
[2024-11-28T09:49:55.567+0000] {logging_mixin.py:120} INFO - [2024-11-28T09:49:55.567+0000] {dag.py:3340} INFO - Setting next_dagrun for example_external_task_marker_parent to None, run_after=None
[2024-11-28T09:49:55.577+0000] {processor.py:176} INFO - Processing /home/airflow/.local/lib/python3.7/site-packages/airflow/example_dags/example_external_task_marker_dag.py took 0.151 seconds
