[2024-11-28T09:47:20.886+0000] {processor.py:154} INFO - Started process (PID=46) to work on /home/airflow/.local/lib/python3.7/site-packages/airflow/example_dags/example_local_kubernetes_executor.py
[2024-11-28T09:47:20.888+0000] {processor.py:756} INFO - Processing file /home/airflow/.local/lib/python3.7/site-packages/airflow/example_dags/example_local_kubernetes_executor.py for tasks to queue
[2024-11-28T09:47:20.889+0000] {logging_mixin.py:120} INFO - [2024-11-28T09:47:20.889+0000] {dagbag.py:537} INFO - Filling up the DagBag from /home/airflow/.local/lib/python3.7/site-packages/airflow/example_dags/example_local_kubernetes_executor.py
[2024-11-28T09:47:20.907+0000] {processor.py:766} INFO - DAG(s) dict_keys(['example_local_kubernetes_executor']) retrieved from /home/airflow/.local/lib/python3.7/site-packages/airflow/example_dags/example_local_kubernetes_executor.py
[2024-11-28T09:47:21.208+0000] {logging_mixin.py:120} INFO - [2024-11-28T09:47:21.207+0000] {manager.py:507} INFO - Created Permission View: can edit on DAG:example_local_kubernetes_executor
[2024-11-28T09:47:21.226+0000] {logging_mixin.py:120} INFO - [2024-11-28T09:47:21.226+0000] {manager.py:507} INFO - Created Permission View: can read on DAG:example_local_kubernetes_executor
[2024-11-28T09:47:21.236+0000] {logging_mixin.py:120} INFO - [2024-11-28T09:47:21.235+0000] {manager.py:507} INFO - Created Permission View: can delete on DAG:example_local_kubernetes_executor
[2024-11-28T09:47:21.236+0000] {logging_mixin.py:120} INFO - [2024-11-28T09:47:21.236+0000] {dag.py:2585} INFO - Sync 1 DAGs
[2024-11-28T09:47:21.251+0000] {logging_mixin.py:120} INFO - [2024-11-28T09:47:21.251+0000] {dag.py:2606} INFO - Creating ORM DAG for example_local_kubernetes_executor
[2024-11-28T09:47:21.268+0000] {logging_mixin.py:120} INFO - [2024-11-28T09:47:21.268+0000] {dag.py:3340} INFO - Setting next_dagrun for example_local_kubernetes_executor to None, run_after=None
[2024-11-28T09:47:21.316+0000] {processor.py:176} INFO - Processing /home/airflow/.local/lib/python3.7/site-packages/airflow/example_dags/example_local_kubernetes_executor.py took 0.433 seconds
[2024-11-28T09:47:52.116+0000] {processor.py:154} INFO - Started process (PID=109) to work on /home/airflow/.local/lib/python3.7/site-packages/airflow/example_dags/example_local_kubernetes_executor.py
[2024-11-28T09:47:52.118+0000] {processor.py:756} INFO - Processing file /home/airflow/.local/lib/python3.7/site-packages/airflow/example_dags/example_local_kubernetes_executor.py for tasks to queue
[2024-11-28T09:47:52.119+0000] {logging_mixin.py:120} INFO - [2024-11-28T09:47:52.119+0000] {dagbag.py:537} INFO - Filling up the DagBag from /home/airflow/.local/lib/python3.7/site-packages/airflow/example_dags/example_local_kubernetes_executor.py
[2024-11-28T09:47:52.146+0000] {processor.py:766} INFO - DAG(s) dict_keys(['example_local_kubernetes_executor']) retrieved from /home/airflow/.local/lib/python3.7/site-packages/airflow/example_dags/example_local_kubernetes_executor.py
[2024-11-28T09:47:52.179+0000] {logging_mixin.py:120} INFO - [2024-11-28T09:47:52.179+0000] {dag.py:2585} INFO - Sync 1 DAGs
[2024-11-28T09:47:52.198+0000] {logging_mixin.py:120} INFO - [2024-11-28T09:47:52.198+0000] {dag.py:3340} INFO - Setting next_dagrun for example_local_kubernetes_executor to None, run_after=None
[2024-11-28T09:47:52.207+0000] {processor.py:176} INFO - Processing /home/airflow/.local/lib/python3.7/site-packages/airflow/example_dags/example_local_kubernetes_executor.py took 0.095 seconds
[2024-11-28T09:48:22.720+0000] {processor.py:154} INFO - Started process (PID=172) to work on /home/airflow/.local/lib/python3.7/site-packages/airflow/example_dags/example_local_kubernetes_executor.py
[2024-11-28T09:48:22.724+0000] {processor.py:756} INFO - Processing file /home/airflow/.local/lib/python3.7/site-packages/airflow/example_dags/example_local_kubernetes_executor.py for tasks to queue
[2024-11-28T09:48:22.727+0000] {logging_mixin.py:120} INFO - [2024-11-28T09:48:22.727+0000] {dagbag.py:537} INFO - Filling up the DagBag from /home/airflow/.local/lib/python3.7/site-packages/airflow/example_dags/example_local_kubernetes_executor.py
[2024-11-28T09:48:22.753+0000] {processor.py:766} INFO - DAG(s) dict_keys(['example_local_kubernetes_executor']) retrieved from /home/airflow/.local/lib/python3.7/site-packages/airflow/example_dags/example_local_kubernetes_executor.py
[2024-11-28T09:48:22.798+0000] {logging_mixin.py:120} INFO - [2024-11-28T09:48:22.798+0000] {dag.py:2585} INFO - Sync 1 DAGs
[2024-11-28T09:48:22.824+0000] {logging_mixin.py:120} INFO - [2024-11-28T09:48:22.823+0000] {dag.py:3340} INFO - Setting next_dagrun for example_local_kubernetes_executor to None, run_after=None
[2024-11-28T09:48:22.869+0000] {processor.py:176} INFO - Processing /home/airflow/.local/lib/python3.7/site-packages/airflow/example_dags/example_local_kubernetes_executor.py took 0.154 seconds
[2024-11-28T09:48:53.289+0000] {processor.py:154} INFO - Started process (PID=235) to work on /home/airflow/.local/lib/python3.7/site-packages/airflow/example_dags/example_local_kubernetes_executor.py
[2024-11-28T09:48:53.290+0000] {processor.py:756} INFO - Processing file /home/airflow/.local/lib/python3.7/site-packages/airflow/example_dags/example_local_kubernetes_executor.py for tasks to queue
[2024-11-28T09:48:53.290+0000] {logging_mixin.py:120} INFO - [2024-11-28T09:48:53.290+0000] {dagbag.py:537} INFO - Filling up the DagBag from /home/airflow/.local/lib/python3.7/site-packages/airflow/example_dags/example_local_kubernetes_executor.py
[2024-11-28T09:48:53.302+0000] {processor.py:766} INFO - DAG(s) dict_keys(['example_local_kubernetes_executor']) retrieved from /home/airflow/.local/lib/python3.7/site-packages/airflow/example_dags/example_local_kubernetes_executor.py
[2024-11-28T09:48:53.324+0000] {logging_mixin.py:120} INFO - [2024-11-28T09:48:53.324+0000] {dag.py:2585} INFO - Sync 1 DAGs
[2024-11-28T09:48:53.337+0000] {logging_mixin.py:120} INFO - [2024-11-28T09:48:53.337+0000] {dag.py:3340} INFO - Setting next_dagrun for example_local_kubernetes_executor to None, run_after=None
[2024-11-28T09:48:53.347+0000] {processor.py:176} INFO - Processing /home/airflow/.local/lib/python3.7/site-packages/airflow/example_dags/example_local_kubernetes_executor.py took 0.059 seconds
[2024-11-28T09:49:24.239+0000] {processor.py:154} INFO - Started process (PID=289) to work on /home/airflow/.local/lib/python3.7/site-packages/airflow/example_dags/example_local_kubernetes_executor.py
[2024-11-28T09:49:24.239+0000] {processor.py:756} INFO - Processing file /home/airflow/.local/lib/python3.7/site-packages/airflow/example_dags/example_local_kubernetes_executor.py for tasks to queue
[2024-11-28T09:49:24.240+0000] {logging_mixin.py:120} INFO - [2024-11-28T09:49:24.239+0000] {dagbag.py:537} INFO - Filling up the DagBag from /home/airflow/.local/lib/python3.7/site-packages/airflow/example_dags/example_local_kubernetes_executor.py
[2024-11-28T09:49:24.252+0000] {processor.py:766} INFO - DAG(s) dict_keys(['example_local_kubernetes_executor']) retrieved from /home/airflow/.local/lib/python3.7/site-packages/airflow/example_dags/example_local_kubernetes_executor.py
[2024-11-28T09:49:24.266+0000] {logging_mixin.py:120} INFO - [2024-11-28T09:49:24.266+0000] {dag.py:2585} INFO - Sync 1 DAGs
[2024-11-28T09:49:24.282+0000] {logging_mixin.py:120} INFO - [2024-11-28T09:49:24.282+0000] {dag.py:3340} INFO - Setting next_dagrun for example_local_kubernetes_executor to None, run_after=None
[2024-11-28T09:49:24.298+0000] {processor.py:176} INFO - Processing /home/airflow/.local/lib/python3.7/site-packages/airflow/example_dags/example_local_kubernetes_executor.py took 0.061 seconds
[2024-11-28T09:49:55.365+0000] {processor.py:154} INFO - Started process (PID=352) to work on /home/airflow/.local/lib/python3.7/site-packages/airflow/example_dags/example_local_kubernetes_executor.py
[2024-11-28T09:49:55.365+0000] {processor.py:756} INFO - Processing file /home/airflow/.local/lib/python3.7/site-packages/airflow/example_dags/example_local_kubernetes_executor.py for tasks to queue
[2024-11-28T09:49:55.366+0000] {logging_mixin.py:120} INFO - [2024-11-28T09:49:55.366+0000] {dagbag.py:537} INFO - Filling up the DagBag from /home/airflow/.local/lib/python3.7/site-packages/airflow/example_dags/example_local_kubernetes_executor.py
[2024-11-28T09:49:55.378+0000] {processor.py:766} INFO - DAG(s) dict_keys(['example_local_kubernetes_executor']) retrieved from /home/airflow/.local/lib/python3.7/site-packages/airflow/example_dags/example_local_kubernetes_executor.py
[2024-11-28T09:49:55.397+0000] {logging_mixin.py:120} INFO - [2024-11-28T09:49:55.397+0000] {dag.py:2585} INFO - Sync 1 DAGs
[2024-11-28T09:49:55.409+0000] {logging_mixin.py:120} INFO - [2024-11-28T09:49:55.409+0000] {dag.py:3340} INFO - Setting next_dagrun for example_local_kubernetes_executor to None, run_after=None
[2024-11-28T09:49:55.417+0000] {processor.py:176} INFO - Processing /home/airflow/.local/lib/python3.7/site-packages/airflow/example_dags/example_local_kubernetes_executor.py took 0.054 seconds
