[2024-11-28T09:47:20.754+0000] {processor.py:154} INFO - Started process (PID=45) to work on /home/airflow/.local/lib/python3.7/site-packages/airflow/example_dags/example_kubernetes_executor.py
[2024-11-28T09:47:20.757+0000] {processor.py:756} INFO - Processing file /home/airflow/.local/lib/python3.7/site-packages/airflow/example_dags/example_kubernetes_executor.py for tasks to queue
[2024-11-28T09:47:20.759+0000] {logging_mixin.py:120} INFO - [2024-11-28T09:47:20.758+0000] {dagbag.py:537} INFO - Filling up the DagBag from /home/airflow/.local/lib/python3.7/site-packages/airflow/example_dags/example_kubernetes_executor.py
[2024-11-28T09:47:20.787+0000] {processor.py:766} INFO - DAG(s) dict_keys(['example_kubernetes_executor']) retrieved from /home/airflow/.local/lib/python3.7/site-packages/airflow/example_dags/example_kubernetes_executor.py
[2024-11-28T09:47:20.902+0000] {logging_mixin.py:120} INFO - [2024-11-28T09:47:20.902+0000] {manager.py:507} INFO - Created Permission View: can edit on DAG:example_kubernetes_executor
[2024-11-28T09:47:20.917+0000] {logging_mixin.py:120} INFO - [2024-11-28T09:47:20.917+0000] {manager.py:507} INFO - Created Permission View: can read on DAG:example_kubernetes_executor
[2024-11-28T09:47:20.924+0000] {logging_mixin.py:120} INFO - [2024-11-28T09:47:20.924+0000] {manager.py:507} INFO - Created Permission View: can delete on DAG:example_kubernetes_executor
[2024-11-28T09:47:20.925+0000] {logging_mixin.py:120} INFO - [2024-11-28T09:47:20.925+0000] {dag.py:2585} INFO - Sync 1 DAGs
[2024-11-28T09:47:20.934+0000] {logging_mixin.py:120} INFO - [2024-11-28T09:47:20.934+0000] {dag.py:2606} INFO - Creating ORM DAG for example_kubernetes_executor
[2024-11-28T09:47:20.943+0000] {logging_mixin.py:120} INFO - [2024-11-28T09:47:20.943+0000] {dag.py:3340} INFO - Setting next_dagrun for example_kubernetes_executor to None, run_after=None
[2024-11-28T09:47:21.016+0000] {processor.py:176} INFO - Processing /home/airflow/.local/lib/python3.7/site-packages/airflow/example_dags/example_kubernetes_executor.py took 0.268 seconds
[2024-11-28T09:47:51.094+0000] {processor.py:154} INFO - Started process (PID=108) to work on /home/airflow/.local/lib/python3.7/site-packages/airflow/example_dags/example_kubernetes_executor.py
[2024-11-28T09:47:51.094+0000] {processor.py:756} INFO - Processing file /home/airflow/.local/lib/python3.7/site-packages/airflow/example_dags/example_kubernetes_executor.py for tasks to queue
[2024-11-28T09:47:51.095+0000] {logging_mixin.py:120} INFO - [2024-11-28T09:47:51.095+0000] {dagbag.py:537} INFO - Filling up the DagBag from /home/airflow/.local/lib/python3.7/site-packages/airflow/example_dags/example_kubernetes_executor.py
[2024-11-28T09:47:51.110+0000] {processor.py:766} INFO - DAG(s) dict_keys(['example_kubernetes_executor']) retrieved from /home/airflow/.local/lib/python3.7/site-packages/airflow/example_dags/example_kubernetes_executor.py
[2024-11-28T09:47:51.130+0000] {logging_mixin.py:120} INFO - [2024-11-28T09:47:51.130+0000] {dag.py:2585} INFO - Sync 1 DAGs
[2024-11-28T09:47:51.142+0000] {logging_mixin.py:120} INFO - [2024-11-28T09:47:51.142+0000] {dag.py:3340} INFO - Setting next_dagrun for example_kubernetes_executor to None, run_after=None
[2024-11-28T09:47:51.151+0000] {processor.py:176} INFO - Processing /home/airflow/.local/lib/python3.7/site-packages/airflow/example_dags/example_kubernetes_executor.py took 0.059 seconds
[2024-11-28T09:48:22.468+0000] {processor.py:154} INFO - Started process (PID=171) to work on /home/airflow/.local/lib/python3.7/site-packages/airflow/example_dags/example_kubernetes_executor.py
[2024-11-28T09:48:22.469+0000] {processor.py:756} INFO - Processing file /home/airflow/.local/lib/python3.7/site-packages/airflow/example_dags/example_kubernetes_executor.py for tasks to queue
[2024-11-28T09:48:22.471+0000] {logging_mixin.py:120} INFO - [2024-11-28T09:48:22.471+0000] {dagbag.py:537} INFO - Filling up the DagBag from /home/airflow/.local/lib/python3.7/site-packages/airflow/example_dags/example_kubernetes_executor.py
[2024-11-28T09:48:22.505+0000] {processor.py:766} INFO - DAG(s) dict_keys(['example_kubernetes_executor']) retrieved from /home/airflow/.local/lib/python3.7/site-packages/airflow/example_dags/example_kubernetes_executor.py
[2024-11-28T09:48:22.584+0000] {logging_mixin.py:120} INFO - [2024-11-28T09:48:22.583+0000] {dag.py:2585} INFO - Sync 1 DAGs
[2024-11-28T09:48:22.629+0000] {logging_mixin.py:120} INFO - [2024-11-28T09:48:22.629+0000] {dag.py:3340} INFO - Setting next_dagrun for example_kubernetes_executor to None, run_after=None
[2024-11-28T09:48:22.668+0000] {processor.py:176} INFO - Processing /home/airflow/.local/lib/python3.7/site-packages/airflow/example_dags/example_kubernetes_executor.py took 0.204 seconds
[2024-11-28T09:48:53.209+0000] {processor.py:154} INFO - Started process (PID=234) to work on /home/airflow/.local/lib/python3.7/site-packages/airflow/example_dags/example_kubernetes_executor.py
[2024-11-28T09:48:53.209+0000] {processor.py:756} INFO - Processing file /home/airflow/.local/lib/python3.7/site-packages/airflow/example_dags/example_kubernetes_executor.py for tasks to queue
[2024-11-28T09:48:53.210+0000] {logging_mixin.py:120} INFO - [2024-11-28T09:48:53.210+0000] {dagbag.py:537} INFO - Filling up the DagBag from /home/airflow/.local/lib/python3.7/site-packages/airflow/example_dags/example_kubernetes_executor.py
[2024-11-28T09:48:53.227+0000] {processor.py:766} INFO - DAG(s) dict_keys(['example_kubernetes_executor']) retrieved from /home/airflow/.local/lib/python3.7/site-packages/airflow/example_dags/example_kubernetes_executor.py
[2024-11-28T09:48:53.251+0000] {logging_mixin.py:120} INFO - [2024-11-28T09:48:53.251+0000] {dag.py:2585} INFO - Sync 1 DAGs
[2024-11-28T09:48:53.264+0000] {logging_mixin.py:120} INFO - [2024-11-28T09:48:53.264+0000] {dag.py:3340} INFO - Setting next_dagrun for example_kubernetes_executor to None, run_after=None
[2024-11-28T09:48:53.277+0000] {processor.py:176} INFO - Processing /home/airflow/.local/lib/python3.7/site-packages/airflow/example_dags/example_kubernetes_executor.py took 0.070 seconds
[2024-11-28T09:49:24.174+0000] {processor.py:154} INFO - Started process (PID=288) to work on /home/airflow/.local/lib/python3.7/site-packages/airflow/example_dags/example_kubernetes_executor.py
[2024-11-28T09:49:24.175+0000] {processor.py:756} INFO - Processing file /home/airflow/.local/lib/python3.7/site-packages/airflow/example_dags/example_kubernetes_executor.py for tasks to queue
[2024-11-28T09:49:24.175+0000] {logging_mixin.py:120} INFO - [2024-11-28T09:49:24.175+0000] {dagbag.py:537} INFO - Filling up the DagBag from /home/airflow/.local/lib/python3.7/site-packages/airflow/example_dags/example_kubernetes_executor.py
[2024-11-28T09:49:24.192+0000] {processor.py:766} INFO - DAG(s) dict_keys(['example_kubernetes_executor']) retrieved from /home/airflow/.local/lib/python3.7/site-packages/airflow/example_dags/example_kubernetes_executor.py
[2024-11-28T09:49:24.205+0000] {logging_mixin.py:120} INFO - [2024-11-28T09:49:24.205+0000] {dag.py:2585} INFO - Sync 1 DAGs
[2024-11-28T09:49:24.217+0000] {logging_mixin.py:120} INFO - [2024-11-28T09:49:24.217+0000] {dag.py:3340} INFO - Setting next_dagrun for example_kubernetes_executor to None, run_after=None
[2024-11-28T09:49:24.226+0000] {processor.py:176} INFO - Processing /home/airflow/.local/lib/python3.7/site-packages/airflow/example_dags/example_kubernetes_executor.py took 0.054 seconds
[2024-11-28T09:49:55.262+0000] {processor.py:154} INFO - Started process (PID=351) to work on /home/airflow/.local/lib/python3.7/site-packages/airflow/example_dags/example_kubernetes_executor.py
[2024-11-28T09:49:55.263+0000] {processor.py:756} INFO - Processing file /home/airflow/.local/lib/python3.7/site-packages/airflow/example_dags/example_kubernetes_executor.py for tasks to queue
[2024-11-28T09:49:55.265+0000] {logging_mixin.py:120} INFO - [2024-11-28T09:49:55.265+0000] {dagbag.py:537} INFO - Filling up the DagBag from /home/airflow/.local/lib/python3.7/site-packages/airflow/example_dags/example_kubernetes_executor.py
[2024-11-28T09:49:55.291+0000] {processor.py:766} INFO - DAG(s) dict_keys(['example_kubernetes_executor']) retrieved from /home/airflow/.local/lib/python3.7/site-packages/airflow/example_dags/example_kubernetes_executor.py
[2024-11-28T09:49:55.320+0000] {logging_mixin.py:120} INFO - [2024-11-28T09:49:55.320+0000] {dag.py:2585} INFO - Sync 1 DAGs
[2024-11-28T09:49:55.334+0000] {logging_mixin.py:120} INFO - [2024-11-28T09:49:55.334+0000] {dag.py:3340} INFO - Setting next_dagrun for example_kubernetes_executor to None, run_after=None
[2024-11-28T09:49:55.352+0000] {processor.py:176} INFO - Processing /home/airflow/.local/lib/python3.7/site-packages/airflow/example_dags/example_kubernetes_executor.py took 0.091 seconds
