[2024-11-28T09:47:21.768+0000] {processor.py:154} INFO - Started process (PID=51) to work on /home/airflow/.local/lib/python3.7/site-packages/airflow/example_dags/example_nested_branch_dag.py
[2024-11-28T09:47:21.775+0000] {processor.py:756} INFO - Processing file /home/airflow/.local/lib/python3.7/site-packages/airflow/example_dags/example_nested_branch_dag.py for tasks to queue
[2024-11-28T09:47:21.778+0000] {logging_mixin.py:120} INFO - [2024-11-28T09:47:21.777+0000] {dagbag.py:537} INFO - Filling up the DagBag from /home/airflow/.local/lib/python3.7/site-packages/airflow/example_dags/example_nested_branch_dag.py
[2024-11-28T09:47:21.817+0000] {processor.py:766} INFO - DAG(s) dict_keys(['example_nested_branch_dag']) retrieved from /home/airflow/.local/lib/python3.7/site-packages/airflow/example_dags/example_nested_branch_dag.py
[2024-11-28T09:47:21.943+0000] {logging_mixin.py:120} INFO - [2024-11-28T09:47:21.943+0000] {manager.py:507} INFO - Created Permission View: can edit on DAG:example_nested_branch_dag
[2024-11-28T09:47:21.978+0000] {logging_mixin.py:120} INFO - [2024-11-28T09:47:21.977+0000] {manager.py:507} INFO - Created Permission View: can read on DAG:example_nested_branch_dag
[2024-11-28T09:47:22.005+0000] {logging_mixin.py:120} INFO - [2024-11-28T09:47:22.005+0000] {manager.py:507} INFO - Created Permission View: can delete on DAG:example_nested_branch_dag
[2024-11-28T09:47:22.007+0000] {logging_mixin.py:120} INFO - [2024-11-28T09:47:22.006+0000] {dag.py:2585} INFO - Sync 1 DAGs
[2024-11-28T09:47:22.081+0000] {logging_mixin.py:120} INFO - [2024-11-28T09:47:22.081+0000] {dag.py:2606} INFO - Creating ORM DAG for example_nested_branch_dag
[2024-11-28T09:47:22.098+0000] {logging_mixin.py:120} INFO - [2024-11-28T09:47:22.098+0000] {dag.py:3340} INFO - Setting next_dagrun for example_nested_branch_dag to 2024-11-27T00:00:00+00:00, run_after=2024-11-28T00:00:00+00:00
[2024-11-28T09:47:22.124+0000] {processor.py:176} INFO - Processing /home/airflow/.local/lib/python3.7/site-packages/airflow/example_dags/example_nested_branch_dag.py took 0.359 seconds
[2024-11-28T09:47:52.380+0000] {processor.py:154} INFO - Started process (PID=114) to work on /home/airflow/.local/lib/python3.7/site-packages/airflow/example_dags/example_nested_branch_dag.py
[2024-11-28T09:47:52.381+0000] {processor.py:756} INFO - Processing file /home/airflow/.local/lib/python3.7/site-packages/airflow/example_dags/example_nested_branch_dag.py for tasks to queue
[2024-11-28T09:47:52.381+0000] {logging_mixin.py:120} INFO - [2024-11-28T09:47:52.381+0000] {dagbag.py:537} INFO - Filling up the DagBag from /home/airflow/.local/lib/python3.7/site-packages/airflow/example_dags/example_nested_branch_dag.py
[2024-11-28T09:47:52.397+0000] {processor.py:766} INFO - DAG(s) dict_keys(['example_nested_branch_dag']) retrieved from /home/airflow/.local/lib/python3.7/site-packages/airflow/example_dags/example_nested_branch_dag.py
[2024-11-28T09:47:52.419+0000] {logging_mixin.py:120} INFO - [2024-11-28T09:47:52.418+0000] {dag.py:2585} INFO - Sync 1 DAGs
[2024-11-28T09:47:52.433+0000] {logging_mixin.py:120} INFO - [2024-11-28T09:47:52.433+0000] {dag.py:3340} INFO - Setting next_dagrun for example_nested_branch_dag to 2024-11-27T00:00:00+00:00, run_after=2024-11-28T00:00:00+00:00
[2024-11-28T09:47:52.445+0000] {processor.py:176} INFO - Processing /home/airflow/.local/lib/python3.7/site-packages/airflow/example_dags/example_nested_branch_dag.py took 0.067 seconds
[2024-11-28T09:48:23.177+0000] {processor.py:154} INFO - Started process (PID=177) to work on /home/airflow/.local/lib/python3.7/site-packages/airflow/example_dags/example_nested_branch_dag.py
[2024-11-28T09:48:23.178+0000] {processor.py:756} INFO - Processing file /home/airflow/.local/lib/python3.7/site-packages/airflow/example_dags/example_nested_branch_dag.py for tasks to queue
[2024-11-28T09:48:23.178+0000] {logging_mixin.py:120} INFO - [2024-11-28T09:48:23.178+0000] {dagbag.py:537} INFO - Filling up the DagBag from /home/airflow/.local/lib/python3.7/site-packages/airflow/example_dags/example_nested_branch_dag.py
[2024-11-28T09:48:23.200+0000] {processor.py:766} INFO - DAG(s) dict_keys(['example_nested_branch_dag']) retrieved from /home/airflow/.local/lib/python3.7/site-packages/airflow/example_dags/example_nested_branch_dag.py
[2024-11-28T09:48:23.261+0000] {logging_mixin.py:120} INFO - [2024-11-28T09:48:23.261+0000] {dag.py:2585} INFO - Sync 1 DAGs
[2024-11-28T09:48:23.288+0000] {logging_mixin.py:120} INFO - [2024-11-28T09:48:23.288+0000] {dag.py:3340} INFO - Setting next_dagrun for example_nested_branch_dag to 2024-11-27T00:00:00+00:00, run_after=2024-11-28T00:00:00+00:00
[2024-11-28T09:48:23.314+0000] {processor.py:176} INFO - Processing /home/airflow/.local/lib/python3.7/site-packages/airflow/example_dags/example_nested_branch_dag.py took 0.139 seconds
[2024-11-28T09:48:53.593+0000] {processor.py:154} INFO - Started process (PID=240) to work on /home/airflow/.local/lib/python3.7/site-packages/airflow/example_dags/example_nested_branch_dag.py
[2024-11-28T09:48:53.594+0000] {processor.py:756} INFO - Processing file /home/airflow/.local/lib/python3.7/site-packages/airflow/example_dags/example_nested_branch_dag.py for tasks to queue
[2024-11-28T09:48:53.594+0000] {logging_mixin.py:120} INFO - [2024-11-28T09:48:53.594+0000] {dagbag.py:537} INFO - Filling up the DagBag from /home/airflow/.local/lib/python3.7/site-packages/airflow/example_dags/example_nested_branch_dag.py
[2024-11-28T09:48:53.608+0000] {processor.py:766} INFO - DAG(s) dict_keys(['example_nested_branch_dag']) retrieved from /home/airflow/.local/lib/python3.7/site-packages/airflow/example_dags/example_nested_branch_dag.py
[2024-11-28T09:48:53.636+0000] {logging_mixin.py:120} INFO - [2024-11-28T09:48:53.636+0000] {dag.py:2585} INFO - Sync 1 DAGs
[2024-11-28T09:48:53.652+0000] {logging_mixin.py:120} INFO - [2024-11-28T09:48:53.652+0000] {dag.py:3340} INFO - Setting next_dagrun for example_nested_branch_dag to 2024-11-27T00:00:00+00:00, run_after=2024-11-28T00:00:00+00:00
[2024-11-28T09:48:53.661+0000] {processor.py:176} INFO - Processing /home/airflow/.local/lib/python3.7/site-packages/airflow/example_dags/example_nested_branch_dag.py took 0.070 seconds
[2024-11-28T09:49:24.486+0000] {processor.py:154} INFO - Started process (PID=303) to work on /home/airflow/.local/lib/python3.7/site-packages/airflow/example_dags/example_nested_branch_dag.py
[2024-11-28T09:49:24.486+0000] {processor.py:756} INFO - Processing file /home/airflow/.local/lib/python3.7/site-packages/airflow/example_dags/example_nested_branch_dag.py for tasks to queue
[2024-11-28T09:49:24.487+0000] {logging_mixin.py:120} INFO - [2024-11-28T09:49:24.487+0000] {dagbag.py:537} INFO - Filling up the DagBag from /home/airflow/.local/lib/python3.7/site-packages/airflow/example_dags/example_nested_branch_dag.py
[2024-11-28T09:49:24.501+0000] {processor.py:766} INFO - DAG(s) dict_keys(['example_nested_branch_dag']) retrieved from /home/airflow/.local/lib/python3.7/site-packages/airflow/example_dags/example_nested_branch_dag.py
[2024-11-28T09:49:24.520+0000] {logging_mixin.py:120} INFO - [2024-11-28T09:49:24.520+0000] {dag.py:2585} INFO - Sync 1 DAGs
[2024-11-28T09:49:24.537+0000] {logging_mixin.py:120} INFO - [2024-11-28T09:49:24.537+0000] {dag.py:3340} INFO - Setting next_dagrun for example_nested_branch_dag to 2024-11-27T00:00:00+00:00, run_after=2024-11-28T00:00:00+00:00
[2024-11-28T09:49:24.555+0000] {processor.py:176} INFO - Processing /home/airflow/.local/lib/python3.7/site-packages/airflow/example_dags/example_nested_branch_dag.py took 0.072 seconds
[2024-11-28T09:49:55.596+0000] {processor.py:154} INFO - Started process (PID=357) to work on /home/airflow/.local/lib/python3.7/site-packages/airflow/example_dags/example_nested_branch_dag.py
[2024-11-28T09:49:55.597+0000] {processor.py:756} INFO - Processing file /home/airflow/.local/lib/python3.7/site-packages/airflow/example_dags/example_nested_branch_dag.py for tasks to queue
[2024-11-28T09:49:55.598+0000] {logging_mixin.py:120} INFO - [2024-11-28T09:49:55.598+0000] {dagbag.py:537} INFO - Filling up the DagBag from /home/airflow/.local/lib/python3.7/site-packages/airflow/example_dags/example_nested_branch_dag.py
[2024-11-28T09:49:55.611+0000] {processor.py:766} INFO - DAG(s) dict_keys(['example_nested_branch_dag']) retrieved from /home/airflow/.local/lib/python3.7/site-packages/airflow/example_dags/example_nested_branch_dag.py
[2024-11-28T09:49:55.634+0000] {logging_mixin.py:120} INFO - [2024-11-28T09:49:55.634+0000] {dag.py:2585} INFO - Sync 1 DAGs
[2024-11-28T09:49:55.648+0000] {logging_mixin.py:120} INFO - [2024-11-28T09:49:55.648+0000] {dag.py:3340} INFO - Setting next_dagrun for example_nested_branch_dag to 2024-11-27T00:00:00+00:00, run_after=2024-11-28T00:00:00+00:00
[2024-11-28T09:49:55.659+0000] {processor.py:176} INFO - Processing /home/airflow/.local/lib/python3.7/site-packages/airflow/example_dags/example_nested_branch_dag.py took 0.065 seconds
