[2024-11-28T09:47:21.346+0000] {processor.py:154} INFO - Started process (PID=48) to work on /home/airflow/.local/lib/python3.7/site-packages/airflow/example_dags/example_branch_day_of_week_operator.py
[2024-11-28T09:47:21.347+0000] {processor.py:756} INFO - Processing file /home/airflow/.local/lib/python3.7/site-packages/airflow/example_dags/example_branch_day_of_week_operator.py for tasks to queue
[2024-11-28T09:47:21.348+0000] {logging_mixin.py:120} INFO - [2024-11-28T09:47:21.348+0000] {dagbag.py:537} INFO - Filling up the DagBag from /home/airflow/.local/lib/python3.7/site-packages/airflow/example_dags/example_branch_day_of_week_operator.py
[2024-11-28T09:47:21.365+0000] {processor.py:766} INFO - DAG(s) dict_keys(['example_weekday_branch_operator']) retrieved from /home/airflow/.local/lib/python3.7/site-packages/airflow/example_dags/example_branch_day_of_week_operator.py
[2024-11-28T09:47:21.523+0000] {logging_mixin.py:120} INFO - [2024-11-28T09:47:21.522+0000] {manager.py:507} INFO - Created Permission View: can edit on DAG:example_weekday_branch_operator
[2024-11-28T09:47:21.534+0000] {logging_mixin.py:120} INFO - [2024-11-28T09:47:21.533+0000] {manager.py:507} INFO - Created Permission View: can read on DAG:example_weekday_branch_operator
[2024-11-28T09:47:21.543+0000] {logging_mixin.py:120} INFO - [2024-11-28T09:47:21.543+0000] {manager.py:507} INFO - Created Permission View: can delete on DAG:example_weekday_branch_operator
[2024-11-28T09:47:21.543+0000] {logging_mixin.py:120} INFO - [2024-11-28T09:47:21.543+0000] {dag.py:2585} INFO - Sync 1 DAGs
[2024-11-28T09:47:21.554+0000] {logging_mixin.py:120} INFO - [2024-11-28T09:47:21.554+0000] {dag.py:2606} INFO - Creating ORM DAG for example_weekday_branch_operator
[2024-11-28T09:47:21.562+0000] {logging_mixin.py:120} INFO - [2024-11-28T09:47:21.562+0000] {dag.py:3340} INFO - Setting next_dagrun for example_weekday_branch_operator to 2024-11-27T00:00:00+00:00, run_after=2024-11-28T00:00:00+00:00
[2024-11-28T09:47:21.584+0000] {processor.py:176} INFO - Processing /home/airflow/.local/lib/python3.7/site-packages/airflow/example_dags/example_branch_day_of_week_operator.py took 0.241 seconds
[2024-11-28T09:47:52.221+0000] {processor.py:154} INFO - Started process (PID=111) to work on /home/airflow/.local/lib/python3.7/site-packages/airflow/example_dags/example_branch_day_of_week_operator.py
[2024-11-28T09:47:52.221+0000] {processor.py:756} INFO - Processing file /home/airflow/.local/lib/python3.7/site-packages/airflow/example_dags/example_branch_day_of_week_operator.py for tasks to queue
[2024-11-28T09:47:52.227+0000] {logging_mixin.py:120} INFO - [2024-11-28T09:47:52.226+0000] {dagbag.py:537} INFO - Filling up the DagBag from /home/airflow/.local/lib/python3.7/site-packages/airflow/example_dags/example_branch_day_of_week_operator.py
[2024-11-28T09:47:52.240+0000] {processor.py:766} INFO - DAG(s) dict_keys(['example_weekday_branch_operator']) retrieved from /home/airflow/.local/lib/python3.7/site-packages/airflow/example_dags/example_branch_day_of_week_operator.py
[2024-11-28T09:47:52.267+0000] {logging_mixin.py:120} INFO - [2024-11-28T09:47:52.266+0000] {dag.py:2585} INFO - Sync 1 DAGs
[2024-11-28T09:47:52.282+0000] {logging_mixin.py:120} INFO - [2024-11-28T09:47:52.282+0000] {dag.py:3340} INFO - Setting next_dagrun for example_weekday_branch_operator to 2024-11-27T00:00:00+00:00, run_after=2024-11-28T00:00:00+00:00
[2024-11-28T09:47:52.296+0000] {processor.py:176} INFO - Processing /home/airflow/.local/lib/python3.7/site-packages/airflow/example_dags/example_branch_day_of_week_operator.py took 0.077 seconds
[2024-11-28T09:48:22.906+0000] {processor.py:154} INFO - Started process (PID=174) to work on /home/airflow/.local/lib/python3.7/site-packages/airflow/example_dags/example_branch_day_of_week_operator.py
[2024-11-28T09:48:22.907+0000] {processor.py:756} INFO - Processing file /home/airflow/.local/lib/python3.7/site-packages/airflow/example_dags/example_branch_day_of_week_operator.py for tasks to queue
[2024-11-28T09:48:22.908+0000] {logging_mixin.py:120} INFO - [2024-11-28T09:48:22.908+0000] {dagbag.py:537} INFO - Filling up the DagBag from /home/airflow/.local/lib/python3.7/site-packages/airflow/example_dags/example_branch_day_of_week_operator.py
[2024-11-28T09:48:22.927+0000] {processor.py:766} INFO - DAG(s) dict_keys(['example_weekday_branch_operator']) retrieved from /home/airflow/.local/lib/python3.7/site-packages/airflow/example_dags/example_branch_day_of_week_operator.py
[2024-11-28T09:48:22.973+0000] {logging_mixin.py:120} INFO - [2024-11-28T09:48:22.973+0000] {dag.py:2585} INFO - Sync 1 DAGs
[2024-11-28T09:48:22.997+0000] {logging_mixin.py:120} INFO - [2024-11-28T09:48:22.996+0000] {dag.py:3340} INFO - Setting next_dagrun for example_weekday_branch_operator to 2024-11-27T00:00:00+00:00, run_after=2024-11-28T00:00:00+00:00
[2024-11-28T09:48:23.014+0000] {processor.py:176} INFO - Processing /home/airflow/.local/lib/python3.7/site-packages/airflow/example_dags/example_branch_day_of_week_operator.py took 0.112 seconds
[2024-11-28T09:48:53.363+0000] {processor.py:154} INFO - Started process (PID=237) to work on /home/airflow/.local/lib/python3.7/site-packages/airflow/example_dags/example_branch_day_of_week_operator.py
[2024-11-28T09:48:53.363+0000] {processor.py:756} INFO - Processing file /home/airflow/.local/lib/python3.7/site-packages/airflow/example_dags/example_branch_day_of_week_operator.py for tasks to queue
[2024-11-28T09:48:53.364+0000] {logging_mixin.py:120} INFO - [2024-11-28T09:48:53.364+0000] {dagbag.py:537} INFO - Filling up the DagBag from /home/airflow/.local/lib/python3.7/site-packages/airflow/example_dags/example_branch_day_of_week_operator.py
[2024-11-28T09:48:53.372+0000] {processor.py:766} INFO - DAG(s) dict_keys(['example_weekday_branch_operator']) retrieved from /home/airflow/.local/lib/python3.7/site-packages/airflow/example_dags/example_branch_day_of_week_operator.py
[2024-11-28T09:48:53.393+0000] {logging_mixin.py:120} INFO - [2024-11-28T09:48:53.393+0000] {dag.py:2585} INFO - Sync 1 DAGs
[2024-11-28T09:48:53.406+0000] {logging_mixin.py:120} INFO - [2024-11-28T09:48:53.406+0000] {dag.py:3340} INFO - Setting next_dagrun for example_weekday_branch_operator to 2024-11-27T00:00:00+00:00, run_after=2024-11-28T00:00:00+00:00
[2024-11-28T09:48:53.415+0000] {processor.py:176} INFO - Processing /home/airflow/.local/lib/python3.7/site-packages/airflow/example_dags/example_branch_day_of_week_operator.py took 0.054 seconds
[2024-11-28T09:49:24.330+0000] {processor.py:154} INFO - Started process (PID=297) to work on /home/airflow/.local/lib/python3.7/site-packages/airflow/example_dags/example_branch_day_of_week_operator.py
[2024-11-28T09:49:24.331+0000] {processor.py:756} INFO - Processing file /home/airflow/.local/lib/python3.7/site-packages/airflow/example_dags/example_branch_day_of_week_operator.py for tasks to queue
[2024-11-28T09:49:24.331+0000] {logging_mixin.py:120} INFO - [2024-11-28T09:49:24.331+0000] {dagbag.py:537} INFO - Filling up the DagBag from /home/airflow/.local/lib/python3.7/site-packages/airflow/example_dags/example_branch_day_of_week_operator.py
[2024-11-28T09:49:24.343+0000] {processor.py:766} INFO - DAG(s) dict_keys(['example_weekday_branch_operator']) retrieved from /home/airflow/.local/lib/python3.7/site-packages/airflow/example_dags/example_branch_day_of_week_operator.py
[2024-11-28T09:49:24.367+0000] {logging_mixin.py:120} INFO - [2024-11-28T09:49:24.367+0000] {dag.py:2585} INFO - Sync 1 DAGs
[2024-11-28T09:49:24.386+0000] {logging_mixin.py:120} INFO - [2024-11-28T09:49:24.386+0000] {dag.py:3340} INFO - Setting next_dagrun for example_weekday_branch_operator to 2024-11-27T00:00:00+00:00, run_after=2024-11-28T00:00:00+00:00
[2024-11-28T09:49:24.402+0000] {processor.py:176} INFO - Processing /home/airflow/.local/lib/python3.7/site-packages/airflow/example_dags/example_branch_day_of_week_operator.py took 0.080 seconds
[2024-11-28T09:49:55.431+0000] {processor.py:154} INFO - Started process (PID=354) to work on /home/airflow/.local/lib/python3.7/site-packages/airflow/example_dags/example_branch_day_of_week_operator.py
[2024-11-28T09:49:55.433+0000] {processor.py:756} INFO - Processing file /home/airflow/.local/lib/python3.7/site-packages/airflow/example_dags/example_branch_day_of_week_operator.py for tasks to queue
[2024-11-28T09:49:55.434+0000] {logging_mixin.py:120} INFO - [2024-11-28T09:49:55.434+0000] {dagbag.py:537} INFO - Filling up the DagBag from /home/airflow/.local/lib/python3.7/site-packages/airflow/example_dags/example_branch_day_of_week_operator.py
[2024-11-28T09:49:55.443+0000] {processor.py:766} INFO - DAG(s) dict_keys(['example_weekday_branch_operator']) retrieved from /home/airflow/.local/lib/python3.7/site-packages/airflow/example_dags/example_branch_day_of_week_operator.py
[2024-11-28T09:49:55.468+0000] {logging_mixin.py:120} INFO - [2024-11-28T09:49:55.468+0000] {dag.py:2585} INFO - Sync 1 DAGs
[2024-11-28T09:49:55.485+0000] {logging_mixin.py:120} INFO - [2024-11-28T09:49:55.485+0000] {dag.py:3340} INFO - Setting next_dagrun for example_weekday_branch_operator to 2024-11-27T00:00:00+00:00, run_after=2024-11-28T00:00:00+00:00
[2024-11-28T09:49:55.496+0000] {processor.py:176} INFO - Processing /home/airflow/.local/lib/python3.7/site-packages/airflow/example_dags/example_branch_day_of_week_operator.py took 0.067 seconds
