[2024-11-28T09:47:19.855+0000] {processor.py:154} INFO - Started process (PID=38) to work on /home/airflow/.local/lib/python3.7/site-packages/airflow/example_dags/example_short_circuit_decorator.py
[2024-11-28T09:47:19.858+0000] {processor.py:756} INFO - Processing file /home/airflow/.local/lib/python3.7/site-packages/airflow/example_dags/example_short_circuit_decorator.py for tasks to queue
[2024-11-28T09:47:19.859+0000] {logging_mixin.py:120} INFO - [2024-11-28T09:47:19.859+0000] {dagbag.py:537} INFO - Filling up the DagBag from /home/airflow/.local/lib/python3.7/site-packages/airflow/example_dags/example_short_circuit_decorator.py
[2024-11-28T09:47:19.895+0000] {processor.py:766} INFO - DAG(s) dict_keys(['example_short_circuit_decorator']) retrieved from /home/airflow/.local/lib/python3.7/site-packages/airflow/example_dags/example_short_circuit_decorator.py
[2024-11-28T09:47:20.033+0000] {logging_mixin.py:120} INFO - [2024-11-28T09:47:20.033+0000] {manager.py:507} INFO - Created Permission View: can edit on DAG:example_short_circuit_decorator
[2024-11-28T09:47:20.039+0000] {logging_mixin.py:120} INFO - [2024-11-28T09:47:20.039+0000] {manager.py:507} INFO - Created Permission View: can read on DAG:example_short_circuit_decorator
[2024-11-28T09:47:20.043+0000] {logging_mixin.py:120} INFO - [2024-11-28T09:47:20.043+0000] {manager.py:507} INFO - Created Permission View: can delete on DAG:example_short_circuit_decorator
[2024-11-28T09:47:20.043+0000] {logging_mixin.py:120} INFO - [2024-11-28T09:47:20.043+0000] {dag.py:2585} INFO - Sync 1 DAGs
[2024-11-28T09:47:20.052+0000] {logging_mixin.py:120} INFO - [2024-11-28T09:47:20.051+0000] {dag.py:2606} INFO - Creating ORM DAG for example_short_circuit_decorator
[2024-11-28T09:47:20.059+0000] {logging_mixin.py:120} INFO - [2024-11-28T09:47:20.059+0000] {dag.py:3340} INFO - Setting next_dagrun for example_short_circuit_decorator to 2024-11-27T09:47:20.058958+00:00, run_after=2024-11-28T09:47:20.058958+00:00
[2024-11-28T09:47:20.075+0000] {processor.py:176} INFO - Processing /home/airflow/.local/lib/python3.7/site-packages/airflow/example_dags/example_short_circuit_decorator.py took 0.223 seconds
[2024-11-28T09:47:50.594+0000] {processor.py:154} INFO - Started process (PID=101) to work on /home/airflow/.local/lib/python3.7/site-packages/airflow/example_dags/example_short_circuit_decorator.py
[2024-11-28T09:47:50.595+0000] {processor.py:756} INFO - Processing file /home/airflow/.local/lib/python3.7/site-packages/airflow/example_dags/example_short_circuit_decorator.py for tasks to queue
[2024-11-28T09:47:50.596+0000] {logging_mixin.py:120} INFO - [2024-11-28T09:47:50.596+0000] {dagbag.py:537} INFO - Filling up the DagBag from /home/airflow/.local/lib/python3.7/site-packages/airflow/example_dags/example_short_circuit_decorator.py
[2024-11-28T09:47:50.626+0000] {processor.py:766} INFO - DAG(s) dict_keys(['example_short_circuit_decorator']) retrieved from /home/airflow/.local/lib/python3.7/site-packages/airflow/example_dags/example_short_circuit_decorator.py
[2024-11-28T09:47:50.658+0000] {logging_mixin.py:120} INFO - [2024-11-28T09:47:50.658+0000] {dag.py:2585} INFO - Sync 1 DAGs
[2024-11-28T09:47:50.675+0000] {logging_mixin.py:120} INFO - [2024-11-28T09:47:50.675+0000] {dag.py:3340} INFO - Setting next_dagrun for example_short_circuit_decorator to 2024-11-27T09:47:50.675067+00:00, run_after=2024-11-28T09:47:50.675067+00:00
[2024-11-28T09:47:50.686+0000] {processor.py:176} INFO - Processing /home/airflow/.local/lib/python3.7/site-packages/airflow/example_dags/example_short_circuit_decorator.py took 0.096 seconds
[2024-11-28T09:48:21.511+0000] {processor.py:154} INFO - Started process (PID=164) to work on /home/airflow/.local/lib/python3.7/site-packages/airflow/example_dags/example_short_circuit_decorator.py
[2024-11-28T09:48:21.512+0000] {processor.py:756} INFO - Processing file /home/airflow/.local/lib/python3.7/site-packages/airflow/example_dags/example_short_circuit_decorator.py for tasks to queue
[2024-11-28T09:48:21.513+0000] {logging_mixin.py:120} INFO - [2024-11-28T09:48:21.513+0000] {dagbag.py:537} INFO - Filling up the DagBag from /home/airflow/.local/lib/python3.7/site-packages/airflow/example_dags/example_short_circuit_decorator.py
[2024-11-28T09:48:21.563+0000] {processor.py:766} INFO - DAG(s) dict_keys(['example_short_circuit_decorator']) retrieved from /home/airflow/.local/lib/python3.7/site-packages/airflow/example_dags/example_short_circuit_decorator.py
[2024-11-28T09:48:21.677+0000] {logging_mixin.py:120} INFO - [2024-11-28T09:48:21.677+0000] {dag.py:2585} INFO - Sync 1 DAGs
[2024-11-28T09:48:21.729+0000] {logging_mixin.py:120} INFO - [2024-11-28T09:48:21.728+0000] {dag.py:3340} INFO - Setting next_dagrun for example_short_circuit_decorator to 2024-11-27T09:48:21.728370+00:00, run_after=2024-11-28T09:48:21.728370+00:00
[2024-11-28T09:48:21.785+0000] {processor.py:176} INFO - Processing /home/airflow/.local/lib/python3.7/site-packages/airflow/example_dags/example_short_circuit_decorator.py took 0.282 seconds
[2024-11-28T09:48:52.631+0000] {processor.py:154} INFO - Started process (PID=227) to work on /home/airflow/.local/lib/python3.7/site-packages/airflow/example_dags/example_short_circuit_decorator.py
[2024-11-28T09:48:52.633+0000] {processor.py:756} INFO - Processing file /home/airflow/.local/lib/python3.7/site-packages/airflow/example_dags/example_short_circuit_decorator.py for tasks to queue
[2024-11-28T09:48:52.635+0000] {logging_mixin.py:120} INFO - [2024-11-28T09:48:52.634+0000] {dagbag.py:537} INFO - Filling up the DagBag from /home/airflow/.local/lib/python3.7/site-packages/airflow/example_dags/example_short_circuit_decorator.py
[2024-11-28T09:48:52.663+0000] {processor.py:766} INFO - DAG(s) dict_keys(['example_short_circuit_decorator']) retrieved from /home/airflow/.local/lib/python3.7/site-packages/airflow/example_dags/example_short_circuit_decorator.py
[2024-11-28T09:48:52.787+0000] {logging_mixin.py:120} INFO - [2024-11-28T09:48:52.787+0000] {dag.py:2585} INFO - Sync 1 DAGs
[2024-11-28T09:48:52.807+0000] {logging_mixin.py:120} INFO - [2024-11-28T09:48:52.806+0000] {dag.py:3340} INFO - Setting next_dagrun for example_short_circuit_decorator to 2024-11-27T09:48:52.806614+00:00, run_after=2024-11-28T09:48:52.806614+00:00
[2024-11-28T09:48:52.820+0000] {processor.py:176} INFO - Processing /home/airflow/.local/lib/python3.7/site-packages/airflow/example_dags/example_short_circuit_decorator.py took 0.193 seconds
[2024-11-28T09:49:23.754+0000] {processor.py:154} INFO - Started process (PID=281) to work on /home/airflow/.local/lib/python3.7/site-packages/airflow/example_dags/example_short_circuit_decorator.py
[2024-11-28T09:49:23.755+0000] {processor.py:756} INFO - Processing file /home/airflow/.local/lib/python3.7/site-packages/airflow/example_dags/example_short_circuit_decorator.py for tasks to queue
[2024-11-28T09:49:23.757+0000] {logging_mixin.py:120} INFO - [2024-11-28T09:49:23.757+0000] {dagbag.py:537} INFO - Filling up the DagBag from /home/airflow/.local/lib/python3.7/site-packages/airflow/example_dags/example_short_circuit_decorator.py
[2024-11-28T09:49:23.804+0000] {processor.py:766} INFO - DAG(s) dict_keys(['example_short_circuit_decorator']) retrieved from /home/airflow/.local/lib/python3.7/site-packages/airflow/example_dags/example_short_circuit_decorator.py
[2024-11-28T09:49:23.832+0000] {logging_mixin.py:120} INFO - [2024-11-28T09:49:23.831+0000] {dag.py:2585} INFO - Sync 1 DAGs
[2024-11-28T09:49:23.851+0000] {logging_mixin.py:120} INFO - [2024-11-28T09:49:23.851+0000] {dag.py:3340} INFO - Setting next_dagrun for example_short_circuit_decorator to 2024-11-27T09:49:23.850942+00:00, run_after=2024-11-28T09:49:23.850942+00:00
[2024-11-28T09:49:23.881+0000] {processor.py:176} INFO - Processing /home/airflow/.local/lib/python3.7/site-packages/airflow/example_dags/example_short_circuit_decorator.py took 0.132 seconds
[2024-11-28T09:49:54.795+0000] {processor.py:154} INFO - Started process (PID=344) to work on /home/airflow/.local/lib/python3.7/site-packages/airflow/example_dags/example_short_circuit_decorator.py
[2024-11-28T09:49:54.796+0000] {processor.py:756} INFO - Processing file /home/airflow/.local/lib/python3.7/site-packages/airflow/example_dags/example_short_circuit_decorator.py for tasks to queue
[2024-11-28T09:49:54.797+0000] {logging_mixin.py:120} INFO - [2024-11-28T09:49:54.797+0000] {dagbag.py:537} INFO - Filling up the DagBag from /home/airflow/.local/lib/python3.7/site-packages/airflow/example_dags/example_short_circuit_decorator.py
[2024-11-28T09:49:54.837+0000] {processor.py:766} INFO - DAG(s) dict_keys(['example_short_circuit_decorator']) retrieved from /home/airflow/.local/lib/python3.7/site-packages/airflow/example_dags/example_short_circuit_decorator.py
[2024-11-28T09:49:54.879+0000] {logging_mixin.py:120} INFO - [2024-11-28T09:49:54.879+0000] {dag.py:2585} INFO - Sync 1 DAGs
[2024-11-28T09:49:54.897+0000] {logging_mixin.py:120} INFO - [2024-11-28T09:49:54.897+0000] {dag.py:3340} INFO - Setting next_dagrun for example_short_circuit_decorator to 2024-11-27T09:49:54.897619+00:00, run_after=2024-11-28T09:49:54.897619+00:00
[2024-11-28T09:49:54.915+0000] {processor.py:176} INFO - Processing /home/airflow/.local/lib/python3.7/site-packages/airflow/example_dags/example_short_circuit_decorator.py took 0.125 seconds
