[2024-11-28T09:47:20.227+0000] {processor.py:154} INFO - Started process (PID=41) to work on /home/airflow/.local/lib/python3.7/site-packages/airflow/example_dags/tutorial.py
[2024-11-28T09:47:20.228+0000] {processor.py:756} INFO - Processing file /home/airflow/.local/lib/python3.7/site-packages/airflow/example_dags/tutorial.py for tasks to queue
[2024-11-28T09:47:20.229+0000] {logging_mixin.py:120} INFO - [2024-11-28T09:47:20.229+0000] {dagbag.py:537} INFO - Filling up the DagBag from /home/airflow/.local/lib/python3.7/site-packages/airflow/example_dags/tutorial.py
[2024-11-28T09:47:20.239+0000] {processor.py:766} INFO - DAG(s) dict_keys(['tutorial']) retrieved from /home/airflow/.local/lib/python3.7/site-packages/airflow/example_dags/tutorial.py
[2024-11-28T09:47:20.308+0000] {logging_mixin.py:120} INFO - [2024-11-28T09:47:20.308+0000] {manager.py:507} INFO - Created Permission View: can edit on DAG:tutorial
[2024-11-28T09:47:20.315+0000] {logging_mixin.py:120} INFO - [2024-11-28T09:47:20.315+0000] {manager.py:507} INFO - Created Permission View: can read on DAG:tutorial
[2024-11-28T09:47:20.321+0000] {logging_mixin.py:120} INFO - [2024-11-28T09:47:20.321+0000] {manager.py:507} INFO - Created Permission View: can delete on DAG:tutorial
[2024-11-28T09:47:20.321+0000] {logging_mixin.py:120} INFO - [2024-11-28T09:47:20.321+0000] {dag.py:2585} INFO - Sync 1 DAGs
[2024-11-28T09:47:20.329+0000] {logging_mixin.py:120} INFO - [2024-11-28T09:47:20.329+0000] {dag.py:2606} INFO - Creating ORM DAG for tutorial
[2024-11-28T09:47:20.336+0000] {logging_mixin.py:120} INFO - [2024-11-28T09:47:20.336+0000] {dag.py:3340} INFO - Setting next_dagrun for tutorial to 2024-11-27T09:47:20.336317+00:00, run_after=2024-11-28T09:47:20.336317+00:00
[2024-11-28T09:47:20.351+0000] {processor.py:176} INFO - Processing /home/airflow/.local/lib/python3.7/site-packages/airflow/example_dags/tutorial.py took 0.126 seconds
[2024-11-28T09:47:50.788+0000] {processor.py:154} INFO - Started process (PID=104) to work on /home/airflow/.local/lib/python3.7/site-packages/airflow/example_dags/tutorial.py
[2024-11-28T09:47:50.793+0000] {processor.py:756} INFO - Processing file /home/airflow/.local/lib/python3.7/site-packages/airflow/example_dags/tutorial.py for tasks to queue
[2024-11-28T09:47:50.794+0000] {logging_mixin.py:120} INFO - [2024-11-28T09:47:50.794+0000] {dagbag.py:537} INFO - Filling up the DagBag from /home/airflow/.local/lib/python3.7/site-packages/airflow/example_dags/tutorial.py
[2024-11-28T09:47:50.803+0000] {processor.py:766} INFO - DAG(s) dict_keys(['tutorial']) retrieved from /home/airflow/.local/lib/python3.7/site-packages/airflow/example_dags/tutorial.py
[2024-11-28T09:47:50.831+0000] {logging_mixin.py:120} INFO - [2024-11-28T09:47:50.831+0000] {dag.py:2585} INFO - Sync 1 DAGs
[2024-11-28T09:47:50.845+0000] {logging_mixin.py:120} INFO - [2024-11-28T09:47:50.845+0000] {dag.py:3340} INFO - Setting next_dagrun for tutorial to 2024-11-27T09:47:50.845751+00:00, run_after=2024-11-28T09:47:50.845751+00:00
[2024-11-28T09:47:50.860+0000] {processor.py:176} INFO - Processing /home/airflow/.local/lib/python3.7/site-packages/airflow/example_dags/tutorial.py took 0.075 seconds
[2024-11-28T09:48:22.073+0000] {processor.py:154} INFO - Started process (PID=167) to work on /home/airflow/.local/lib/python3.7/site-packages/airflow/example_dags/tutorial.py
[2024-11-28T09:48:22.075+0000] {processor.py:756} INFO - Processing file /home/airflow/.local/lib/python3.7/site-packages/airflow/example_dags/tutorial.py for tasks to queue
[2024-11-28T09:48:22.078+0000] {logging_mixin.py:120} INFO - [2024-11-28T09:48:22.078+0000] {dagbag.py:537} INFO - Filling up the DagBag from /home/airflow/.local/lib/python3.7/site-packages/airflow/example_dags/tutorial.py
[2024-11-28T09:48:22.097+0000] {processor.py:766} INFO - DAG(s) dict_keys(['tutorial']) retrieved from /home/airflow/.local/lib/python3.7/site-packages/airflow/example_dags/tutorial.py
[2024-11-28T09:48:22.153+0000] {logging_mixin.py:120} INFO - [2024-11-28T09:48:22.153+0000] {dag.py:2585} INFO - Sync 1 DAGs
[2024-11-28T09:48:22.200+0000] {logging_mixin.py:120} INFO - [2024-11-28T09:48:22.200+0000] {dag.py:3340} INFO - Setting next_dagrun for tutorial to 2024-11-27T09:48:22.200323+00:00, run_after=2024-11-28T09:48:22.200323+00:00
[2024-11-28T09:48:22.227+0000] {processor.py:176} INFO - Processing /home/airflow/.local/lib/python3.7/site-packages/airflow/example_dags/tutorial.py took 0.158 seconds
[2024-11-28T09:48:52.931+0000] {processor.py:154} INFO - Started process (PID=230) to work on /home/airflow/.local/lib/python3.7/site-packages/airflow/example_dags/tutorial.py
[2024-11-28T09:48:52.932+0000] {processor.py:756} INFO - Processing file /home/airflow/.local/lib/python3.7/site-packages/airflow/example_dags/tutorial.py for tasks to queue
[2024-11-28T09:48:52.933+0000] {logging_mixin.py:120} INFO - [2024-11-28T09:48:52.933+0000] {dagbag.py:537} INFO - Filling up the DagBag from /home/airflow/.local/lib/python3.7/site-packages/airflow/example_dags/tutorial.py
[2024-11-28T09:48:52.944+0000] {processor.py:766} INFO - DAG(s) dict_keys(['tutorial']) retrieved from /home/airflow/.local/lib/python3.7/site-packages/airflow/example_dags/tutorial.py
[2024-11-28T09:48:52.974+0000] {logging_mixin.py:120} INFO - [2024-11-28T09:48:52.973+0000] {dag.py:2585} INFO - Sync 1 DAGs
[2024-11-28T09:48:52.991+0000] {logging_mixin.py:120} INFO - [2024-11-28T09:48:52.990+0000] {dag.py:3340} INFO - Setting next_dagrun for tutorial to 2024-11-27T09:48:52.990705+00:00, run_after=2024-11-28T09:48:52.990705+00:00
[2024-11-28T09:48:53.016+0000] {processor.py:176} INFO - Processing /home/airflow/.local/lib/python3.7/site-packages/airflow/example_dags/tutorial.py took 0.087 seconds
[2024-11-28T09:49:23.959+0000] {processor.py:154} INFO - Started process (PID=284) to work on /home/airflow/.local/lib/python3.7/site-packages/airflow/example_dags/tutorial.py
[2024-11-28T09:49:23.962+0000] {processor.py:756} INFO - Processing file /home/airflow/.local/lib/python3.7/site-packages/airflow/example_dags/tutorial.py for tasks to queue
[2024-11-28T09:49:23.965+0000] {logging_mixin.py:120} INFO - [2024-11-28T09:49:23.965+0000] {dagbag.py:537} INFO - Filling up the DagBag from /home/airflow/.local/lib/python3.7/site-packages/airflow/example_dags/tutorial.py
[2024-11-28T09:49:23.974+0000] {processor.py:766} INFO - DAG(s) dict_keys(['tutorial']) retrieved from /home/airflow/.local/lib/python3.7/site-packages/airflow/example_dags/tutorial.py
[2024-11-28T09:49:23.992+0000] {logging_mixin.py:120} INFO - [2024-11-28T09:49:23.992+0000] {dag.py:2585} INFO - Sync 1 DAGs
[2024-11-28T09:49:24.007+0000] {logging_mixin.py:120} INFO - [2024-11-28T09:49:24.007+0000] {dag.py:3340} INFO - Setting next_dagrun for tutorial to 2024-11-27T09:49:24.007522+00:00, run_after=2024-11-28T09:49:24.007522+00:00
[2024-11-28T09:49:24.022+0000] {processor.py:176} INFO - Processing /home/airflow/.local/lib/python3.7/site-packages/airflow/example_dags/tutorial.py took 0.065 seconds
[2024-11-28T09:49:55.004+0000] {processor.py:154} INFO - Started process (PID=347) to work on /home/airflow/.local/lib/python3.7/site-packages/airflow/example_dags/tutorial.py
[2024-11-28T09:49:55.006+0000] {processor.py:756} INFO - Processing file /home/airflow/.local/lib/python3.7/site-packages/airflow/example_dags/tutorial.py for tasks to queue
[2024-11-28T09:49:55.007+0000] {logging_mixin.py:120} INFO - [2024-11-28T09:49:55.007+0000] {dagbag.py:537} INFO - Filling up the DagBag from /home/airflow/.local/lib/python3.7/site-packages/airflow/example_dags/tutorial.py
[2024-11-28T09:49:55.020+0000] {processor.py:766} INFO - DAG(s) dict_keys(['tutorial']) retrieved from /home/airflow/.local/lib/python3.7/site-packages/airflow/example_dags/tutorial.py
[2024-11-28T09:49:55.050+0000] {logging_mixin.py:120} INFO - [2024-11-28T09:49:55.050+0000] {dag.py:2585} INFO - Sync 1 DAGs
[2024-11-28T09:49:55.063+0000] {logging_mixin.py:120} INFO - [2024-11-28T09:49:55.063+0000] {dag.py:3340} INFO - Setting next_dagrun for tutorial to 2024-11-27T09:49:55.063633+00:00, run_after=2024-11-28T09:49:55.063633+00:00
[2024-11-28T09:49:55.076+0000] {processor.py:176} INFO - Processing /home/airflow/.local/lib/python3.7/site-packages/airflow/example_dags/tutorial.py took 0.074 seconds
