[2024-11-28T09:47:22.594+0000] {processor.py:154} INFO - Started process (PID=55) to work on /home/airflow/.local/lib/python3.7/site-packages/airflow/example_dags/tutorial_dag.py
[2024-11-28T09:47:22.595+0000] {processor.py:756} INFO - Processing file /home/airflow/.local/lib/python3.7/site-packages/airflow/example_dags/tutorial_dag.py for tasks to queue
[2024-11-28T09:47:22.596+0000] {logging_mixin.py:120} INFO - [2024-11-28T09:47:22.595+0000] {dagbag.py:537} INFO - Filling up the DagBag from /home/airflow/.local/lib/python3.7/site-packages/airflow/example_dags/tutorial_dag.py
[2024-11-28T09:47:22.608+0000] {processor.py:766} INFO - DAG(s) dict_keys(['tutorial_dag']) retrieved from /home/airflow/.local/lib/python3.7/site-packages/airflow/example_dags/tutorial_dag.py
[2024-11-28T09:47:22.701+0000] {logging_mixin.py:120} INFO - [2024-11-28T09:47:22.701+0000] {manager.py:507} INFO - Created Permission View: can edit on DAG:tutorial_dag
[2024-11-28T09:47:22.714+0000] {logging_mixin.py:120} INFO - [2024-11-28T09:47:22.713+0000] {manager.py:507} INFO - Created Permission View: can read on DAG:tutorial_dag
[2024-11-28T09:47:22.723+0000] {logging_mixin.py:120} INFO - [2024-11-28T09:47:22.723+0000] {manager.py:507} INFO - Created Permission View: can delete on DAG:tutorial_dag
[2024-11-28T09:47:22.723+0000] {logging_mixin.py:120} INFO - [2024-11-28T09:47:22.723+0000] {dag.py:2585} INFO - Sync 1 DAGs
[2024-11-28T09:47:22.737+0000] {logging_mixin.py:120} INFO - [2024-11-28T09:47:22.736+0000] {dag.py:2606} INFO - Creating ORM DAG for tutorial_dag
[2024-11-28T09:47:22.749+0000] {logging_mixin.py:120} INFO - [2024-11-28T09:47:22.749+0000] {dag.py:3340} INFO - Setting next_dagrun for tutorial_dag to None, run_after=None
[2024-11-28T09:47:22.767+0000] {processor.py:176} INFO - Processing /home/airflow/.local/lib/python3.7/site-packages/airflow/example_dags/tutorial_dag.py took 0.176 seconds
[2024-11-28T09:47:53.570+0000] {processor.py:154} INFO - Started process (PID=118) to work on /home/airflow/.local/lib/python3.7/site-packages/airflow/example_dags/tutorial_dag.py
[2024-11-28T09:47:53.571+0000] {processor.py:756} INFO - Processing file /home/airflow/.local/lib/python3.7/site-packages/airflow/example_dags/tutorial_dag.py for tasks to queue
[2024-11-28T09:47:53.571+0000] {logging_mixin.py:120} INFO - [2024-11-28T09:47:53.571+0000] {dagbag.py:537} INFO - Filling up the DagBag from /home/airflow/.local/lib/python3.7/site-packages/airflow/example_dags/tutorial_dag.py
[2024-11-28T09:47:53.579+0000] {processor.py:766} INFO - DAG(s) dict_keys(['tutorial_dag']) retrieved from /home/airflow/.local/lib/python3.7/site-packages/airflow/example_dags/tutorial_dag.py
[2024-11-28T09:47:53.598+0000] {logging_mixin.py:120} INFO - [2024-11-28T09:47:53.598+0000] {dag.py:2585} INFO - Sync 1 DAGs
[2024-11-28T09:47:53.609+0000] {logging_mixin.py:120} INFO - [2024-11-28T09:47:53.609+0000] {dag.py:3340} INFO - Setting next_dagrun for tutorial_dag to None, run_after=None
[2024-11-28T09:47:53.618+0000] {processor.py:176} INFO - Processing /home/airflow/.local/lib/python3.7/site-packages/airflow/example_dags/tutorial_dag.py took 0.049 seconds
[2024-11-28T09:48:24.471+0000] {processor.py:154} INFO - Started process (PID=181) to work on /home/airflow/.local/lib/python3.7/site-packages/airflow/example_dags/tutorial_dag.py
[2024-11-28T09:48:24.471+0000] {processor.py:756} INFO - Processing file /home/airflow/.local/lib/python3.7/site-packages/airflow/example_dags/tutorial_dag.py for tasks to queue
[2024-11-28T09:48:24.472+0000] {logging_mixin.py:120} INFO - [2024-11-28T09:48:24.472+0000] {dagbag.py:537} INFO - Filling up the DagBag from /home/airflow/.local/lib/python3.7/site-packages/airflow/example_dags/tutorial_dag.py
[2024-11-28T09:48:24.481+0000] {processor.py:766} INFO - DAG(s) dict_keys(['tutorial_dag']) retrieved from /home/airflow/.local/lib/python3.7/site-packages/airflow/example_dags/tutorial_dag.py
[2024-11-28T09:48:24.510+0000] {logging_mixin.py:120} INFO - [2024-11-28T09:48:24.510+0000] {dag.py:2585} INFO - Sync 1 DAGs
[2024-11-28T09:48:24.526+0000] {logging_mixin.py:120} INFO - [2024-11-28T09:48:24.526+0000] {dag.py:3340} INFO - Setting next_dagrun for tutorial_dag to None, run_after=None
[2024-11-28T09:48:24.541+0000] {processor.py:176} INFO - Processing /home/airflow/.local/lib/python3.7/site-packages/airflow/example_dags/tutorial_dag.py took 0.073 seconds
[2024-11-28T09:48:54.787+0000] {processor.py:154} INFO - Started process (PID=244) to work on /home/airflow/.local/lib/python3.7/site-packages/airflow/example_dags/tutorial_dag.py
[2024-11-28T09:48:54.788+0000] {processor.py:756} INFO - Processing file /home/airflow/.local/lib/python3.7/site-packages/airflow/example_dags/tutorial_dag.py for tasks to queue
[2024-11-28T09:48:54.788+0000] {logging_mixin.py:120} INFO - [2024-11-28T09:48:54.788+0000] {dagbag.py:537} INFO - Filling up the DagBag from /home/airflow/.local/lib/python3.7/site-packages/airflow/example_dags/tutorial_dag.py
[2024-11-28T09:48:54.797+0000] {processor.py:766} INFO - DAG(s) dict_keys(['tutorial_dag']) retrieved from /home/airflow/.local/lib/python3.7/site-packages/airflow/example_dags/tutorial_dag.py
[2024-11-28T09:48:54.823+0000] {logging_mixin.py:120} INFO - [2024-11-28T09:48:54.823+0000] {dag.py:2585} INFO - Sync 1 DAGs
[2024-11-28T09:48:54.835+0000] {logging_mixin.py:120} INFO - [2024-11-28T09:48:54.835+0000] {dag.py:3340} INFO - Setting next_dagrun for tutorial_dag to None, run_after=None
[2024-11-28T09:48:54.847+0000] {processor.py:176} INFO - Processing /home/airflow/.local/lib/python3.7/site-packages/airflow/example_dags/tutorial_dag.py took 0.062 seconds
[2024-11-28T09:49:25.662+0000] {processor.py:154} INFO - Started process (PID=307) to work on /home/airflow/.local/lib/python3.7/site-packages/airflow/example_dags/tutorial_dag.py
[2024-11-28T09:49:25.663+0000] {processor.py:756} INFO - Processing file /home/airflow/.local/lib/python3.7/site-packages/airflow/example_dags/tutorial_dag.py for tasks to queue
[2024-11-28T09:49:25.663+0000] {logging_mixin.py:120} INFO - [2024-11-28T09:49:25.663+0000] {dagbag.py:537} INFO - Filling up the DagBag from /home/airflow/.local/lib/python3.7/site-packages/airflow/example_dags/tutorial_dag.py
[2024-11-28T09:49:25.670+0000] {processor.py:766} INFO - DAG(s) dict_keys(['tutorial_dag']) retrieved from /home/airflow/.local/lib/python3.7/site-packages/airflow/example_dags/tutorial_dag.py
[2024-11-28T09:49:25.684+0000] {logging_mixin.py:120} INFO - [2024-11-28T09:49:25.684+0000] {dag.py:2585} INFO - Sync 1 DAGs
[2024-11-28T09:49:25.697+0000] {logging_mixin.py:120} INFO - [2024-11-28T09:49:25.697+0000] {dag.py:3340} INFO - Setting next_dagrun for tutorial_dag to None, run_after=None
[2024-11-28T09:49:25.708+0000] {processor.py:176} INFO - Processing /home/airflow/.local/lib/python3.7/site-packages/airflow/example_dags/tutorial_dag.py took 0.048 seconds
[2024-11-28T09:49:55.762+0000] {processor.py:154} INFO - Started process (PID=361) to work on /home/airflow/.local/lib/python3.7/site-packages/airflow/example_dags/tutorial_dag.py
[2024-11-28T09:49:55.766+0000] {processor.py:756} INFO - Processing file /home/airflow/.local/lib/python3.7/site-packages/airflow/example_dags/tutorial_dag.py for tasks to queue
[2024-11-28T09:49:55.767+0000] {logging_mixin.py:120} INFO - [2024-11-28T09:49:55.767+0000] {dagbag.py:537} INFO - Filling up the DagBag from /home/airflow/.local/lib/python3.7/site-packages/airflow/example_dags/tutorial_dag.py
[2024-11-28T09:49:55.775+0000] {processor.py:766} INFO - DAG(s) dict_keys(['tutorial_dag']) retrieved from /home/airflow/.local/lib/python3.7/site-packages/airflow/example_dags/tutorial_dag.py
[2024-11-28T09:49:55.810+0000] {logging_mixin.py:120} INFO - [2024-11-28T09:49:55.810+0000] {dag.py:2585} INFO - Sync 1 DAGs
[2024-11-28T09:49:55.823+0000] {logging_mixin.py:120} INFO - [2024-11-28T09:49:55.823+0000] {dag.py:3340} INFO - Setting next_dagrun for tutorial_dag to None, run_after=None
[2024-11-28T09:49:55.834+0000] {processor.py:176} INFO - Processing /home/airflow/.local/lib/python3.7/site-packages/airflow/example_dags/tutorial_dag.py took 0.074 seconds
