[2024-11-28T10:00:10.450+0000] {taskinstance.py:1165} INFO - Dependencies all met for <TaskInstance: tutorial.templated scheduled__2024-11-25T00:00:00+00:00 [queued]>
[2024-11-28T10:00:10.460+0000] {taskinstance.py:1165} INFO - Dependencies all met for <TaskInstance: tutorial.templated scheduled__2024-11-25T00:00:00+00:00 [queued]>
[2024-11-28T10:00:10.460+0000] {taskinstance.py:1362} INFO - 
--------------------------------------------------------------------------------
[2024-11-28T10:00:10.466+0000] {taskinstance.py:1363} INFO - Starting attempt 1 of 2
[2024-11-28T10:00:10.473+0000] {taskinstance.py:1364} INFO - 
--------------------------------------------------------------------------------
[2024-11-28T10:00:10.486+0000] {taskinstance.py:1383} INFO - Executing <Task(BashOperator): templated> on 2024-11-25 00:00:00+00:00
[2024-11-28T10:00:10.491+0000] {standard_task_runner.py:55} INFO - Started process 144 to run task
[2024-11-28T10:00:10.495+0000] {standard_task_runner.py:82} INFO - Running: ['***', 'tasks', 'run', 'tutorial', 'templated', 'scheduled__2024-11-25T00:00:00+00:00', '--job-id', '32', '--raw', '--subdir', 'DAGS_FOLDER/tuto.py', '--cfg-path', '/tmp/tmpw2a2shim']
[2024-11-28T10:00:10.495+0000] {standard_task_runner.py:83} INFO - Job 32: Subtask templated
[2024-11-28T10:00:10.559+0000] {task_command.py:376} INFO - Running <TaskInstance: tutorial.templated scheduled__2024-11-25T00:00:00+00:00 [running]> on host 9b39abdef527
[2024-11-28T10:00:10.634+0000] {taskinstance.py:1592} INFO - Exporting the following env vars:
AIRFLOW_CTX_DAG_EMAIL=***@***.com
AIRFLOW_CTX_DAG_OWNER=***
AIRFLOW_CTX_DAG_ID=tutorial
AIRFLOW_CTX_TASK_ID=templated
AIRFLOW_CTX_EXECUTION_DATE=2024-11-25T00:00:00+00:00
AIRFLOW_CTX_TRY_NUMBER=1
AIRFLOW_CTX_DAG_RUN_ID=scheduled__2024-11-25T00:00:00+00:00
[2024-11-28T10:00:10.635+0000] {subprocess.py:63} INFO - Tmp dir root location: 
 /tmp
[2024-11-28T10:00:10.635+0000] {subprocess.py:75} INFO - Running command: ['/bin/bash', '-c', '\n    \n        echo "2024-11-25"\n        echo "2024-12-02"\n        echo "Parameter I passed in"\n    \n        echo "2024-11-25"\n        echo "2024-12-02"\n        echo "Parameter I passed in"\n    \n        echo "2024-11-25"\n        echo "2024-12-02"\n        echo "Parameter I passed in"\n    \n        echo "2024-11-25"\n        echo "2024-12-02"\n        echo "Parameter I passed in"\n    \n        echo "2024-11-25"\n        echo "2024-12-02"\n        echo "Parameter I passed in"\n    ']
[2024-11-28T10:00:10.650+0000] {subprocess.py:86} INFO - Output:
[2024-11-28T10:00:10.651+0000] {subprocess.py:93} INFO - 2024-11-25
[2024-11-28T10:00:10.652+0000] {subprocess.py:93} INFO - 2024-12-02
[2024-11-28T10:00:10.652+0000] {subprocess.py:93} INFO - Parameter I passed in
[2024-11-28T10:00:10.656+0000] {subprocess.py:93} INFO - 2024-11-25
[2024-11-28T10:00:10.656+0000] {subprocess.py:93} INFO - 2024-12-02
[2024-11-28T10:00:10.657+0000] {subprocess.py:93} INFO - Parameter I passed in
[2024-11-28T10:00:10.658+0000] {subprocess.py:93} INFO - 2024-11-25
[2024-11-28T10:00:10.659+0000] {subprocess.py:93} INFO - 2024-12-02
[2024-11-28T10:00:10.662+0000] {subprocess.py:93} INFO - Parameter I passed in
[2024-11-28T10:00:10.663+0000] {subprocess.py:93} INFO - 2024-11-25
[2024-11-28T10:00:10.663+0000] {subprocess.py:93} INFO - 2024-12-02
[2024-11-28T10:00:10.664+0000] {subprocess.py:93} INFO - Parameter I passed in
[2024-11-28T10:00:10.664+0000] {subprocess.py:93} INFO - 2024-11-25
[2024-11-28T10:00:10.664+0000] {subprocess.py:93} INFO - 2024-12-02
[2024-11-28T10:00:10.665+0000] {subprocess.py:93} INFO - Parameter I passed in
[2024-11-28T10:00:10.665+0000] {subprocess.py:97} INFO - Command exited with return code 0
[2024-11-28T10:00:10.684+0000] {taskinstance.py:1406} INFO - Marking task as SUCCESS. dag_id=tutorial, task_id=templated, execution_date=20241125T000000, start_date=20241128T100010, end_date=20241128T100010
[2024-11-28T10:00:10.715+0000] {local_task_job.py:164} INFO - Task exited with return code 0
[2024-11-28T10:00:10.737+0000] {local_task_job.py:273} INFO - 0 downstream tasks scheduled from follow-on schedule check
